Carregando dataset preparado...
Amostras: 11000000, Features: 28
Treino: 8803090, Teste: 2196910
Batch size: 32768
Batches treino: 269, teste: 68
Topologia: [28, 256, 128, 1]

Treinando 100 epochs com lr=0.01...
Epoch 100/100 concluida

--- Resultados finais ---
Acuracia (treino) : 62.77%
Acuracia (teste)  : 62.75%
Precisao : 0.6284
Recall   : 0.7261
F1-Score : 0.6737
Matriz:
  Real 0: TN=533476  FP=499644
  Real 1: FN=318773  TP=845017
Tempo treino: 652.346s

--- Tempos internos do backpropagation ---
Preparacao do dataset: count=1 total=3.637 ms avg=3.637 ms min=3.637 ms max=3.637 ms
Materializacao dos batches: count=1 total=1.759 ms avg=1.759 ms min=1.759 ms max=1.759 ms
Inicializacao do modelo: count=1 total=322.348 ms avg=322.348 ms min=322.348 ms max=322.348 ms
Leitura de batch de treino: count=26900 total=39259.659 ms avg=1.459 ms min=0.761 ms max=7.014 ms
Treino por epoca: count=100 total=652344.908 ms avg=6523.449 ms min=6507.296 ms max=6542.814 ms
Treino por batch: count=26900 total=650922.178 ms avg=24.198 ms min=15.426 ms max=27.114 ms
Transferencia CPU/GPU no treino: count=26900 total=20168.569 ms avg=0.75 ms min=0.49 ms max=1.958 ms
Processamento GPU no treino: count=26900 total=629011.819 ms avg=23.383 ms min=14.849 ms max=25.341 ms
Leitura de batch de predicao: count=337 total=2968.625 ms avg=8.809 ms min=0.684 ms max=16.168 ms
Predicao por batch: count=337 total=2171.371 ms avg=6.443 ms min=0.4 ms max=20.758 ms
Transferencia CPU/GPU na predicao: count=337 total=255.098 ms avg=0.757 ms min=0.059 ms max=1.043 ms
Processamento GPU na predicao: count=337 total=1108.42 ms avg=3.289 ms min=0.187 ms max=3.411 ms
Transferencia GPU/CPU na predicao: count=337 total=71.124 ms avg=0.211 ms min=0.018 ms max=0.275 ms
