Carregando dataset preparado...
Amostras: 11000000, Features: 28
Treino: 8803090, Teste: 2196910
Batch size: 32768
Batches treino: 269, teste: 68
Topologia: [28, 256, 128, 1]

Treinando 100 epochs com lr=0.01...
Epoch 100/100 concluida

--- Resultados finais ---
Acuracia (treino) : 62.77%
Acuracia (teste)  : 62.75%
Precisao : 0.6284
Recall   : 0.7261
F1-Score : 0.6737
Matriz:
  Real 0: TN=533476  FP=499644
  Real 1: FN=318779  TP=845011
Tempo treino: 654.666s

--- Tempos internos do backpropagation ---
Preparacao do dataset: count=1 total=3.447 ms avg=3.447 ms min=3.447 ms max=3.447 ms
Materializacao dos batches: count=1 total=1.803 ms avg=1.803 ms min=1.803 ms max=1.803 ms
Inicializacao do modelo: count=1 total=328.422 ms avg=328.422 ms min=328.422 ms max=328.422 ms
Leitura de batch de treino: count=26900 total=45354.939 ms avg=1.686 ms min=0.848 ms max=10.986 ms
Treino por epoca: count=100 total=654664.748 ms avg=6546.647 ms min=6528.044 ms max=6634.011 ms
Treino por batch: count=26900 total=652803.678 ms avg=24.268 ms min=15.333 ms max=31.016 ms
Transferencia CPU/GPU no treino: count=26900 total=22064.214 ms avg=0.82 ms min=0.497 ms max=6.981 ms
Processamento GPU no treino: count=26900 total=628202.044 ms avg=23.353 ms min=14.695 ms max=24.875 ms
Leitura de batch de predicao: count=337 total=3056.709 ms avg=9.07 ms min=0.865 ms max=16.406 ms
Predicao por batch: count=337 total=2200.805 ms avg=6.531 ms min=0.498 ms max=15.92 ms
Transferencia CPU/GPU na predicao: count=337 total=284.756 ms avg=0.845 ms min=0.085 ms max=3.343 ms
Processamento GPU na predicao: count=337 total=1105.708 ms avg=3.281 ms min=0.203 ms max=3.459 ms
Transferencia GPU/CPU na predicao: count=337 total=104.907 ms avg=0.311 ms min=0.034 ms max=0.446 ms
