Carregando dataset preparado...
Amostras: 11000000, Features: 28
Treino: 8803090, Teste: 2196910
Batch size: 32768
Batches treino: 269, teste: 68
Topologia: [28, 256, 128, 1]

Treinando 100 epochs com lr=0.01...
Epoch 100/100 concluida

--- Resultados finais ---
Acuracia (treino) : 62.77%
Acuracia (teste)  : 62.75%
Precisao : 0.6284
Recall   : 0.7261
F1-Score : 0.6737
Matriz:
  Real 0: TN=533472  FP=499648
  Real 1: FN=318777  TP=845013
Tempo treino: 654.380s

--- Tempos internos do backpropagation ---
Preparacao do dataset: count=1 total=3.033 ms avg=3.033 ms min=3.033 ms max=3.033 ms
Materializacao dos batches: count=1 total=1.367 ms avg=1.367 ms min=1.367 ms max=1.367 ms
Inicializacao do modelo: count=1 total=379.584 ms avg=379.584 ms min=379.584 ms max=379.584 ms
Leitura de batch de treino: count=26900 total=44838.406 ms avg=1.667 ms min=0.878 ms max=6.083 ms
Treino por epoca: count=100 total=654379.421 ms avg=6543.794 ms min=6521.08 ms max=6616.177 ms
Treino por batch: count=26900 total=652592.114 ms avg=24.26 ms min=15.146 ms max=27.628 ms
Transferencia CPU/GPU no treino: count=26900 total=21658.076 ms avg=0.805 ms min=0.492 ms max=4.027 ms
Processamento GPU no treino: count=26900 total=628754.264 ms avg=23.374 ms min=14.529 ms max=24.636 ms
Leitura de batch de predicao: count=337 total=3109.253 ms avg=9.226 ms min=0.775 ms max=17.779 ms
Predicao por batch: count=337 total=2217.711 ms avg=6.581 ms min=0.489 ms max=21.054 ms
Transferencia CPU/GPU na predicao: count=337 total=286.914 ms avg=0.851 ms min=0.071 ms max=3.312 ms
Processamento GPU na predicao: count=337 total=1103.495 ms avg=3.274 ms min=0.182 ms max=3.42 ms
Transferencia GPU/CPU na predicao: count=337 total=102.433 ms avg=0.304 ms min=0.02 ms max=0.461 ms
