Carregando dataset preparado...
Amostras: 11000000, Features: 28
Treino: 8803090, Teste: 2196910
Batch size: 32768
Batches treino: 269, teste: 68
Topologia: [28, 256, 128, 1]

Treinando 100 epochs com lr=0.01...
Epoch 100/100 concluida

--- Resultados finais ---
Acuracia (treino) : 62.77%
Acuracia (teste)  : 62.75%
Precisao : 0.6284
Recall   : 0.7261
F1-Score : 0.6737
Matriz:
  Real 0: TN=533475  FP=499645
  Real 1: FN=318772  TP=845018
Tempo treino: 655.846s

--- Tempos internos do backpropagation ---
Preparacao do dataset: count=1 total=3.239 ms avg=3.239 ms min=3.239 ms max=3.239 ms
Materializacao dos batches: count=1 total=1.43 ms avg=1.43 ms min=1.43 ms max=1.43 ms
Inicializacao do modelo: count=1 total=329.514 ms avg=329.514 ms min=329.514 ms max=329.514 ms
Leitura de batch de treino: count=26900 total=45554.525 ms avg=1.693 ms min=0.852 ms max=8.766 ms
Treino por epoca: count=100 total=655844.461 ms avg=6558.445 ms min=6526.847 ms max=6891.984 ms
Treino por batch: count=26900 total=654018.875 ms avg=24.313 ms min=15.279 ms max=30.555 ms
Transferencia CPU/GPU no treino: count=26900 total=23225.37 ms avg=0.863 ms min=0.496 ms max=6.732 ms
Processamento GPU no treino: count=26900 total=628537.327 ms avg=23.366 ms min=14.354 ms max=24.885 ms
Leitura de batch de predicao: count=337 total=3140.487 ms avg=9.319 ms min=1.077 ms max=21.366 ms
Predicao por batch: count=337 total=2251.186 ms avg=6.68 ms min=0.414 ms max=22.556 ms
Transferencia CPU/GPU na predicao: count=337 total=326.116 ms avg=0.968 ms min=0.06 ms max=3.245 ms
Processamento GPU na predicao: count=337 total=1104.788 ms avg=3.278 ms min=0.189 ms max=3.617 ms
Transferencia GPU/CPU na predicao: count=337 total=104.88 ms avg=0.311 ms min=0.021 ms max=0.513 ms
