Carregando dataset preparado...
Amostras: 11000000, Features: 28
Treino: 8803090, Teste: 2196910
Batch size: 32768
Batches treino: 269, teste: 68
Topologia: [28, 256, 128, 1]

Treinando 100 epochs com lr=0.01...
Epoch 100/100 concluida

--- Resultados finais ---
Acuracia (treino) : 62.77%
Acuracia (teste)  : 62.75%
Precisao : 0.6284
Recall   : 0.7261
F1-Score : 0.6737
Matriz:
  Real 0: TN=533478  FP=499642
  Real 1: FN=318778  TP=845012
Tempo treino: 652.772s

--- Tempos internos do backpropagation ---
Preparacao do dataset: count=1 total=3.841 ms avg=3.841 ms min=3.841 ms max=3.841 ms
Materializacao dos batches: count=1 total=1.676 ms avg=1.676 ms min=1.676 ms max=1.676 ms
Inicializacao do modelo: count=1 total=357.561 ms avg=357.561 ms min=357.561 ms max=357.561 ms
Leitura de batch de treino: count=26900 total=45849.624 ms avg=1.704 ms min=0.882 ms max=6.988 ms
Treino por epoca: count=100 total=652771.303 ms avg=6527.713 ms min=6510.793 ms max=6640.293 ms
Treino por batch: count=26900 total=650966.178 ms avg=24.199 ms min=15.336 ms max=31.494 ms
Transferencia CPU/GPU no treino: count=26900 total=21318.883 ms avg=0.793 ms min=0.504 ms max=2.975 ms
Processamento GPU no treino: count=26900 total=627537.303 ms avg=23.329 ms min=14.752 ms max=26.902 ms
Leitura de batch de predicao: count=337 total=3154.456 ms avg=9.36 ms min=0.766 ms max=16.095 ms
Predicao por batch: count=337 total=2202.139 ms avg=6.535 ms min=0.435 ms max=18.45 ms
Transferencia CPU/GPU na predicao: count=337 total=304.592 ms avg=0.904 ms min=0.071 ms max=5.735 ms
Processamento GPU na predicao: count=337 total=1110.5 ms avg=3.295 ms min=0.187 ms max=3.534 ms
Transferencia GPU/CPU na predicao: count=337 total=108.074 ms avg=0.321 ms min=0.021 ms max=0.444 ms
