Carregando dataset preparado...
Amostras: 11000000, Features: 28
Treino: 8803090, Teste: 2196910
Batch size: 32768
Batches treino: 269, teste: 68
Topologia: [28, 256, 128, 1]

Treinando 100 epochs com lr=0.01...
Epoch 100/100 concluida

--- Resultados finais ---
Acuracia (treino) : 62.77%
Acuracia (teste)  : 62.75%
Precisao : 0.6284
Recall   : 0.7261
F1-Score : 0.6737
Matriz:
  Real 0: TN=533472  FP=499648
  Real 1: FN=318772  TP=845018
Tempo treino: 656.261s

--- Tempos internos do backpropagation ---
Preparacao do dataset: count=1 total=3.553 ms avg=3.553 ms min=3.553 ms max=3.553 ms
Materializacao dos batches: count=1 total=1.738 ms avg=1.738 ms min=1.738 ms max=1.738 ms
Inicializacao do modelo: count=1 total=322.735 ms avg=322.735 ms min=322.735 ms max=322.735 ms
Leitura de batch de treino: count=26900 total=53562.318 ms avg=1.991 ms min=0.938 ms max=11.387 ms
Treino por epoca: count=100 total=656260.167 ms avg=6562.602 ms min=6521.563 ms max=6630.93 ms
Treino por batch: count=26900 total=654389.299 ms avg=24.327 ms min=15.378 ms max=29.233 ms
Transferencia CPU/GPU no treino: count=26900 total=25468.042 ms avg=0.947 ms min=0.493 ms max=5.958 ms
Processamento GPU no treino: count=26900 total=626590.397 ms avg=23.293 ms min=14.688 ms max=26.505 ms
Leitura de batch de predicao: count=337 total=3180.333 ms avg=9.437 ms min=0.82 ms max=17.667 ms
Predicao por batch: count=337 total=2158.217 ms avg=6.404 ms min=0.447 ms max=15.584 ms
Transferencia CPU/GPU na predicao: count=337 total=297.858 ms avg=0.884 ms min=0.076 ms max=3.611 ms
Processamento GPU na predicao: count=337 total=1107.461 ms avg=3.286 ms min=0.191 ms max=3.442 ms
Transferencia GPU/CPU na predicao: count=337 total=76.785 ms avg=0.228 ms min=0.021 ms max=0.386 ms
