Carregando dataset preparado...
Amostras: 11000000, Features: 28
Treino: 8803090, Teste: 2196910
Batch size: 32768
Batches treino: 269, teste: 68
Topologia: [28, 256, 128, 1]

Treinando 100 epochs com lr=0.01...
Epoch 100/100 concluida

--- Resultados finais ---
Acuracia (treino) : 62.77%
Acuracia (teste)  : 62.75%
Precisao : 0.6284
Recall   : 0.7261
F1-Score : 0.6737
Matriz:
  Real 0: TN=533473  FP=499647
  Real 1: FN=318778  TP=845012
Tempo treino: 656.923s

--- Tempos internos do backpropagation ---
Preparacao do dataset: count=1 total=2.872 ms avg=2.872 ms min=2.872 ms max=2.872 ms
Materializacao dos batches: count=1 total=1.523 ms avg=1.523 ms min=1.523 ms max=1.523 ms
Inicializacao do modelo: count=1 total=320.758 ms avg=320.758 ms min=320.758 ms max=320.758 ms
Leitura de batch de treino: count=26900 total=54018.391 ms avg=2.008 ms min=1.222 ms max=9.002 ms
Treino por epoca: count=100 total=656921.726 ms avg=6569.217 ms min=6554.099 ms max=6673.818 ms
Treino por batch: count=26900 total=655003.045 ms avg=24.35 ms min=15.49 ms max=29.216 ms
Transferencia CPU/GPU no treino: count=26900 total=25174.678 ms avg=0.936 ms min=0.637 ms max=6.036 ms
Processamento GPU no treino: count=26900 total=627509.496 ms avg=23.327 ms min=14.755 ms max=24.85 ms
Leitura de batch de predicao: count=337 total=3134.65 ms avg=9.302 ms min=0.845 ms max=16.108 ms
Predicao por batch: count=337 total=2124.831 ms avg=6.305 ms min=0.415 ms max=18.771 ms
Transferencia CPU/GPU na predicao: count=337 total=281.259 ms avg=0.835 ms min=0.067 ms max=3.917 ms
Processamento GPU na predicao: count=337 total=1104.435 ms avg=3.277 ms min=0.185 ms max=3.423 ms
Transferencia GPU/CPU na predicao: count=337 total=76.477 ms avg=0.227 ms min=0.02 ms max=0.313 ms
