Carregando dataset preparado...
Amostras: 11000000, Features: 28
Treino: 8803090, Teste: 2196910
Batch size: 32768
Batches treino: 269, teste: 68
Topologia: [28, 256, 128, 1]

Treinando 100 epochs com lr=0.01...
Epoch 100/100 concluida

--- Resultados finais ---
Acuracia (treino) : 62.77%
Acuracia (teste)  : 62.75%
Precisao : 0.6284
Recall   : 0.7261
F1-Score : 0.6737
Matriz:
  Real 0: TN=533473  FP=499647
  Real 1: FN=318775  TP=845015
Tempo treino: 653.761s

--- Tempos internos do backpropagation ---
Preparacao do dataset: count=1 total=2.9 ms avg=2.9 ms min=2.9 ms max=2.9 ms
Materializacao dos batches: count=1 total=1.463 ms avg=1.463 ms min=1.463 ms max=1.463 ms
Inicializacao do modelo: count=1 total=372.378 ms avg=372.378 ms min=372.378 ms max=372.378 ms
Leitura de batch de treino: count=26900 total=44692.017 ms avg=1.661 ms min=0.834 ms max=6.284 ms
Treino por epoca: count=100 total=653759.877 ms avg=6537.599 ms min=6521.55 ms max=6607.337 ms
Treino por batch: count=26900 total=651965.751 ms avg=24.237 ms min=15.384 ms max=25.949 ms
Transferencia CPU/GPU no treino: count=26900 total=21224.169 ms avg=0.789 ms min=0.497 ms max=2.018 ms
Processamento GPU no treino: count=26900 total=628128.811 ms avg=23.351 ms min=14.771 ms max=24.83 ms
Leitura de batch de predicao: count=337 total=2996.629 ms avg=8.892 ms min=0.819 ms max=16.069 ms
Predicao por batch: count=337 total=2155.118 ms avg=6.395 ms min=0.44 ms max=15.489 ms
Transferencia CPU/GPU na predicao: count=337 total=282.907 ms avg=0.839 ms min=0.083 ms max=3.3 ms
Processamento GPU na predicao: count=337 total=1105.067 ms avg=3.279 ms min=0.194 ms max=3.448 ms
Transferencia GPU/CPU na predicao: count=337 total=100.931 ms avg=0.299 ms min=0.022 ms max=0.435 ms
