Carregando dataset preparado...
Amostras: 11000000, Features: 28
Treino: 8803090, Teste: 2196910
Batch size: 32768
Batches treino: 269, teste: 68
Topologia: [28, 256, 128, 1]

Treinando 100 epochs com lr=0.01...
Epoch 100/100 concluida

--- Resultados finais ---
Acuracia (treino) : 62.77%
Acuracia (teste)  : 62.75%
Precisao : 0.6284
Recall   : 0.7261
F1-Score : 0.6737
Matriz:
  Real 0: TN=533472  FP=499648
  Real 1: FN=318780  TP=845010
Tempo treino: 652.437s

--- Tempos internos do backpropagation ---
Preparacao do dataset: count=1 total=2.882 ms avg=2.882 ms min=2.882 ms max=2.882 ms
Materializacao dos batches: count=1 total=1.364 ms avg=1.364 ms min=1.364 ms max=1.364 ms
Inicializacao do modelo: count=1 total=316.337 ms avg=316.337 ms min=316.337 ms max=316.337 ms
Leitura de batch de treino: count=26900 total=36394.001 ms avg=1.353 ms min=0.64 ms max=5.87 ms
Treino por epoca: count=100 total=652436.323 ms avg=6524.363 ms min=6508.47 ms max=6538.922 ms
Treino por batch: count=26900 total=651216.489 ms avg=24.209 ms min=15.269 ms max=26.008 ms
Transferencia CPU/GPU no treino: count=26900 total=20237.569 ms avg=0.752 ms min=0.489 ms max=1.976 ms
Processamento GPU no treino: count=26900 total=629575.197 ms avg=23.404 ms min=14.757 ms max=25.081 ms
Leitura de batch de predicao: count=337 total=3036.632 ms avg=9.011 ms min=0.747 ms max=23.722 ms
Predicao por batch: count=337 total=2115.115 ms avg=6.276 ms min=0.354 ms max=20.718 ms
Transferencia CPU/GPU na predicao: count=337 total=248.79 ms avg=0.738 ms min=0.041 ms max=5.309 ms
Processamento GPU na predicao: count=337 total=1115.201 ms avg=3.309 ms min=0.184 ms max=3.471 ms
Transferencia GPU/CPU na predicao: count=337 total=71.73 ms avg=0.213 ms min=0.013 ms max=0.36 ms
