Carregando dataset preparado...
Amostras: 11000000, Features: 28
Treino: 8803090, Teste: 2196910
Batch size: 32768
Batches treino: 269, teste: 68
Topologia: [28, 256, 128, 1]

Treinando 100 epochs com lr=0.01...
Epoch 100/100 concluida

--- Resultados finais ---
Acuracia (treino) : 62.77%
Acuracia (teste)  : 62.75%
Precisao : 0.6284
Recall   : 0.7261
F1-Score : 0.6737
Matriz:
  Real 0: TN=533479  FP=499641
  Real 1: FN=318771  TP=845019
Tempo treino: 658.617s

--- Tempos internos do backpropagation ---
Preparacao do dataset: count=1 total=3.054 ms avg=3.054 ms min=3.054 ms max=3.054 ms
Materializacao dos batches: count=1 total=1.377 ms avg=1.377 ms min=1.377 ms max=1.377 ms
Inicializacao do modelo: count=1 total=356.997 ms avg=356.997 ms min=356.997 ms max=356.997 ms
Leitura de batch de treino: count=26900 total=46625.937 ms avg=1.733 ms min=0.827 ms max=11.437 ms
Treino por epoca: count=100 total=658616.077 ms avg=6586.161 ms min=6508.416 ms max=6757.416 ms
Treino por batch: count=26900 total=656938.711 ms avg=24.422 ms min=15.442 ms max=29.949 ms
Transferencia CPU/GPU no treino: count=26900 total=29131.434 ms avg=1.083 ms min=0.5 ms max=6.722 ms
Processamento GPU no treino: count=26900 total=625462.309 ms avg=23.251 ms min=14.557 ms max=25.154 ms
Leitura de batch de predicao: count=337 total=3340.516 ms avg=9.913 ms min=0.95 ms max=20.243 ms
Predicao por batch: count=337 total=2693.192 ms avg=7.992 ms min=1.214 ms max=22.294 ms
Transferencia CPU/GPU na predicao: count=337 total=615.754 ms avg=1.827 ms min=0.521 ms max=6.356 ms
Processamento GPU na predicao: count=337 total=1118.28 ms avg=3.318 ms min=0.228 ms max=3.598 ms
Transferencia GPU/CPU na predicao: count=337 total=88.721 ms avg=0.263 ms min=0.036 ms max=0.427 ms
