Carregando dataset preparado...
Amostras: 11000000, Features: 28
Treino: 8803090, Teste: 2196910
Batch size: 32768
Batches treino: 269, teste: 68
Topologia: [28, 256, 128, 1]

Treinando 100 epochs com lr=0.01...
Epoch 100/100 concluida

--- Resultados finais ---
Acuracia (treino) : 62.77%
Acuracia (teste)  : 62.75%
Precisao : 0.6284
Recall   : 0.7261
F1-Score : 0.6737
Matriz:
  Real 0: TN=533475  FP=499645
  Real 1: FN=318774  TP=845016
Tempo treino: 653.059s

--- Tempos internos do backpropagation ---
Preparacao do dataset: count=1 total=3.141 ms avg=3.141 ms min=3.141 ms max=3.141 ms
Materializacao dos batches: count=1 total=1.458 ms avg=1.458 ms min=1.458 ms max=1.458 ms
Inicializacao do modelo: count=1 total=321.207 ms avg=321.207 ms min=321.207 ms max=321.207 ms
Leitura de batch de treino: count=26900 total=38408.148 ms avg=1.428 ms min=0.691 ms max=10.577 ms
Treino por epoca: count=100 total=653057.592 ms avg=6530.576 ms min=6494.379 ms max=6755.578 ms
Treino por batch: count=26900 total=651594.037 ms avg=24.223 ms min=15.434 ms max=29.805 ms
Transferencia CPU/GPU no treino: count=26900 total=22047.982 ms avg=0.82 ms min=0.49 ms max=6.755 ms
Processamento GPU no treino: count=26900 total=627657.115 ms avg=23.333 ms min=14.446 ms max=25.078 ms
Leitura de batch de predicao: count=337 total=2580.36 ms avg=7.657 ms min=0.726 ms max=16.682 ms
Predicao por batch: count=337 total=2226.619 ms avg=6.607 ms min=0.447 ms max=17.678 ms
Transferencia CPU/GPU na predicao: count=337 total=252.071 ms avg=0.748 ms min=0.059 ms max=3.269 ms
Processamento GPU na predicao: count=337 total=1109.091 ms avg=3.291 ms min=0.183 ms max=3.453 ms
Transferencia GPU/CPU na predicao: count=337 total=70.898 ms avg=0.21 ms min=0.019 ms max=0.338 ms
