Carregando dataset preparado...
Amostras: 11000000, Features: 28
Treino: 8803090, Teste: 2196910
Batch size: 32768
Batches treino: 269, teste: 68
Topologia: [28, 256, 128, 1]

Treinando 100 epochs com lr=0.01...
Epoch 100/100 concluida

--- Resultados finais ---
Acuracia (treino) : 62.77%
Acuracia (teste)  : 62.75%
Precisao : 0.6284
Recall   : 0.7261
F1-Score : 0.6737
Matriz:
  Real 0: TN=533473  FP=499647
  Real 1: FN=318782  TP=845008
Tempo treino: 652.754s

--- Tempos internos do backpropagation ---
Preparacao do dataset: count=1 total=3.456 ms avg=3.456 ms min=3.456 ms max=3.456 ms
Materializacao dos batches: count=1 total=2.075 ms avg=2.075 ms min=2.075 ms max=2.075 ms
Inicializacao do modelo: count=1 total=323.241 ms avg=323.241 ms min=323.241 ms max=323.241 ms
Leitura de batch de treino: count=26900 total=36946.924 ms avg=1.373 ms min=0.666 ms max=9.221 ms
Treino por epoca: count=100 total=652753.113 ms avg=6527.531 ms min=6501.435 ms max=6656.009 ms
Treino por batch: count=26900 total=651334.8 ms avg=24.213 ms min=15.313 ms max=27.405 ms
Transferencia CPU/GPU no treino: count=26900 total=20096.087 ms avg=0.747 ms min=0.49 ms max=4.006 ms
Processamento GPU no treino: count=26900 total=629443.801 ms avg=23.399 ms min=14.698 ms max=24.78 ms
Leitura de batch de predicao: count=337 total=2978.219 ms avg=8.837 ms min=0.737 ms max=15.561 ms
Predicao por batch: count=337 total=2113.31 ms avg=6.271 ms min=0.408 ms max=15.043 ms
Transferencia CPU/GPU na predicao: count=337 total=244.199 ms avg=0.725 ms min=0.059 ms max=5.757 ms
Processamento GPU na predicao: count=337 total=1118.523 ms avg=3.319 ms min=0.189 ms max=3.535 ms
Transferencia GPU/CPU na predicao: count=337 total=71.036 ms avg=0.211 ms min=0.018 ms max=0.272 ms
