Carregando dataset preparado...
Amostras: 11000000, Features: 28
Treino: 8803090, Teste: 2196910
Batch size: 32768
Batches treino: 269, teste: 68
Topologia: [28, 256, 128, 1]

Treinando 100 epochs com lr=0.01...
Epoch 100/100 concluida

--- Resultados finais ---
Acuracia (treino) : 62.77%
Acuracia (teste)  : 62.75%
Precisao : 0.6284
Recall   : 0.7261
F1-Score : 0.6737
Matriz:
  Real 0: TN=533478  FP=499642
  Real 1: FN=318778  TP=845012
Tempo treino: 652.489s

--- Tempos internos do backpropagation ---
Preparacao do dataset: count=1 total=3.043 ms avg=3.043 ms min=3.043 ms max=3.043 ms
Materializacao dos batches: count=1 total=1.625 ms avg=1.625 ms min=1.625 ms max=1.625 ms
Inicializacao do modelo: count=1 total=335.394 ms avg=335.394 ms min=335.394 ms max=335.394 ms
Leitura de batch de treino: count=26900 total=46517.729 ms avg=1.729 ms min=0.905 ms max=6.652 ms
Treino por epoca: count=100 total=652487.633 ms avg=6524.876 ms min=6508.159 ms max=6562.325 ms
Treino por batch: count=26900 total=650559.148 ms avg=24.184 ms min=15.446 ms max=30.688 ms
Transferencia CPU/GPU no treino: count=26900 total=21133.161 ms avg=0.786 ms min=0.498 ms max=2.198 ms
Processamento GPU no treino: count=26900 total=627046.966 ms avg=23.31 ms min=14.837 ms max=24.616 ms
Leitura de batch de predicao: count=337 total=3109.053 ms avg=9.226 ms min=0.948 ms max=16.644 ms
Predicao por batch: count=337 total=2182.677 ms avg=6.477 ms min=0.405 ms max=22.958 ms
Transferencia CPU/GPU na predicao: count=337 total=289.056 ms avg=0.858 ms min=0.064 ms max=3.293 ms
Processamento GPU na predicao: count=337 total=1106.153 ms avg=3.282 ms min=0.182 ms max=3.404 ms
Transferencia GPU/CPU na predicao: count=337 total=103.147 ms avg=0.306 ms min=0.022 ms max=0.442 ms
