Carregando dataset preparado...
Amostras: 11000000, Features: 28
Treino: 8803090, Teste: 2196910
Batch size: 32768
Batches treino: 269, teste: 68
Topologia: [28, 256, 128, 1]

Treinando 100 epochs com lr=0.01...
Epoch 100/100 concluida

--- Resultados finais ---
Acuracia (treino) : 62.77%
Acuracia (teste)  : 62.75%
Precisao : 0.6284
Recall   : 0.7261
F1-Score : 0.6737
Matriz:
  Real 0: TN=533474  FP=499646
  Real 1: FN=318772  TP=845018
Tempo treino: 653.273s

--- Tempos internos do backpropagation ---
Preparacao do dataset: count=1 total=2.972 ms avg=2.972 ms min=2.972 ms max=2.972 ms
Materializacao dos batches: count=1 total=1.491 ms avg=1.491 ms min=1.491 ms max=1.491 ms
Inicializacao do modelo: count=1 total=322.749 ms avg=322.749 ms min=322.749 ms max=322.749 ms
Leitura de batch de treino: count=26900 total=44963.426 ms avg=1.672 ms min=0.881 ms max=7.57 ms
Treino por epoca: count=100 total=653271.702 ms avg=6532.717 ms min=6508.264 ms max=6618.641 ms
Treino por batch: count=26900 total=651492.33 ms avg=24.219 ms min=15.354 ms max=31.294 ms
Transferencia CPU/GPU no treino: count=26900 total=21065.169 ms avg=0.783 ms min=0.493 ms max=3.454 ms
Processamento GPU no treino: count=26900 total=628193.328 ms avg=23.353 ms min=14.755 ms max=26.433 ms
Leitura de batch de predicao: count=337 total=2995.746 ms avg=8.889 ms min=0.705 ms max=16.578 ms
Predicao por batch: count=337 total=2211.922 ms avg=6.564 ms min=0.421 ms max=21.187 ms
Transferencia CPU/GPU na predicao: count=337 total=280.689 ms avg=0.833 ms min=0.062 ms max=3.143 ms
Processamento GPU na predicao: count=337 total=1106.127 ms avg=3.282 ms min=0.182 ms max=3.423 ms
Transferencia GPU/CPU na predicao: count=337 total=103.697 ms avg=0.308 ms min=0.033 ms max=0.411 ms
