Carregando dataset preparado...
Amostras: 11000000, Features: 28
Treino: 8803090, Teste: 2196910
Batch size: 32768
Batches treino: 269, teste: 68
Topologia: [28, 256, 128, 1]

Treinando 100 epochs com lr=0.01...
Epoch 100/100 concluida

--- Resultados finais ---
Acuracia (treino) : 62.77%
Acuracia (teste)  : 62.75%
Precisao : 0.6284
Recall   : 0.7261
F1-Score : 0.6737
Matriz:
  Real 0: TN=533469  FP=499651
  Real 1: FN=318774  TP=845016
Tempo treino: 660.334s

--- Tempos internos do backpropagation ---
Preparacao do dataset: count=1 total=3.466 ms avg=3.466 ms min=3.466 ms max=3.466 ms
Materializacao dos batches: count=1 total=1.789 ms avg=1.789 ms min=1.789 ms max=1.789 ms
Inicializacao do modelo: count=1 total=348.308 ms avg=348.308 ms min=348.308 ms max=348.308 ms
Leitura de batch de treino: count=26900 total=41899.62 ms avg=1.558 ms min=0.669 ms max=10.639 ms
Treino por epoca: count=100 total=660332.391 ms avg=6603.324 ms min=6574.209 ms max=6783.067 ms
Treino por batch: count=26900 total=658798.086 ms avg=24.491 ms min=15.588 ms max=30.868 ms
Transferencia CPU/GPU no treino: count=26900 total=29883.703 ms avg=1.111 ms min=0.512 ms max=7.248 ms
Processamento GPU no treino: count=26900 total=626899.639 ms avg=23.305 ms min=14.652 ms max=25.126 ms
Leitura de batch de predicao: count=337 total=2929.637 ms avg=8.693 ms min=1.002 ms max=17.196 ms
Predicao por batch: count=337 total=2148.422 ms avg=6.375 ms min=0.404 ms max=15.098 ms
Transferencia CPU/GPU na predicao: count=337 total=264.545 ms avg=0.785 ms min=0.063 ms max=1.134 ms
Processamento GPU na predicao: count=337 total=1117.67 ms avg=3.317 ms min=0.186 ms max=3.53 ms
Transferencia GPU/CPU na predicao: count=337 total=71.264 ms avg=0.211 ms min=0.019 ms max=0.285 ms
