Carregando dataset preparado...
Amostras: 11000000, Features: 28
Treino: 8803090, Teste: 2196910
Batch size: 32768
Batches treino: 269, teste: 68
Topologia: [28, 256, 128, 1]

Treinando 100 epochs com lr=0.01...
Epoch 100/100 concluida

--- Resultados finais ---
Acuracia (treino) : 62.77%
Acuracia (teste)  : 62.75%
Precisao : 0.6284
Recall   : 0.7261
F1-Score : 0.6737
Matriz:
  Real 0: TN=533467  FP=499653
  Real 1: FN=318774  TP=845016
Tempo treino: 654.013s

--- Tempos internos do backpropagation ---
Preparacao do dataset: count=1 total=3.596 ms avg=3.596 ms min=3.596 ms max=3.596 ms
Materializacao dos batches: count=1 total=1.745 ms avg=1.745 ms min=1.745 ms max=1.745 ms
Inicializacao do modelo: count=1 total=362.497 ms avg=362.497 ms min=362.497 ms max=362.497 ms
Leitura de batch de treino: count=26900 total=45402.047 ms avg=1.688 ms min=0.92 ms max=11.274 ms
Treino por epoca: count=100 total=654011.862 ms avg=6540.119 ms min=6511.58 ms max=6788.353 ms
Treino por batch: count=26900 total=652182.402 ms avg=24.245 ms min=15.41 ms max=30.363 ms
Transferencia CPU/GPU no treino: count=26900 total=22256.367 ms avg=0.827 ms min=0.498 ms max=8.24 ms
Processamento GPU no treino: count=26900 total=627639.533 ms avg=23.332 ms min=14.772 ms max=24.749 ms
Leitura de batch de predicao: count=337 total=3059.651 ms avg=9.079 ms min=0.882 ms max=18.963 ms
Predicao por batch: count=337 total=2164.13 ms avg=6.422 ms min=0.475 ms max=17.797 ms
Transferencia CPU/GPU na predicao: count=337 total=297.741 ms avg=0.884 ms min=0.094 ms max=3.203 ms
Processamento GPU na predicao: count=337 total=1106.808 ms avg=3.284 ms min=0.189 ms max=3.427 ms
Transferencia GPU/CPU na predicao: count=337 total=102.934 ms avg=0.305 ms min=0.035 ms max=0.436 ms
