Carregando dataset preparado...
Amostras: 11000000, Features: 28
Treino: 8803090, Teste: 2196910
Batch size: 32768
Batches treino: 269, teste: 68
Topologia: [28, 256, 128, 1]

Treinando 100 epochs com lr=0.01...
Epoch 100/100 concluida

--- Resultados finais ---
Acuracia (treino) : 62.77%
Acuracia (teste)  : 62.75%
Precisao : 0.6284
Recall   : 0.7261
F1-Score : 0.6737
Matriz:
  Real 0: TN=533478  FP=499642
  Real 1: FN=318773  TP=845017
Tempo treino: 652.768s

--- Tempos internos do backpropagation ---
Preparacao do dataset: count=1 total=2.866 ms avg=2.866 ms min=2.866 ms max=2.866 ms
Materializacao dos batches: count=1 total=1.555 ms avg=1.555 ms min=1.555 ms max=1.555 ms
Inicializacao do modelo: count=1 total=373.228 ms avg=373.228 ms min=373.228 ms max=373.228 ms
Leitura de batch de treino: count=26900 total=37493.782 ms avg=1.394 ms min=0.672 ms max=11.63 ms
Treino por epoca: count=100 total=652767.234 ms avg=6527.672 ms min=6508.019 ms max=6687.738 ms
Treino por batch: count=26900 total=651341.959 ms avg=24.213 ms min=15.509 ms max=31.221 ms
Transferencia CPU/GPU no treino: count=26900 total=20285.243 ms avg=0.754 ms min=0.489 ms max=8.174 ms
Processamento GPU no treino: count=26900 total=629207.568 ms avg=23.391 ms min=14.936 ms max=25.09 ms
Leitura de batch de predicao: count=337 total=2960.207 ms avg=8.784 ms min=0.837 ms max=15.478 ms
Predicao por batch: count=337 total=2026.101 ms avg=6.012 ms min=0.402 ms max=20.379 ms
Transferencia CPU/GPU na predicao: count=337 total=230.707 ms avg=0.685 ms min=0.059 ms max=3.127 ms
Processamento GPU na predicao: count=337 total=1112.149 ms avg=3.3 ms min=0.187 ms max=3.452 ms
Transferencia GPU/CPU na predicao: count=337 total=70.363 ms avg=0.209 ms min=0.018 ms max=0.268 ms
