Carregando dataset preparado...
Amostras: 11000000, Features: 28
Treino: 8803090, Teste: 2196910
Batch size: 32768
Batches treino: 269, teste: 68
Topologia: [28, 256, 128, 1]

Treinando 100 epochs com lr=0.01...
Epoch 100/100 concluida

--- Resultados finais ---
Acuracia (treino) : 62.77%
Acuracia (teste)  : 62.75%
Precisao : 0.6284
Recall   : 0.7261
F1-Score : 0.6737
Matriz:
  Real 0: TN=533472  FP=499648
  Real 1: FN=318779  TP=845011
Tempo treino: 656.831s

--- Tempos internos do backpropagation ---
Preparacao do dataset: count=1 total=3.191 ms avg=3.191 ms min=3.191 ms max=3.191 ms
Materializacao dos batches: count=1 total=1.696 ms avg=1.696 ms min=1.696 ms max=1.696 ms
Inicializacao do modelo: count=1 total=326.137 ms avg=326.137 ms min=326.137 ms max=326.137 ms
Leitura de batch de treino: count=26900 total=52458.23 ms avg=1.95 ms min=0.989 ms max=8.954 ms
Treino por epoca: count=100 total=656830.378 ms avg=6568.304 ms min=6547.53 ms max=6653.333 ms
Treino por batch: count=26900 total=654935.998 ms avg=24.347 ms min=15.258 ms max=30.849 ms
Transferencia CPU/GPU no treino: count=26900 total=25047.672 ms avg=0.931 ms min=0.637 ms max=5.746 ms
Processamento GPU no treino: count=26900 total=627480.91 ms avg=23.326 ms min=14.584 ms max=25.909 ms
Leitura de batch de predicao: count=337 total=3052.428 ms avg=9.058 ms min=0.686 ms max=15.588 ms
Predicao por batch: count=337 total=2065.129 ms avg=6.128 ms min=0.46 ms max=15.723 ms
Transferencia CPU/GPU na predicao: count=337 total=274.225 ms avg=0.814 ms min=0.103 ms max=3.495 ms
Processamento GPU na predicao: count=337 total=1106.506 ms avg=3.283 ms min=0.187 ms max=3.492 ms
Transferencia GPU/CPU na predicao: count=337 total=75.383 ms avg=0.224 ms min=0.031 ms max=0.303 ms
