Carregando dataset preparado...
Amostras: 11000000, Features: 28
Treino: 8803090, Teste: 2196910
Batch size: 32768
Batches treino: 269, teste: 68
Topologia: [28, 256, 128, 1]

Treinando 100 epochs com lr=0.01...
Epoch 100/100 concluida

--- Resultados finais ---
Acuracia (treino) : 62.77%
Acuracia (teste)  : 62.75%
Precisao : 0.6284
Recall   : 0.7261
F1-Score : 0.6737
Matriz:
  Real 0: TN=533473  FP=499647
  Real 1: FN=318778  TP=845012
Tempo treino: 656.563s

--- Tempos internos do backpropagation ---
Preparacao do dataset: count=1 total=2.998 ms avg=2.998 ms min=2.998 ms max=2.998 ms
Materializacao dos batches: count=1 total=1.354 ms avg=1.354 ms min=1.354 ms max=1.354 ms
Inicializacao do modelo: count=1 total=325.376 ms avg=325.376 ms min=325.376 ms max=325.376 ms
Leitura de batch de treino: count=26900 total=52091.33 ms avg=1.936 ms min=1.159 ms max=10.216 ms
Treino por epoca: count=100 total=656562.146 ms avg=6565.621 ms min=6546.061 ms max=6732.874 ms
Treino por batch: count=26900 total=654852.984 ms avg=24.344 ms min=15.575 ms max=29.468 ms
Transferencia CPU/GPU no treino: count=26900 total=25200.015 ms avg=0.937 ms min=0.641 ms max=6.619 ms
Processamento GPU no treino: count=26900 total=627595.039 ms avg=23.331 ms min=14.847 ms max=24.551 ms
Leitura de batch de predicao: count=337 total=3075.769 ms avg=9.127 ms min=0.73 ms max=20.889 ms
Predicao por batch: count=337 total=2061.729 ms avg=6.118 ms min=0.491 ms max=15.619 ms
Transferencia CPU/GPU na predicao: count=337 total=275.656 ms avg=0.818 ms min=0.056 ms max=3.482 ms
Processamento GPU na predicao: count=337 total=1103.87 ms avg=3.276 ms min=0.188 ms max=3.436 ms
Transferencia GPU/CPU na predicao: count=337 total=74.398 ms avg=0.221 ms min=0.015 ms max=0.375 ms
