Carregando dataset preparado...
Amostras: 11000000, Features: 28
Treino: 8803090, Teste: 2196910
Batch size: 32768
Batches treino: 269, teste: 68
Topologia: [28, 256, 128, 1]

Treinando 100 epochs com lr=0.01...
Epoch 100/100 concluida

--- Resultados finais ---
Acuracia (treino) : 62.77%
Acuracia (teste)  : 62.75%
Precisao : 0.6284
Recall   : 0.7261
F1-Score : 0.6737
Matriz:
  Real 0: TN=533477  FP=499643
  Real 1: FN=318774  TP=845016
Tempo treino: 661.364s

--- Tempos internos do backpropagation ---
Preparacao do dataset: count=1 total=3.088 ms avg=3.088 ms min=3.088 ms max=3.088 ms
Materializacao dos batches: count=1 total=1.285 ms avg=1.285 ms min=1.285 ms max=1.285 ms
Inicializacao do modelo: count=1 total=314.345 ms avg=314.345 ms min=314.345 ms max=314.345 ms
Leitura de batch de treino: count=26900 total=46219.23 ms avg=1.718 ms min=0.825 ms max=11.044 ms
Treino por epoca: count=100 total=661362.203 ms avg=6613.622 ms min=6540.64 ms max=6771.438 ms
Treino por batch: count=26900 total=659832.099 ms avg=24.529 ms min=15.48 ms max=29.926 ms
Transferencia CPU/GPU no treino: count=26900 total=32274.4 ms avg=1.2 ms min=0.501 ms max=6.155 ms
Processamento GPU no treino: count=26900 total=625521.531 ms avg=23.254 ms min=14.668 ms max=25.105 ms
Leitura de batch de predicao: count=337 total=3154.84 ms avg=9.362 ms min=0.832 ms max=21.945 ms
Predicao por batch: count=337 total=2269.978 ms avg=6.736 ms min=0.411 ms max=17.971 ms
Transferencia CPU/GPU na predicao: count=337 total=336.398 ms avg=0.998 ms min=0.063 ms max=8.365 ms
Processamento GPU na predicao: count=337 total=1126.899 ms avg=3.344 ms min=0.187 ms max=3.674 ms
Transferencia GPU/CPU na predicao: count=337 total=76.953 ms avg=0.228 ms min=0.019 ms max=0.661 ms
