Carregando dataset preparado...
Amostras: 11000000, Features: 28
Treino: 8803090, Teste: 2196910
Batch size: 32768
Batches treino: 269, teste: 68
Topologia: [28, 256, 128, 1]

Treinando 100 epochs com lr=0.01...
Epoch 100/100 concluida

--- Resultados finais ---
Acuracia (treino) : 62.77%
Acuracia (teste)  : 62.75%
Precisao : 0.6284
Recall   : 0.7261
F1-Score : 0.6737
Matriz:
  Real 0: TN=533476  FP=499644
  Real 1: FN=318771  TP=845019
Tempo treino: 656.369s

--- Tempos internos do backpropagation ---
Preparacao do dataset: count=1 total=3.057 ms avg=3.057 ms min=3.057 ms max=3.057 ms
Materializacao dos batches: count=1 total=1.306 ms avg=1.306 ms min=1.306 ms max=1.306 ms
Inicializacao do modelo: count=1 total=328.522 ms avg=328.522 ms min=328.522 ms max=328.522 ms
Leitura de batch de treino: count=26900 total=52381.381 ms avg=1.947 ms min=1.153 ms max=6.286 ms
Treino por epoca: count=100 total=656368.259 ms avg=6563.683 ms min=6549.99 ms max=6665.936 ms
Treino por batch: count=26900 total=654587.03 ms avg=24.334 ms min=15.636 ms max=29.306 ms
Transferencia CPU/GPU no treino: count=26900 total=24756.099 ms avg=0.92 ms min=0.638 ms max=5.85 ms
Processamento GPU no treino: count=26900 total=627602.645 ms avg=23.331 ms min=14.646 ms max=24.85 ms
Leitura de batch de predicao: count=337 total=2968.443 ms avg=8.808 ms min=0.703 ms max=15.701 ms
Predicao por batch: count=337 total=2195.482 ms avg=6.515 ms min=0.412 ms max=16.914 ms
Transferencia CPU/GPU na predicao: count=337 total=273.68 ms avg=0.812 ms min=0.055 ms max=3.441 ms
Processamento GPU na predicao: count=337 total=1108.023 ms avg=3.288 ms min=0.198 ms max=3.411 ms
Transferencia GPU/CPU na predicao: count=337 total=73.685 ms avg=0.219 ms min=0.02 ms max=0.323 ms
