Carregando dataset preparado...
Amostras: 11000000, Features: 28
Treino: 8803090, Teste: 2196910
Batch size: 32768
Batches treino: 269, teste: 68
Topologia: [28, 256, 128, 1]

Treinando 100 epochs com lr=0.01...
Epoch 100/100 concluida

--- Resultados finais ---
Acuracia (treino) : 62.77%
Acuracia (teste)  : 62.75%
Precisao : 0.6284
Recall   : 0.7261
F1-Score : 0.6737
Matriz:
  Real 0: TN=533473  FP=499647
  Real 1: FN=318778  TP=845012
Tempo treino: 651.515s

--- Tempos internos do backpropagation ---
Preparacao do dataset: count=1 total=2.899 ms avg=2.899 ms min=2.899 ms max=2.899 ms
Materializacao dos batches: count=1 total=1.384 ms avg=1.384 ms min=1.384 ms max=1.384 ms
Inicializacao do modelo: count=1 total=308.403 ms avg=308.403 ms min=308.403 ms max=308.403 ms
Leitura de batch de treino: count=26900 total=37859.408 ms avg=1.407 ms min=0.66 ms max=6.629 ms
Treino por epoca: count=100 total=651514.049 ms avg=6515.14 ms min=6494.648 ms max=6618.872 ms
Treino por batch: count=26900 total=649972.114 ms avg=24.163 ms min=15.264 ms max=28.647 ms
Transferencia CPU/GPU no treino: count=26900 total=20009.449 ms avg=0.744 ms min=0.49 ms max=5.606 ms
Processamento GPU no treino: count=26900 total=627465.488 ms avg=23.326 ms min=14.685 ms max=24.57 ms
Leitura de batch de predicao: count=337 total=2877.078 ms avg=8.537 ms min=0.706 ms max=15.791 ms
Predicao por batch: count=337 total=2139.089 ms avg=6.347 ms min=0.419 ms max=20.51 ms
Transferencia CPU/GPU na predicao: count=337 total=239.732 ms avg=0.711 ms min=0.059 ms max=3.144 ms
Processamento GPU na predicao: count=337 total=1111.918 ms avg=3.299 ms min=0.188 ms max=3.454 ms
Transferencia GPU/CPU na predicao: count=337 total=70.591 ms avg=0.209 ms min=0.019 ms max=0.51 ms
