Carregando dataset preparado...
Amostras: 11000000, Features: 28
Treino: 8803090, Teste: 2196910
Batch size: 32768
Batches treino: 269, teste: 68
Topologia: [28, 256, 128, 1]

Treinando 100 epochs com lr=0.01...
Epoch 100/100 concluida

--- Resultados finais ---
Acuracia (treino) : 62.77%
Acuracia (teste)  : 62.75%
Precisao : 0.6284
Recall   : 0.7261
F1-Score : 0.6737
Matriz:
  Real 0: TN=533473  FP=499647
  Real 1: FN=318775  TP=845015
Tempo treino: 655.586s

--- Tempos internos do backpropagation ---
Preparacao do dataset: count=1 total=3.084 ms avg=3.084 ms min=3.084 ms max=3.084 ms
Materializacao dos batches: count=1 total=1.402 ms avg=1.402 ms min=1.402 ms max=1.402 ms
Inicializacao do modelo: count=1 total=336.432 ms avg=336.432 ms min=336.432 ms max=336.432 ms
Leitura de batch de treino: count=26900 total=54274.553 ms avg=2.018 ms min=1.16 ms max=6.637 ms
Treino por epoca: count=100 total=655584.806 ms avg=6555.848 ms min=6540.224 ms max=6642.996 ms
Treino por batch: count=26900 total=653694.339 ms avg=24.301 ms min=15.45 ms max=29.292 ms
Transferencia CPU/GPU no treino: count=26900 total=25226.64 ms avg=0.938 ms min=0.637 ms max=6.147 ms
Processamento GPU no treino: count=26900 total=626116.504 ms avg=23.276 ms min=14.696 ms max=24.666 ms
Leitura de batch de predicao: count=337 total=3028.826 ms avg=8.988 ms min=0.891 ms max=16.285 ms
Predicao por batch: count=337 total=2166.588 ms avg=6.429 ms min=0.375 ms max=15.794 ms
Transferencia CPU/GPU na predicao: count=337 total=280.042 ms avg=0.831 ms min=0.081 ms max=1.193 ms
Processamento GPU na predicao: count=337 total=1106.743 ms avg=3.284 ms min=0.19 ms max=3.434 ms
Transferencia GPU/CPU na predicao: count=337 total=75.784 ms avg=0.225 ms min=0.021 ms max=0.38 ms
