Carregando dataset preparado...
Amostras: 11000000, Features: 28
Treino: 8803090, Teste: 2196910
Batch size: 32768
Batches treino: 269, teste: 68
Topologia: [28, 256, 128, 1]

Treinando 100 epochs com lr=0.01...
Epoch 100/100 concluida

--- Resultados finais ---
Acuracia (treino) : 62.77%
Acuracia (teste)  : 62.75%
Precisao : 0.6284
Recall   : 0.7261
F1-Score : 0.6737
Matriz:
  Real 0: TN=533481  FP=499639
  Real 1: FN=318771  TP=845019
Tempo treino: 651.419s

--- Tempos internos do backpropagation ---
Preparacao do dataset: count=1 total=3.067 ms avg=3.067 ms min=3.067 ms max=3.067 ms
Materializacao dos batches: count=1 total=1.623 ms avg=1.623 ms min=1.623 ms max=1.623 ms
Inicializacao do modelo: count=1 total=314.743 ms avg=314.743 ms min=314.743 ms max=314.743 ms
Leitura de batch de treino: count=26900 total=36039.207 ms avg=1.34 ms min=0.644 ms max=5.792 ms
Treino por epoca: count=100 total=651418.101 ms avg=6514.181 ms min=6492.474 ms max=6546.885 ms
Treino por batch: count=26900 total=650051.656 ms avg=24.165 ms min=15.467 ms max=27.868 ms
Transferencia CPU/GPU no treino: count=26900 total=20600.831 ms avg=0.766 ms min=0.49 ms max=2.548 ms
Processamento GPU no treino: count=26900 total=627675.884 ms avg=23.334 ms min=14.935 ms max=24.722 ms
Leitura de batch de predicao: count=337 total=2946.025 ms avg=8.742 ms min=0.772 ms max=16.31 ms
Predicao por batch: count=337 total=2219.44 ms avg=6.586 ms min=0.398 ms max=19.059 ms
Transferencia CPU/GPU na predicao: count=337 total=245.186 ms avg=0.728 ms min=0.057 ms max=0.975 ms
Processamento GPU na predicao: count=337 total=1113.165 ms avg=3.303 ms min=0.188 ms max=3.458 ms
Transferencia GPU/CPU na predicao: count=337 total=77.168 ms avg=0.229 ms min=0.018 ms max=0.497 ms
