Carregando dataset preparado...
Amostras: 11000000, Features: 28
Treino: 8803090, Teste: 2196910
Batch size: 32768
Batches treino: 269, teste: 68
Topologia: [28, 256, 128, 1]

Treinando 100 epochs com lr=0.01...
Epoch 100/100 concluida

--- Resultados finais ---
Acuracia (treino) : 62.77%
Acuracia (teste)  : 62.75%
Precisao : 0.6284
Recall   : 0.7261
F1-Score : 0.6737
Matriz:
  Real 0: TN=533472  FP=499648
  Real 1: FN=318783  TP=845007
Tempo treino: 652.372s

--- Tempos internos do backpropagation ---
Preparacao do dataset: count=1 total=3.086 ms avg=3.086 ms min=3.086 ms max=3.086 ms
Materializacao dos batches: count=1 total=1.418 ms avg=1.418 ms min=1.418 ms max=1.418 ms
Inicializacao do modelo: count=1 total=316.538 ms avg=316.538 ms min=316.538 ms max=316.538 ms
Leitura de batch de treino: count=26900 total=38247.275 ms avg=1.422 ms min=0.662 ms max=6.998 ms
Treino por epoca: count=100 total=652370.859 ms avg=6523.709 ms min=6504.244 ms max=6569.359 ms
Treino por batch: count=26900 total=651112.102 ms avg=24.205 ms min=15.494 ms max=31.983 ms
Transferencia CPU/GPU no treino: count=26900 total=20839.156 ms avg=0.775 ms min=0.49 ms max=2.646 ms
Processamento GPU no treino: count=26900 total=628810.862 ms avg=23.376 ms min=14.937 ms max=27.218 ms
Leitura de batch de predicao: count=337 total=2910.108 ms avg=8.635 ms min=1.027 ms max=15.622 ms
Predicao por batch: count=337 total=2027.437 ms avg=6.016 ms min=0.398 ms max=15.881 ms
Transferencia CPU/GPU na predicao: count=337 total=252.401 ms avg=0.749 ms min=0.06 ms max=1.147 ms
Processamento GPU na predicao: count=337 total=1105.952 ms avg=3.282 ms min=0.188 ms max=3.456 ms
Transferencia GPU/CPU na predicao: count=337 total=72.305 ms avg=0.215 ms min=0.018 ms max=0.309 ms
