Carregando dataset preparado...
Amostras: 11000000, Features: 28
Treino: 8803090, Teste: 2196910
Batch size: 32768
Batches treino: 269, teste: 68
Topologia: [28, 256, 128, 1]

Treinando 100 epochs com lr=0.01...
Epoch 100/100 concluida

--- Resultados finais ---
Acuracia (treino) : 62.77%
Acuracia (teste)  : 62.75%
Precisao : 0.6284
Recall   : 0.7261
F1-Score : 0.6737
Matriz:
  Real 0: TN=533471  FP=499649
  Real 1: FN=318788  TP=845002
Tempo treino: 657.422s

--- Tempos internos do backpropagation ---
Preparacao do dataset: count=1 total=2.943 ms avg=2.943 ms min=2.943 ms max=2.943 ms
Materializacao dos batches: count=1 total=1.377 ms avg=1.377 ms min=1.377 ms max=1.377 ms
Inicializacao do modelo: count=1 total=332.18 ms avg=332.18 ms min=332.18 ms max=332.18 ms
Leitura de batch de treino: count=26900 total=45623.845 ms avg=1.696 ms min=0.744 ms max=11.374 ms
Treino por epoca: count=100 total=657420.29 ms avg=6574.203 ms min=6522.686 ms max=6879.305 ms
Treino por batch: count=26900 total=655695.886 ms avg=24.375 ms min=15.487 ms max=30.214 ms
Transferencia CPU/GPU no treino: count=26900 total=26203.917 ms avg=0.974 ms min=0.498 ms max=7.67 ms
Processamento GPU no treino: count=26900 total=627354.948 ms avg=23.322 ms min=14.578 ms max=25.437 ms
Leitura de batch de predicao: count=337 total=2906.534 ms avg=8.625 ms min=1.038 ms max=16.546 ms
Predicao por batch: count=337 total=2095.807 ms avg=6.219 ms min=0.305 ms max=15.442 ms
Transferencia CPU/GPU na predicao: count=337 total=272.477 ms avg=0.809 ms min=0.049 ms max=0.958 ms
Processamento GPU na predicao: count=337 total=1112.721 ms avg=3.302 ms min=0.182 ms max=3.561 ms
Transferencia GPU/CPU na predicao: count=337 total=71.46 ms avg=0.212 ms min=0.015 ms max=0.252 ms
