Carregando dataset preparado...
Amostras: 11000000, Features: 28
Treino: 8803090, Teste: 2196910
Batch size: 32768
Batches treino: 269, teste: 68
Topologia: [28, 256, 128, 1]

Treinando 100 epochs com lr=0.01...
Epoch 100/100 concluida

--- Resultados finais ---
Acuracia (treino) : 62.77%
Acuracia (teste)  : 62.75%
Precisao : 0.6284
Recall   : 0.7261
F1-Score : 0.6737
Matriz:
  Real 0: TN=533475  FP=499645
  Real 1: FN=318770  TP=845020
Tempo treino: 651.849s

--- Tempos internos do backpropagation ---
Preparacao do dataset: count=1 total=3.024 ms avg=3.024 ms min=3.024 ms max=3.024 ms
Materializacao dos batches: count=1 total=1.499 ms avg=1.499 ms min=1.499 ms max=1.499 ms
Inicializacao do modelo: count=1 total=326.85 ms avg=326.85 ms min=326.85 ms max=326.85 ms
Leitura de batch de treino: count=26900 total=37538.815 ms avg=1.395 ms min=0.715 ms max=6.981 ms
Treino por epoca: count=100 total=651848.352 ms avg=6518.484 ms min=6493.084 ms max=6631.036 ms
Treino por batch: count=26900 total=650295.557 ms avg=24.175 ms min=15.356 ms max=27.028 ms
Transferencia CPU/GPU no treino: count=26900 total=20631.551 ms avg=0.767 ms min=0.49 ms max=3.53 ms
Processamento GPU no treino: count=26900 total=627579.716 ms avg=23.33 ms min=14.621 ms max=24.8 ms
Leitura de batch de predicao: count=337 total=2882.539 ms avg=8.554 ms min=0.896 ms max=17.302 ms
Predicao por batch: count=337 total=2094.412 ms avg=6.215 ms min=0.447 ms max=14.984 ms
Transferencia CPU/GPU na predicao: count=337 total=242.475 ms avg=0.72 ms min=0.079 ms max=3.219 ms
Processamento GPU na predicao: count=337 total=1108.759 ms avg=3.29 ms min=0.186 ms max=3.414 ms
Transferencia GPU/CPU na predicao: count=337 total=71.597 ms avg=0.212 ms min=0.021 ms max=0.389 ms
