Carregando dataset preparado...
Amostras: 11000000, Features: 28
Treino: 8803090, Teste: 2196910
Batch size: 32768
Batches treino: 269, teste: 68
Topologia: [28, 256, 128, 1]

Treinando 100 epochs com lr=0.01...
Epoch 100/100 concluida

--- Resultados finais ---
Acuracia (treino) : 62.77%
Acuracia (teste)  : 62.75%
Precisao : 0.6284
Recall   : 0.7261
F1-Score : 0.6737
Matriz:
  Real 0: TN=533471  FP=499649
  Real 1: FN=318774  TP=845016
Tempo treino: 651.490s

--- Tempos internos do backpropagation ---
Preparacao do dataset: count=1 total=3.517 ms avg=3.517 ms min=3.517 ms max=3.517 ms
Materializacao dos batches: count=1 total=1.528 ms avg=1.528 ms min=1.528 ms max=1.528 ms
Inicializacao do modelo: count=1 total=317.295 ms avg=317.295 ms min=317.295 ms max=317.295 ms
Leitura de batch de treino: count=26900 total=37195.059 ms avg=1.383 ms min=0.69 ms max=9.254 ms
Treino por epoca: count=100 total=651488.955 ms avg=6514.89 ms min=6493.535 ms max=6675.245 ms
Treino por batch: count=26900 total=649979.115 ms avg=24.163 ms min=15.266 ms max=29.311 ms
Transferencia CPU/GPU no treino: count=26900 total=20453.224 ms avg=0.76 ms min=0.49 ms max=6.107 ms
Processamento GPU no treino: count=26900 total=627533.122 ms avg=23.328 ms min=14.676 ms max=26.174 ms
Leitura de batch de predicao: count=337 total=2935.759 ms avg=8.711 ms min=0.88 ms max=15.504 ms
Predicao por batch: count=337 total=2078.442 ms avg=6.167 ms min=0.344 ms max=15.659 ms
Transferencia CPU/GPU na predicao: count=337 total=235.037 ms avg=0.697 ms min=0.036 ms max=0.892 ms
Processamento GPU na predicao: count=337 total=1112.667 ms avg=3.302 ms min=0.182 ms max=3.435 ms
Transferencia GPU/CPU na predicao: count=337 total=70.936 ms avg=0.21 ms min=0.013 ms max=0.252 ms
