Carregando dataset preparado...
Amostras: 11000000, Features: 28
Treino: 8803090, Teste: 2196910
Batch size: 32768
Batches treino: 269, teste: 68
Topologia: [28, 256, 128, 1]

Treinando 100 epochs com lr=0.01...
Epoch 100/100 concluida

--- Resultados finais ---
Acuracia (treino) : 62.77%
Acuracia (teste)  : 62.75%
Precisao : 0.6284
Recall   : 0.7261
F1-Score : 0.6737
Matriz:
  Real 0: TN=533474  FP=499646
  Real 1: FN=318785  TP=845005
Tempo treino: 658.079s

--- Tempos internos do backpropagation ---
Preparacao do dataset: count=1 total=3.104 ms avg=3.104 ms min=3.104 ms max=3.104 ms
Materializacao dos batches: count=1 total=1.438 ms avg=1.438 ms min=1.438 ms max=1.438 ms
Inicializacao do modelo: count=1 total=321.512 ms avg=321.512 ms min=321.512 ms max=321.512 ms
Leitura de batch de treino: count=26900 total=40471.741 ms avg=1.505 ms min=0.712 ms max=8.57 ms
Treino por epoca: count=100 total=658077.787 ms avg=6580.778 ms min=6551.92 ms max=6738.498 ms
Treino por batch: count=26900 total=656619.526 ms avg=24.41 ms min=15.508 ms max=29.842 ms
Transferencia CPU/GPU no treino: count=26900 total=28897.432 ms avg=1.074 ms min=0.656 ms max=6.445 ms
Processamento GPU no treino: count=26900 total=625848.343 ms avg=23.266 ms min=14.684 ms max=24.586 ms
Leitura de batch de predicao: count=337 total=2985.472 ms avg=8.859 ms min=0.989 ms max=15.858 ms
Predicao por batch: count=337 total=2203.418 ms avg=6.538 ms min=0.418 ms max=15.787 ms
Transferencia CPU/GPU na predicao: count=337 total=339.831 ms avg=1.008 ms min=0.061 ms max=3.588 ms
Processamento GPU na predicao: count=337 total=1122.326 ms avg=3.33 ms min=0.187 ms max=3.689 ms
Transferencia GPU/CPU na predicao: count=337 total=71.227 ms avg=0.211 ms min=0.019 ms max=0.541 ms
