Carregando dataset preparado...
Amostras: 11000000, Features: 28
Treino: 8803090, Teste: 2196910
Batch size: 32768
Batches treino: 269, teste: 68
Topologia: [28, 256, 128, 1]

Treinando 100 epochs com lr=0.01...
Epoch 100/100 concluida

--- Resultados finais ---
Acuracia (treino) : 62.77%
Acuracia (teste)  : 62.75%
Precisao : 0.6284
Recall   : 0.7261
F1-Score : 0.6737
Matriz:
  Real 0: TN=533468  FP=499652
  Real 1: FN=318774  TP=845016
Tempo treino: 653.744s

--- Tempos internos do backpropagation ---
Preparacao do dataset: count=1 total=3.218 ms avg=3.218 ms min=3.218 ms max=3.218 ms
Materializacao dos batches: count=1 total=1.429 ms avg=1.429 ms min=1.429 ms max=1.429 ms
Inicializacao do modelo: count=1 total=332.335 ms avg=332.335 ms min=332.335 ms max=332.335 ms
Leitura de batch de treino: count=26900 total=44892.195 ms avg=1.669 ms min=0.782 ms max=10.838 ms
Treino por epoca: count=100 total=653742.943 ms avg=6537.429 ms min=6516.373 ms max=6823.486 ms
Treino por batch: count=26900 total=652026.055 ms avg=24.239 ms min=15.389 ms max=30.011 ms
Transferencia CPU/GPU no treino: count=26900 total=21896.704 ms avg=0.814 ms min=0.495 ms max=8.019 ms
Processamento GPU no treino: count=26900 total=627986.388 ms avg=23.345 ms min=14.758 ms max=24.659 ms
Leitura de batch de predicao: count=337 total=3096.281 ms avg=9.188 ms min=1.156 ms max=16.497 ms
Predicao por batch: count=337 total=2144.686 ms avg=6.364 ms min=0.361 ms max=15.77 ms
Transferencia CPU/GPU na predicao: count=337 total=289.898 ms avg=0.86 ms min=0.06 ms max=3.399 ms
Processamento GPU na predicao: count=337 total=1105.279 ms avg=3.28 ms min=0.185 ms max=3.474 ms
Transferencia GPU/CPU na predicao: count=337 total=106.02 ms avg=0.315 ms min=0.014 ms max=0.556 ms
