Carregando dataset preparado...
Amostras: 11000000, Features: 28
Treino: 8803090, Teste: 2196910
Batch size: 32768
Batches treino: 269, teste: 68
Topologia: [28, 256, 128, 1]

Treinando 100 epochs com lr=0.01...
Epoch 100/100 concluida

--- Resultados finais ---
Acuracia (treino) : 62.77%
Acuracia (teste)  : 62.75%
Precisao : 0.6284
Recall   : 0.7261
F1-Score : 0.6737
Matriz:
  Real 0: TN=533472  FP=499648
  Real 1: FN=318773  TP=845017
Tempo treino: 652.567s

--- Tempos internos do backpropagation ---
Preparacao do dataset: count=1 total=2.968 ms avg=2.968 ms min=2.968 ms max=2.968 ms
Materializacao dos batches: count=1 total=1.345 ms avg=1.345 ms min=1.345 ms max=1.345 ms
Inicializacao do modelo: count=1 total=311.809 ms avg=311.809 ms min=311.809 ms max=311.809 ms
Leitura de batch de treino: count=26900 total=37120.666 ms avg=1.38 ms min=0.71 ms max=6.08 ms
Treino por epoca: count=100 total=652566.362 ms avg=6525.664 ms min=6507.004 ms max=6546.952 ms
Treino por batch: count=26900 total=651099.654 ms avg=24.204 ms min=15.466 ms max=27.381 ms
Transferencia CPU/GPU no treino: count=26900 total=20000.609 ms avg=0.744 ms min=0.49 ms max=2.823 ms
Processamento GPU no treino: count=26900 total=629173.13 ms avg=23.389 ms min=14.873 ms max=24.848 ms
Leitura de batch de predicao: count=337 total=2910.03 ms avg=8.635 ms min=0.75 ms max=16.818 ms
Predicao por batch: count=337 total=2126.049 ms avg=6.309 ms min=0.375 ms max=20.689 ms
Transferencia CPU/GPU na predicao: count=337 total=235.021 ms avg=0.697 ms min=0.038 ms max=0.882 ms
Processamento GPU na predicao: count=337 total=1111.006 ms avg=3.297 ms min=0.183 ms max=3.448 ms
Transferencia GPU/CPU na predicao: count=337 total=71.149 ms avg=0.211 ms min=0.014 ms max=0.247 ms
