Carregando dataset preparado...
Amostras: 11000000, Features: 28
Treino: 8803090, Teste: 2196910
Batch size: 32768
Batches treino: 269, teste: 68
Topologia: [28, 256, 128, 1]

Treinando 100 epochs com lr=0.01...
Epoch 100/100 concluida

--- Resultados finais ---
Acuracia (treino) : 62.77%
Acuracia (teste)  : 62.75%
Precisao : 0.6284
Recall   : 0.7261
F1-Score : 0.6737
Matriz:
  Real 0: TN=533475  FP=499645
  Real 1: FN=318780  TP=845010
Tempo treino: 654.385s

--- Tempos internos do backpropagation ---
Preparacao do dataset: count=1 total=4.084 ms avg=4.084 ms min=4.084 ms max=4.084 ms
Materializacao dos batches: count=1 total=2.02 ms avg=2.02 ms min=2.02 ms max=2.02 ms
Inicializacao do modelo: count=1 total=353.334 ms avg=353.334 ms min=353.334 ms max=353.334 ms
Leitura de batch de treino: count=26900 total=46967.741 ms avg=1.746 ms min=0.945 ms max=19.431 ms
Treino por epoca: count=100 total=654384.004 ms avg=6543.84 ms min=6514.202 ms max=6814.454 ms
Treino por batch: count=26900 total=652560.575 ms avg=24.259 ms min=15.387 ms max=29.783 ms
Transferencia CPU/GPU no treino: count=26900 total=22705.406 ms avg=0.844 ms min=0.494 ms max=6.772 ms
Processamento GPU no treino: count=26900 total=627383.645 ms avg=23.323 ms min=14.69 ms max=24.655 ms
Leitura de batch de predicao: count=337 total=3572.802 ms avg=10.602 ms min=5.245 ms max=26.486 ms
Predicao por batch: count=337 total=2207.891 ms avg=6.552 ms min=0.407 ms max=20.868 ms
Transferencia CPU/GPU na predicao: count=337 total=289.185 ms avg=0.858 ms min=0.064 ms max=3.289 ms
Processamento GPU na predicao: count=337 total=1106.115 ms avg=3.282 ms min=0.186 ms max=3.467 ms
Transferencia GPU/CPU na predicao: count=337 total=103.14 ms avg=0.306 ms min=0.021 ms max=0.513 ms
