Carregando dataset preparado...
Amostras: 11000000, Features: 28
Treino: 8803090, Teste: 2196910
Batch size: 32768
Batches treino: 269, teste: 68
Topologia: [28, 256, 128, 1]

Treinando 100 epochs com lr=0.01...
Epoch 100/100 concluida

--- Resultados finais ---
Acuracia (treino) : 62.77%
Acuracia (teste)  : 62.75%
Precisao : 0.6284
Recall   : 0.7261
F1-Score : 0.6737
Matriz:
  Real 0: TN=533471  FP=499649
  Real 1: FN=318774  TP=845016
Tempo treino: 652.664s

--- Tempos internos do backpropagation ---
Preparacao do dataset: count=1 total=3.5 ms avg=3.5 ms min=3.5 ms max=3.5 ms
Materializacao dos batches: count=1 total=1.563 ms avg=1.563 ms min=1.563 ms max=1.563 ms
Inicializacao do modelo: count=1 total=323.735 ms avg=323.735 ms min=323.735 ms max=323.735 ms
Leitura de batch de treino: count=26900 total=36783.177 ms avg=1.367 ms min=0.676 ms max=7.971 ms
Treino por epoca: count=100 total=652662.726 ms avg=6526.627 ms min=6506.469 ms max=6570.974 ms
Treino por batch: count=26900 total=651214.415 ms avg=24.209 ms min=15.347 ms max=29.043 ms
Transferencia CPU/GPU no treino: count=26900 total=19942.713 ms avg=0.741 ms min=0.49 ms max=4.087 ms
Processamento GPU no treino: count=26900 total=629419.504 ms avg=23.398 ms min=14.753 ms max=24.899 ms
Leitura de batch de predicao: count=337 total=2879.222 ms avg=8.544 ms min=0.918 ms max=14.251 ms
Predicao por batch: count=337 total=2146.851 ms avg=6.37 ms min=0.417 ms max=15.464 ms
Transferencia CPU/GPU na predicao: count=337 total=235.481 ms avg=0.699 ms min=0.057 ms max=3.122 ms
Processamento GPU na predicao: count=337 total=1112.711 ms avg=3.302 ms min=0.187 ms max=3.472 ms
Transferencia GPU/CPU na predicao: count=337 total=70.068 ms avg=0.208 ms min=0.018 ms max=0.303 ms
