Carregando dataset preparado...
Amostras: 11000000, Features: 28
Treino: 8803090, Teste: 2196910
Batch size: 32768
Batches treino: 269, teste: 68
Topologia: [28, 256, 128, 1]

Treinando 100 epochs com lr=0.01...
Epoch 100/100 concluida

--- Resultados finais ---
Acuracia (treino) : 62.77%
Acuracia (teste)  : 62.75%
Precisao : 0.6284
Recall   : 0.7261
F1-Score : 0.6737
Matriz:
  Real 0: TN=533471  FP=499649
  Real 1: FN=318772  TP=845018
Tempo treino: 654.660s

--- Tempos internos do backpropagation ---
Preparacao do dataset: count=1 total=3.275 ms avg=3.275 ms min=3.275 ms max=3.275 ms
Materializacao dos batches: count=1 total=1.675 ms avg=1.675 ms min=1.675 ms max=1.675 ms
Inicializacao do modelo: count=1 total=327.098 ms avg=327.098 ms min=327.098 ms max=327.098 ms
Leitura de batch de treino: count=26900 total=45552.094 ms avg=1.693 ms min=0.886 ms max=6.94 ms
Treino por epoca: count=100 total=654658.841 ms avg=6546.588 ms min=6520.538 ms max=6961.455 ms
Treino por batch: count=26900 total=652905.525 ms avg=24.272 ms min=15.511 ms max=28.451 ms
Transferencia CPU/GPU no treino: count=26900 total=22205.32 ms avg=0.825 ms min=0.496 ms max=4.227 ms
Processamento GPU no treino: count=26900 total=628571.872 ms avg=23.367 ms min=14.551 ms max=26.405 ms
Leitura de batch de predicao: count=337 total=3004.857 ms avg=8.916 ms min=1.041 ms max=14.529 ms
Predicao por batch: count=337 total=2181.341 ms avg=6.473 ms min=0.43 ms max=17.069 ms
Transferencia CPU/GPU na predicao: count=337 total=285.808 ms avg=0.848 ms min=0.085 ms max=1.416 ms
Processamento GPU na predicao: count=337 total=1104.268 ms avg=3.277 ms min=0.183 ms max=3.407 ms
Transferencia GPU/CPU na predicao: count=337 total=103.113 ms avg=0.306 ms min=0.02 ms max=0.409 ms
