Carregando dataset preparado...
Amostras: 11000000, Features: 28
Treino: 8803090, Teste: 2196910
Batch size: 32768
Batches treino: 269, teste: 68
Topologia: [28, 256, 128, 1]

Treinando 100 epochs com lr=0.01...
Epoch 100/100 concluida

--- Resultados finais ---
Acuracia (treino) : 62.77%
Acuracia (teste)  : 62.75%
Precisao : 0.6284
Recall   : 0.7261
F1-Score : 0.6737
Matriz:
  Real 0: TN=533469  FP=499651
  Real 1: FN=318771  TP=845019
Tempo treino: 655.080s

--- Tempos internos do backpropagation ---
Preparacao do dataset: count=1 total=3.168 ms avg=3.168 ms min=3.168 ms max=3.168 ms
Materializacao dos batches: count=1 total=1.486 ms avg=1.486 ms min=1.486 ms max=1.486 ms
Inicializacao do modelo: count=1 total=337.902 ms avg=337.902 ms min=337.902 ms max=337.902 ms
Leitura de batch de treino: count=26900 total=45623.373 ms avg=1.696 ms min=0.878 ms max=9.836 ms
Treino por epoca: count=100 total=655079.386 ms avg=6550.794 ms min=6517.402 ms max=6740.317 ms
Treino por batch: count=26900 total=653254.457 ms avg=24.285 ms min=15.417 ms max=29.867 ms
Transferencia CPU/GPU no treino: count=26900 total=22989.536 ms avg=0.855 ms min=0.496 ms max=5.918 ms
Processamento GPU no treino: count=26900 total=627681.125 ms avg=23.334 ms min=14.519 ms max=24.932 ms
Leitura de batch de predicao: count=337 total=3167.835 ms avg=9.4 ms min=0.768 ms max=15.779 ms
Predicao por batch: count=337 total=2219.204 ms avg=6.585 ms min=0.424 ms max=16.379 ms
Transferencia CPU/GPU na predicao: count=337 total=301.101 ms avg=0.893 ms min=0.069 ms max=3.447 ms
Processamento GPU na predicao: count=337 total=1109.565 ms avg=3.292 ms min=0.188 ms max=3.733 ms
Transferencia GPU/CPU na predicao: count=337 total=103.736 ms avg=0.308 ms min=0.02 ms max=0.398 ms
