Carregando dataset preparado...
Amostras: 11000000, Features: 28
Treino: 8803090, Teste: 2196910
Batch size: 32768
Batches treino: 269, teste: 68
Topologia: [28, 256, 128, 1]

Treinando 100 epochs com lr=0.01...
Epoch 100/100 concluida

--- Resultados finais ---
Acuracia (treino) : 62.77%
Acuracia (teste)  : 62.75%
Precisao : 0.6284
Recall   : 0.7261
F1-Score : 0.6737
Matriz:
  Real 0: TN=533476  FP=499644
  Real 1: FN=318785  TP=845005
Tempo treino: 658.489s

--- Tempos internos do backpropagation ---
Preparacao do dataset: count=1 total=4.042 ms avg=4.042 ms min=4.042 ms max=4.042 ms
Materializacao dos batches: count=1 total=2.107 ms avg=2.107 ms min=2.107 ms max=2.107 ms
Inicializacao do modelo: count=1 total=329.939 ms avg=329.939 ms min=329.939 ms max=329.939 ms
Leitura de batch de treino: count=26900 total=41097.041 ms avg=1.528 ms min=0.632 ms max=6.781 ms
Treino por epoca: count=100 total=658487.288 ms avg=6584.873 ms min=6562.682 ms max=6782.655 ms
Treino por batch: count=26900 total=657248.417 ms avg=24.433 ms min=15.522 ms max=29.104 ms
Transferencia CPU/GPU no treino: count=26900 total=29456.543 ms avg=1.095 ms min=0.721 ms max=5.995 ms
Processamento GPU no treino: count=26900 total=626461.018 ms avg=23.289 ms min=14.699 ms max=24.597 ms
Leitura de batch de predicao: count=337 total=3166.615 ms avg=9.396 ms min=1.32 ms max=15.029 ms
Predicao por batch: count=337 total=2293.516 ms avg=6.806 ms min=0.464 ms max=15.472 ms
Transferencia CPU/GPU na predicao: count=337 total=351.098 ms avg=1.042 ms min=0.096 ms max=5.111 ms
Processamento GPU na predicao: count=337 total=1122.354 ms avg=3.33 ms min=0.193 ms max=5.817 ms
Transferencia GPU/CPU na predicao: count=337 total=87.06 ms avg=0.258 ms min=0.042 ms max=0.459 ms
