Carregando dataset preparado...
Amostras: 11000000, Features: 28
Treino: 8803090, Teste: 2196910
Batch size: 32768
Batches treino: 269, teste: 68
Topologia: [28, 256, 128, 1]

Treinando 100 epochs com lr=0.01...
Epoch 100/100 concluida

--- Resultados finais ---
Acuracia (treino) : 62.77%
Acuracia (teste)  : 62.75%
Precisao : 0.6284
Recall   : 0.7261
F1-Score : 0.6737
Matriz:
  Real 0: TN=533465  FP=499655
  Real 1: FN=318773  TP=845017
Tempo treino: 652.865s

--- Tempos internos do backpropagation ---
Preparacao do dataset: count=1 total=3.375 ms avg=3.375 ms min=3.375 ms max=3.375 ms
Materializacao dos batches: count=1 total=2.29 ms avg=2.29 ms min=2.29 ms max=2.29 ms
Inicializacao do modelo: count=1 total=325.506 ms avg=325.506 ms min=325.506 ms max=325.506 ms
Leitura de batch de treino: count=26900 total=37253.734 ms avg=1.385 ms min=0.7 ms max=6.229 ms
Treino por epoca: count=100 total=652863.815 ms avg=6528.638 ms min=6511.234 ms max=6565.619 ms
Treino por batch: count=26900 total=651368.911 ms avg=24.214 ms min=15.426 ms max=28.223 ms
Transferencia CPU/GPU no treino: count=26900 total=19916.697 ms avg=0.74 ms min=0.49 ms max=1.982 ms
Processamento GPU no treino: count=26900 total=629450.734 ms avg=23.4 ms min=14.853 ms max=25.246 ms
Leitura de batch de predicao: count=337 total=2991.81 ms avg=8.878 ms min=0.849 ms max=16.064 ms
Predicao por batch: count=337 total=2082.508 ms avg=6.18 ms min=0.384 ms max=18.208 ms
Transferencia CPU/GPU na predicao: count=337 total=237.978 ms avg=0.706 ms min=0.08 ms max=3.342 ms
Processamento GPU na predicao: count=337 total=1109.498 ms avg=3.292 ms min=0.18 ms max=3.453 ms
Transferencia GPU/CPU na predicao: count=337 total=74.333 ms avg=0.221 ms min=0.025 ms max=0.367 ms
