Carregando dataset preparado...
Amostras: 11000000, Features: 28
Treino: 8803090, Teste: 2196910
Batch size: 32768
Batches treino: 269, teste: 68
Topologia: [28, 256, 128, 1]

Treinando 100 epochs com lr=0.01...
Epoch 100/100 concluida

--- Resultados finais ---
Acuracia (treino) : 62.77%
Acuracia (teste)  : 62.75%
Precisao : 0.6284
Recall   : 0.7261
F1-Score : 0.6737
Matriz:
  Real 0: TN=533471  FP=499649
  Real 1: FN=318775  TP=845015
Tempo treino: 659.223s

--- Tempos internos do backpropagation ---
Preparacao do dataset: count=1 total=3.674 ms avg=3.674 ms min=3.674 ms max=3.674 ms
Materializacao dos batches: count=1 total=1.55 ms avg=1.55 ms min=1.55 ms max=1.55 ms
Inicializacao do modelo: count=1 total=328.878 ms avg=328.878 ms min=328.878 ms max=328.878 ms
Leitura de batch de treino: count=26900 total=41773.373 ms avg=1.553 ms min=0.673 ms max=12.272 ms
Treino por epoca: count=100 total=659220.91 ms avg=6592.209 ms min=6570.474 ms max=6814.861 ms
Treino por batch: count=26900 total=657829.218 ms avg=24.455 ms min=15.504 ms max=29.13 ms
Transferencia CPU/GPU no treino: count=26900 total=29061.238 ms avg=1.08 ms min=0.715 ms max=6.023 ms
Processamento GPU no treino: count=26900 total=627163.803 ms avg=23.315 ms min=14.249 ms max=25.41 ms
Leitura de batch de predicao: count=337 total=3362.476 ms avg=9.978 ms min=0.786 ms max=21.8 ms
Predicao por batch: count=337 total=2514.228 ms avg=7.461 ms min=0.423 ms max=16.866 ms
Transferencia CPU/GPU na predicao: count=337 total=619.602 ms avg=1.839 ms min=0.064 ms max=7.231 ms
Processamento GPU na predicao: count=337 total=1105.572 ms avg=3.281 ms min=0.19 ms max=5.469 ms
Transferencia GPU/CPU na predicao: count=337 total=96.397 ms avg=0.286 ms min=0.021 ms max=0.457 ms
