Carregando dataset preparado...
Amostras: 11000000, Features: 28
Treino: 8803090, Teste: 2196910
Batch size: 32768
Batches treino: 269, teste: 68
Topologia: [28, 256, 128, 1]

Treinando 100 epochs com lr=0.01...
Epoch 100/100 concluida

--- Resultados finais ---
Acuracia (treino) : 62.77%
Acuracia (teste)  : 62.75%
Precisao : 0.6284
Recall   : 0.7261
F1-Score : 0.6737
Matriz:
  Real 0: TN=533471  FP=499649
  Real 1: FN=318781  TP=845009
Tempo treino: 658.085s

--- Tempos internos do backpropagation ---
Preparacao do dataset: count=1 total=3.102 ms avg=3.102 ms min=3.102 ms max=3.102 ms
Materializacao dos batches: count=1 total=1.467 ms avg=1.467 ms min=1.467 ms max=1.467 ms
Inicializacao do modelo: count=1 total=330.657 ms avg=330.657 ms min=330.657 ms max=330.657 ms
Leitura de batch de treino: count=26900 total=39552.693 ms avg=1.47 ms min=0.709 ms max=10.906 ms
Treino por epoca: count=100 total=658084.396 ms avg=6580.844 ms min=6557.022 ms max=6793.811 ms
Treino por batch: count=26900 total=656695.914 ms avg=24.412 ms min=15.697 ms max=31.539 ms
Transferencia CPU/GPU no treino: count=26900 total=28932.765 ms avg=1.076 ms min=0.72 ms max=8.472 ms
Processamento GPU no treino: count=26900 total=625943.855 ms avg=23.269 ms min=14.85 ms max=24.72 ms
Leitura de batch de predicao: count=337 total=2912.9 ms avg=8.644 ms min=0.765 ms max=13.897 ms
Predicao por batch: count=337 total=2143.559 ms avg=6.361 ms min=0.401 ms max=15.567 ms
Transferencia CPU/GPU na predicao: count=337 total=261.728 ms avg=0.777 ms min=0.061 ms max=1.153 ms
Processamento GPU na predicao: count=337 total=1118.257 ms avg=3.318 ms min=0.189 ms max=3.482 ms
Transferencia GPU/CPU na predicao: count=337 total=70.62 ms avg=0.21 ms min=0.018 ms max=0.253 ms
