Carregando dataset preparado...
Amostras: 11000000, Features: 28
Treino: 8803090, Teste: 2196910
Batch size: 32768
Batches treino: 269, teste: 68
Topologia: [28, 256, 128, 1]

Treinando 100 epochs com lr=0.01...
Epoch 100/100 concluida

--- Resultados finais ---
Acuracia (treino) : 62.77%
Acuracia (teste)  : 62.75%
Precisao : 0.6284
Recall   : 0.7261
F1-Score : 0.6737
Matriz:
  Real 0: TN=533474  FP=499646
  Real 1: FN=318785  TP=845005
Tempo treino: 653.213s

--- Tempos internos do backpropagation ---
Preparacao do dataset: count=1 total=3.029 ms avg=3.029 ms min=3.029 ms max=3.029 ms
Materializacao dos batches: count=1 total=1.433 ms avg=1.433 ms min=1.433 ms max=1.433 ms
Inicializacao do modelo: count=1 total=363.607 ms avg=363.607 ms min=363.607 ms max=363.607 ms
Leitura de batch de treino: count=26900 total=44567.041 ms avg=1.657 ms min=0.802 ms max=7.159 ms
Treino por epoca: count=100 total=653212.543 ms avg=6532.125 ms min=6515.436 ms max=6557.752 ms
Treino por batch: count=26900 total=651448.884 ms avg=24.217 ms min=15.48 ms max=27.676 ms
Transferencia CPU/GPU no treino: count=26900 total=21181.162 ms avg=0.787 ms min=0.496 ms max=4.099 ms
Processamento GPU no treino: count=26900 total=628092.849 ms avg=23.349 ms min=14.868 ms max=25.028 ms
Leitura de batch de predicao: count=337 total=2863.759 ms avg=8.498 ms min=0.606 ms max=15.999 ms
Predicao por batch: count=337 total=2172.722 ms avg=6.447 ms min=0.398 ms max=17.861 ms
Transferencia CPU/GPU na predicao: count=337 total=287.908 ms avg=0.854 ms min=0.061 ms max=3.204 ms
Processamento GPU na predicao: count=337 total=1104.566 ms avg=3.278 ms min=0.18 ms max=3.407 ms
Transferencia GPU/CPU na predicao: count=337 total=101.383 ms avg=0.301 ms min=0.033 ms max=0.691 ms
