Carregando dataset preparado...
Amostras: 11000000, Features: 28
Treino: 8803090, Teste: 2196910
Batch size: 32768
Batches treino: 269, teste: 68
Topologia: [28, 256, 128, 1]

Treinando 100 epochs com lr=0.01...
Epoch 100/100 concluida

--- Resultados finais ---
Acuracia (treino) : 62.77%
Acuracia (teste)  : 62.75%
Precisao : 0.6284
Recall   : 0.7261
F1-Score : 0.6737
Matriz:
  Real 0: TN=533475  FP=499645
  Real 1: FN=318772  TP=845018
Tempo treino: 652.055s

--- Tempos internos do backpropagation ---
Preparacao do dataset: count=1 total=2.897 ms avg=2.897 ms min=2.897 ms max=2.897 ms
Materializacao dos batches: count=1 total=1.523 ms avg=1.523 ms min=1.523 ms max=1.523 ms
Inicializacao do modelo: count=1 total=318.401 ms avg=318.401 ms min=318.401 ms max=318.401 ms
Leitura de batch de treino: count=26900 total=37178.37 ms avg=1.382 ms min=0.677 ms max=9.314 ms
Treino por epoca: count=100 total=652053.599 ms avg=6520.536 ms min=6495.994 ms max=6683.512 ms
Treino por batch: count=26900 total=650656.837 ms avg=24.188 ms min=15.281 ms max=29.653 ms
Transferencia CPU/GPU no treino: count=26900 total=20940.561 ms avg=0.778 ms min=0.49 ms max=6.26 ms
Processamento GPU no treino: count=26900 total=627588.618 ms avg=23.33 ms min=14.546 ms max=24.639 ms
Leitura de batch de predicao: count=337 total=2591.247 ms avg=7.689 ms min=0.534 ms max=16.351 ms
Predicao por batch: count=337 total=2273.933 ms avg=6.748 ms min=0.397 ms max=21.932 ms
Transferencia CPU/GPU na predicao: count=337 total=244.149 ms avg=0.724 ms min=0.059 ms max=3.273 ms
Processamento GPU na predicao: count=337 total=1116.268 ms avg=3.312 ms min=0.189 ms max=3.504 ms
Transferencia GPU/CPU na predicao: count=337 total=69.35 ms avg=0.206 ms min=0.018 ms max=0.306 ms
