Carregando dataset preparado...
Amostras: 11000000, Features: 28
Treino: 8803090, Teste: 2196910
Batch size: 32768
Batches treino: 269, teste: 68
Topologia: [28, 256, 128, 1]

Treinando 100 epochs com lr=0.01...
Epoch 100/100 concluida

--- Resultados finais ---
Acuracia (treino) : 62.77%
Acuracia (teste)  : 62.75%
Precisao : 0.6284
Recall   : 0.7261
F1-Score : 0.6737
Matriz:
  Real 0: TN=533469  FP=499651
  Real 1: FN=318781  TP=845009
Tempo treino: 652.229s

--- Tempos internos do backpropagation ---
Preparacao do dataset: count=1 total=2.553 ms avg=2.553 ms min=2.553 ms max=2.553 ms
Materializacao dos batches: count=1 total=1.432 ms avg=1.432 ms min=1.432 ms max=1.432 ms
Inicializacao do modelo: count=1 total=373.589 ms avg=373.589 ms min=373.589 ms max=373.589 ms
Leitura de batch de treino: count=26900 total=45776.576 ms avg=1.702 ms min=0.859 ms max=7.427 ms
Treino por epoca: count=100 total=652228.561 ms avg=6522.286 ms min=6506.811 ms max=6537.373 ms
Treino por batch: count=26900 total=650418.219 ms avg=24.179 ms min=15.531 ms max=26.087 ms
Transferencia CPU/GPU no treino: count=26900 total=20983.567 ms avg=0.78 ms min=0.501 ms max=2.465 ms
Processamento GPU no treino: count=26900 total=627200.904 ms avg=23.316 ms min=14.944 ms max=24.852 ms
Leitura de batch de predicao: count=337 total=3022.764 ms avg=8.97 ms min=0.657 ms max=14.894 ms
Predicao por batch: count=337 total=2152.203 ms avg=6.386 ms min=0.435 ms max=21.425 ms
Transferencia CPU/GPU na predicao: count=337 total=287.484 ms avg=0.853 ms min=0.084 ms max=3.196 ms
Processamento GPU na predicao: count=337 total=1101.202 ms avg=3.268 ms min=0.188 ms max=3.435 ms
Transferencia GPU/CPU na predicao: count=337 total=98.142 ms avg=0.291 ms min=0.022 ms max=0.367 ms
