Carregando dataset preparado...
Amostras: 11000000, Features: 28
Treino: 8803090, Teste: 2196910
Batch size: 32768
Batches treino: 269, teste: 68
Topologia: [28, 256, 128, 1]

Treinando 100 epochs com lr=0.01...
Epoch 100/100 concluida

--- Resultados finais ---
Acuracia (treino) : 62.77%
Acuracia (teste)  : 62.75%
Precisao : 0.6284
Recall   : 0.7261
F1-Score : 0.6737
Matriz:
  Real 0: TN=533472  FP=499648
  Real 1: FN=318776  TP=845014
Tempo treino: 659.179s

--- Tempos internos do backpropagation ---
Preparacao do dataset: count=1 total=3.062 ms avg=3.062 ms min=3.062 ms max=3.062 ms
Materializacao dos batches: count=1 total=1.311 ms avg=1.311 ms min=1.311 ms max=1.311 ms
Inicializacao do modelo: count=1 total=323.371 ms avg=323.371 ms min=323.371 ms max=323.371 ms
Leitura de batch de treino: count=26900 total=42673.209 ms avg=1.586 ms min=0.755 ms max=10.382 ms
Treino por epoca: count=100 total=659177.371 ms avg=6591.774 ms min=6561.834 ms max=6750.142 ms
Treino por batch: count=26900 total=657685.048 ms avg=24.449 ms min=15.374 ms max=30.705 ms
Transferencia CPU/GPU no treino: count=26900 total=29338.878 ms avg=1.091 ms min=0.51 ms max=7.4 ms
Processamento GPU no treino: count=26900 total=626480.029 ms avg=23.289 ms min=14.552 ms max=24.806 ms
Leitura de batch de predicao: count=337 total=2971.612 ms avg=8.818 ms min=1.107 ms max=15.603 ms
Predicao por batch: count=337 total=2158.01 ms avg=6.404 ms min=0.405 ms max=20.814 ms
Transferencia CPU/GPU na predicao: count=337 total=267.393 ms avg=0.793 ms min=0.062 ms max=0.944 ms
Processamento GPU na predicao: count=337 total=1113.271 ms avg=3.303 ms min=0.188 ms max=3.45 ms
Transferencia GPU/CPU na predicao: count=337 total=72.123 ms avg=0.214 ms min=0.019 ms max=0.433 ms
