Carregando dataset preparado...
Amostras: 11000000, Features: 28
Treino: 8803090, Teste: 2196910
Batch size: 32768
Batches treino: 269, teste: 68
Topologia: [28, 256, 128, 1]

Treinando 100 epochs com lr=0.01...
Epoch 100/100 concluida

--- Resultados finais ---
Acuracia (treino) : 62.77%
Acuracia (teste)  : 62.75%
Precisao : 0.6284
Recall   : 0.7261
F1-Score : 0.6737
Matriz:
  Real 0: TN=533475  FP=499645
  Real 1: FN=318774  TP=845016
Tempo treino: 655.886s

--- Tempos internos do backpropagation ---
Preparacao do dataset: count=1 total=3.321 ms avg=3.321 ms min=3.321 ms max=3.321 ms
Materializacao dos batches: count=1 total=1.589 ms avg=1.589 ms min=1.589 ms max=1.589 ms
Inicializacao do modelo: count=1 total=328.263 ms avg=328.263 ms min=328.263 ms max=328.263 ms
Leitura de batch de treino: count=26900 total=46254.425 ms avg=1.719 ms min=0.902 ms max=10.146 ms
Treino por epoca: count=100 total=655884.837 ms avg=6558.848 ms min=6524.962 ms max=6839.597 ms
Treino por batch: count=26900 total=654162.176 ms avg=24.318 ms min=15.462 ms max=29.298 ms
Transferencia CPU/GPU no treino: count=26900 total=23377.52 ms avg=0.869 ms min=0.496 ms max=6.348 ms
Processamento GPU no treino: count=26900 total=628624.685 ms avg=23.369 ms min=14.827 ms max=24.991 ms
Leitura de batch de predicao: count=337 total=3000.249 ms avg=8.903 ms min=0.765 ms max=17.287 ms
Predicao por batch: count=337 total=2214.306 ms avg=6.571 ms min=0.415 ms max=17.783 ms
Transferencia CPU/GPU na predicao: count=337 total=303.327 ms avg=0.9 ms min=0.061 ms max=3.65 ms
Processamento GPU na predicao: count=337 total=1108.32 ms avg=3.289 ms min=0.179 ms max=3.497 ms
Transferencia GPU/CPU na predicao: count=337 total=102.787 ms avg=0.305 ms min=0.02 ms max=0.5 ms
