Carregando dataset preparado...
Amostras: 11000000, Features: 28
Treino: 8803090, Teste: 2196910
Batch size: 32768
Batches treino: 269, teste: 68
Topologia: [28, 256, 128, 1]

Treinando 100 epochs com lr=0.01...
Epoch 100/100 concluida

--- Resultados finais ---
Acuracia (treino) : 62.77%
Acuracia (teste)  : 62.75%
Precisao : 0.6284
Recall   : 0.7261
F1-Score : 0.6737
Matriz:
  Real 0: TN=533477  FP=499643
  Real 1: FN=318777  TP=845013
Tempo treino: 657.324s

--- Tempos internos do backpropagation ---
Preparacao do dataset: count=1 total=3.09 ms avg=3.09 ms min=3.09 ms max=3.09 ms
Materializacao dos batches: count=1 total=1.463 ms avg=1.463 ms min=1.463 ms max=1.463 ms
Inicializacao do modelo: count=1 total=321.877 ms avg=321.877 ms min=321.877 ms max=321.877 ms
Leitura de batch de treino: count=26900 total=54014.929 ms avg=2.008 ms min=1.176 ms max=10.422 ms
Treino por epoca: count=100 total=657322.311 ms avg=6573.223 ms min=6556.918 ms max=6637.088 ms
Treino por batch: count=26900 total=655399.347 ms avg=24.364 ms min=15.485 ms max=31.075 ms
Transferencia CPU/GPU no treino: count=26900 total=25122.406 ms avg=0.934 ms min=0.636 ms max=5.795 ms
Processamento GPU no treino: count=26900 total=627892.24 ms avg=23.342 ms min=14.764 ms max=26.117 ms
Leitura de batch de predicao: count=337 total=3154.399 ms avg=9.36 ms min=0.739 ms max=19.014 ms
Predicao por batch: count=337 total=2212.842 ms avg=6.566 ms min=0.419 ms max=18.41 ms
Transferencia CPU/GPU na predicao: count=337 total=299.28 ms avg=0.888 ms min=0.066 ms max=3.926 ms
Processamento GPU na predicao: count=337 total=1105.57 ms avg=3.281 ms min=0.188 ms max=3.423 ms
Transferencia GPU/CPU na predicao: count=337 total=75.641 ms avg=0.224 ms min=0.019 ms max=0.323 ms
