Carregando dataset preparado...
Amostras: 11000000, Features: 28
Treino: 8803090, Teste: 2196910
Batch size: 32768
Batches treino: 269, teste: 68
Topologia: [28, 256, 128, 1]

Treinando 100 epochs com lr=0.01...
Epoch 100/100 concluida

--- Resultados finais ---
Acuracia (treino) : 62.77%
Acuracia (teste)  : 62.75%
Precisao : 0.6284
Recall   : 0.7261
F1-Score : 0.6737
Matriz:
  Real 0: TN=533470  FP=499650
  Real 1: FN=318771  TP=845019
Tempo treino: 651.316s

--- Tempos internos do backpropagation ---
Preparacao do dataset: count=1 total=3.194 ms avg=3.194 ms min=3.194 ms max=3.194 ms
Materializacao dos batches: count=1 total=1.667 ms avg=1.667 ms min=1.667 ms max=1.667 ms
Inicializacao do modelo: count=1 total=331.345 ms avg=331.345 ms min=331.345 ms max=331.345 ms
Leitura de batch de treino: count=26900 total=37666.5 ms avg=1.4 ms min=0.613 ms max=6.424 ms
Treino por epoca: count=100 total=651314.548 ms avg=6513.145 ms min=6494.118 ms max=6656.649 ms
Treino por batch: count=26900 total=649873.345 ms avg=24.159 ms min=15.508 ms max=28.083 ms
Transferencia CPU/GPU no treino: count=26900 total=20502.012 ms avg=0.762 ms min=0.491 ms max=3.441 ms
Processamento GPU no treino: count=26900 total=627510.727 ms avg=23.328 ms min=14.851 ms max=24.618 ms
Leitura de batch de predicao: count=337 total=2973.903 ms avg=8.825 ms min=0.687 ms max=16.454 ms
Predicao por batch: count=337 total=2162.728 ms avg=6.418 ms min=0.505 ms max=17.784 ms
Transferencia CPU/GPU na predicao: count=337 total=265.816 ms avg=0.789 ms min=0.06 ms max=4.741 ms
Processamento GPU na predicao: count=337 total=1114.518 ms avg=3.307 ms min=0.18 ms max=3.569 ms
Transferencia GPU/CPU na predicao: count=337 total=71.416 ms avg=0.212 ms min=0.018 ms max=0.385 ms
