Carregando dataset preparado...
Amostras: 11000000, Features: 28
Treino: 8803090, Teste: 2196910
Batch size: 32768
Batches treino: 269, teste: 68
Topologia: [28, 256, 128, 1]

Treinando 100 epochs com lr=0.01...
Epoch 100/100 concluida

--- Resultados finais ---
Acuracia (treino) : 62.77%
Acuracia (teste)  : 62.75%
Precisao : 0.6284
Recall   : 0.7261
F1-Score : 0.6737
Matriz:
  Real 0: TN=533469  FP=499651
  Real 1: FN=318776  TP=845014
Tempo treino: 659.962s

--- Tempos internos do backpropagation ---
Preparacao do dataset: count=1 total=3.912 ms avg=3.912 ms min=3.912 ms max=3.912 ms
Materializacao dos batches: count=1 total=1.821 ms avg=1.821 ms min=1.821 ms max=1.821 ms
Inicializacao do modelo: count=1 total=335.859 ms avg=335.859 ms min=335.859 ms max=335.859 ms
Leitura de batch de treino: count=26900 total=47568.369 ms avg=1.768 ms min=0.788 ms max=11.707 ms
Treino por epoca: count=100 total=659960.155 ms avg=6599.602 ms min=6529.472 ms max=6807.271 ms
Treino por batch: count=26900 total=658235.152 ms avg=24.47 ms min=15.485 ms max=29.774 ms
Transferencia CPU/GPU no treino: count=26900 total=29705.036 ms avg=1.104 ms min=0.501 ms max=7.374 ms
Processamento GPU no treino: count=26900 total=626229.266 ms avg=23.28 ms min=14.689 ms max=25.188 ms
Leitura de batch de predicao: count=337 total=3098.949 ms avg=9.196 ms min=0.892 ms max=16.972 ms
Predicao por batch: count=337 total=2163.953 ms avg=6.421 ms min=0.459 ms max=20.459 ms
Transferencia CPU/GPU na predicao: count=337 total=288.205 ms avg=0.855 ms min=0.067 ms max=3.726 ms
Processamento GPU na predicao: count=337 total=1103.2 ms avg=3.274 ms min=0.187 ms max=3.434 ms
Transferencia GPU/CPU na predicao: count=337 total=104.965 ms avg=0.311 ms min=0.057 ms max=0.455 ms
