Carregando dataset preparado...
Amostras: 11000000, Features: 28
Treino: 8803090, Teste: 2196910
Batch size: 32768
Batches treino: 269, teste: 68
Topologia: [28, 256, 128, 1]

Treinando 100 epochs com lr=0.01...
Epoch 100/100 concluida

--- Resultados finais ---
Acuracia (treino) : 62.77%
Acuracia (teste)  : 62.75%
Precisao : 0.6284
Recall   : 0.7261
F1-Score : 0.6737
Matriz:
  Real 0: TN=533479  FP=499641
  Real 1: FN=318780  TP=845010
Tempo treino: 653.044s

--- Tempos internos do backpropagation ---
Preparacao do dataset: count=1 total=2.96 ms avg=2.96 ms min=2.96 ms max=2.96 ms
Materializacao dos batches: count=1 total=1.54 ms avg=1.54 ms min=1.54 ms max=1.54 ms
Inicializacao do modelo: count=1 total=335.692 ms avg=335.692 ms min=335.692 ms max=335.692 ms
Leitura de batch de treino: count=26900 total=37139.782 ms avg=1.381 ms min=0.662 ms max=7.319 ms
Treino por epoca: count=100 total=653043.191 ms avg=6530.432 ms min=6506.058 ms max=6545.296 ms
Treino por batch: count=26900 total=651595.11 ms avg=24.223 ms min=15.325 ms max=27.038 ms
Transferencia CPU/GPU no treino: count=26900 total=19746.631 ms avg=0.734 ms min=0.489 ms max=1.936 ms
Processamento GPU no treino: count=26900 total=629508.766 ms avg=23.402 ms min=14.765 ms max=24.82 ms
Leitura de batch de predicao: count=337 total=2908.644 ms avg=8.631 ms min=0.939 ms max=16.42 ms
Predicao por batch: count=337 total=2042.81 ms avg=6.062 ms min=0.396 ms max=15.515 ms
Transferencia CPU/GPU na predicao: count=337 total=234.661 ms avg=0.696 ms min=0.057 ms max=3.271 ms
Processamento GPU na predicao: count=337 total=1112.198 ms avg=3.3 ms min=0.187 ms max=3.471 ms
Transferencia GPU/CPU na predicao: count=337 total=69.638 ms avg=0.207 ms min=0.018 ms max=0.26 ms
