Carregando dataset preparado...
Amostras: 11000000, Features: 28
Treino: 8803090, Teste: 2196910
Batch size: 32768
Batches treino: 269, teste: 68
Topologia: [28, 256, 128, 1]

Treinando 100 epochs com lr=0.01...
Epoch 100/100 concluida

--- Resultados finais ---
Acuracia (treino) : 62.77%
Acuracia (teste)  : 62.75%
Precisao : 0.6284
Recall   : 0.7261
F1-Score : 0.6737
Matriz:
  Real 0: TN=533473  FP=499647
  Real 1: FN=318774  TP=845016
Tempo treino: 652.534s

--- Tempos internos do backpropagation ---
Preparacao do dataset: count=1 total=3.151 ms avg=3.151 ms min=3.151 ms max=3.151 ms
Materializacao dos batches: count=1 total=1.519 ms avg=1.519 ms min=1.519 ms max=1.519 ms
Inicializacao do modelo: count=1 total=358.436 ms avg=358.436 ms min=358.436 ms max=358.436 ms
Leitura de batch de treino: count=26900 total=38230.851 ms avg=1.421 ms min=0.67 ms max=6.006 ms
Treino por epoca: count=100 total=652532.539 ms avg=6525.325 ms min=6503.225 ms max=6569.254 ms
Treino por batch: count=26900 total=651073.818 ms avg=24.203 ms min=15.463 ms max=28.849 ms
Transferencia CPU/GPU no treino: count=26900 total=20451.294 ms avg=0.76 ms min=0.489 ms max=2.4 ms
Processamento GPU no treino: count=26900 total=628790.489 ms avg=23.375 ms min=14.805 ms max=24.654 ms
Leitura de batch de predicao: count=337 total=2846.043 ms avg=8.445 ms min=0.884 ms max=16.004 ms
Predicao por batch: count=337 total=2167.229 ms avg=6.431 ms min=0.547 ms max=21.24 ms
Transferencia CPU/GPU na predicao: count=337 total=244.295 ms avg=0.725 ms min=0.03 ms max=3.014 ms
Processamento GPU na predicao: count=337 total=1109.031 ms avg=3.291 ms min=0.19 ms max=3.464 ms
Transferencia GPU/CPU na predicao: count=337 total=70.091 ms avg=0.208 ms min=0.018 ms max=0.329 ms
