Carregando dataset preparado...
Amostras: 11000000, Features: 28
Treino: 8803090, Teste: 2196910
Batch size: 32768
Batches treino: 269, teste: 68
Topologia: [28, 256, 128, 1]

Treinando 100 epochs com lr=0.01...
Epoch 100/100 concluida

--- Resultados finais ---
Acuracia (treino) : 62.77%
Acuracia (teste)  : 62.75%
Precisao : 0.6284
Recall   : 0.7261
F1-Score : 0.6737
Matriz:
  Real 0: TN=533475  FP=499645
  Real 1: FN=318780  TP=845010
Tempo treino: 654.562s

--- Tempos internos do backpropagation ---
Preparacao do dataset: count=1 total=2.932 ms avg=2.932 ms min=2.932 ms max=2.932 ms
Materializacao dos batches: count=1 total=1.434 ms avg=1.434 ms min=1.434 ms max=1.434 ms
Inicializacao do modelo: count=1 total=324.026 ms avg=324.026 ms min=324.026 ms max=324.026 ms
Leitura de batch de treino: count=26900 total=47187.809 ms avg=1.754 ms min=0.849 ms max=14.471 ms
Treino por epoca: count=100 total=654560.77 ms avg=6545.608 ms min=6515.066 ms max=6869.773 ms
Treino por batch: count=26900 total=652658.387 ms avg=24.262 ms min=15.305 ms max=30.902 ms
Transferencia CPU/GPU no treino: count=26900 total=23717.698 ms avg=0.882 ms min=0.504 ms max=6.138 ms
Processamento GPU no treino: count=26900 total=626526.662 ms avg=23.291 ms min=14.687 ms max=26.088 ms
Leitura de batch de predicao: count=337 total=3141.201 ms avg=9.321 ms min=0.839 ms max=17.811 ms
Predicao por batch: count=337 total=2207.126 ms avg=6.549 ms min=0.416 ms max=18.259 ms
Transferencia CPU/GPU na predicao: count=337 total=301.172 ms avg=0.894 ms min=0.068 ms max=3.382 ms
Processamento GPU na predicao: count=337 total=1106.328 ms avg=3.283 ms min=0.182 ms max=3.421 ms
Transferencia GPU/CPU na predicao: count=337 total=106.21 ms avg=0.315 ms min=0.022 ms max=0.419 ms
