Carregando dataset preparado...
Amostras: 11000000, Features: 28
Treino: 8803090, Teste: 2196910
Batch size: 32768
Batches treino: 269, teste: 68
Topologia: [28, 256, 128, 1]

Treinando 100 epochs com lr=0.01...
Epoch 100/100 concluida

--- Resultados finais ---
Acuracia (treino) : 62.77%
Acuracia (teste)  : 62.75%
Precisao : 0.6284
Recall   : 0.7261
F1-Score : 0.6737
Matriz:
  Real 0: TN=533477  FP=499643
  Real 1: FN=318779  TP=845011
Tempo treino: 657.240s

--- Tempos internos do backpropagation ---
Preparacao do dataset: count=1 total=2.87 ms avg=2.87 ms min=2.87 ms max=2.87 ms
Materializacao dos batches: count=1 total=1.445 ms avg=1.445 ms min=1.445 ms max=1.445 ms
Inicializacao do modelo: count=1 total=323.656 ms avg=323.656 ms min=323.656 ms max=323.656 ms
Leitura de batch de treino: count=26900 total=51837.175 ms avg=1.927 ms min=1.083 ms max=8.9 ms
Treino por epoca: count=100 total=657238.542 ms avg=6572.385 ms min=6549.91 ms max=6682.815 ms
Treino por batch: count=26900 total=655438.828 ms avg=24.366 ms min=15.552 ms max=30.697 ms
Transferencia CPU/GPU no treino: count=26900 total=25793.959 ms avg=0.959 ms min=0.636 ms max=6.524 ms
Processamento GPU no treino: count=26900 total=627436.255 ms avg=23.325 ms min=14.765 ms max=25.776 ms
Leitura de batch de predicao: count=337 total=3043.833 ms avg=9.032 ms min=0.757 ms max=15.721 ms
Predicao por batch: count=337 total=2087.53 ms avg=6.194 ms min=0.408 ms max=15.499 ms
Transferencia CPU/GPU na predicao: count=337 total=280.299 ms avg=0.832 ms min=0.063 ms max=4.303 ms
Processamento GPU na predicao: count=337 total=1104.645 ms avg=3.278 ms min=0.188 ms max=3.463 ms
Transferencia GPU/CPU na predicao: count=337 total=74.556 ms avg=0.221 ms min=0.02 ms max=0.414 ms
