Carregando dataset preparado...
Amostras: 11000000, Features: 28
Treino: 8803090, Teste: 2196910
Batch size: 32768
Batches treino: 269, teste: 68
Topologia: [28, 256, 128, 1]

Treinando 100 epochs com lr=0.01...
Epoch 100/100 concluida

--- Resultados finais ---
Acuracia (treino) : 62.77%
Acuracia (teste)  : 62.75%
Precisao : 0.6284
Recall   : 0.7261
F1-Score : 0.6737
Matriz:
  Real 0: TN=533474  FP=499646
  Real 1: FN=318772  TP=845018
Tempo treino: 653.102s

--- Tempos internos do backpropagation ---
Preparacao do dataset: count=1 total=3.198 ms avg=3.198 ms min=3.198 ms max=3.198 ms
Materializacao dos batches: count=1 total=1.452 ms avg=1.452 ms min=1.452 ms max=1.452 ms
Inicializacao do modelo: count=1 total=341.619 ms avg=341.619 ms min=341.619 ms max=341.619 ms
Leitura de batch de treino: count=26900 total=44894.815 ms avg=1.669 ms min=0.876 ms max=19.213 ms
Treino por epoca: count=100 total=653100.639 ms avg=6531.006 ms min=6511.341 ms max=6575.575 ms
Treino por batch: count=26900 total=651282.756 ms avg=24.211 ms min=15.468 ms max=31.867 ms
Transferencia CPU/GPU no treino: count=26900 total=21395.515 ms avg=0.795 ms min=0.498 ms max=8.479 ms
Processamento GPU no treino: count=26900 total=627675.471 ms avg=23.334 ms min=14.847 ms max=24.996 ms
Leitura de batch de predicao: count=337 total=3092.177 ms avg=9.176 ms min=0.734 ms max=17.238 ms
Predicao por batch: count=337 total=2167.702 ms avg=6.432 ms min=0.445 ms max=16.542 ms
Transferencia CPU/GPU na predicao: count=337 total=301.869 ms avg=0.896 ms min=0.074 ms max=3.277 ms
Processamento GPU na predicao: count=337 total=1102.856 ms avg=3.273 ms min=0.188 ms max=3.443 ms
Transferencia GPU/CPU na predicao: count=337 total=102.742 ms avg=0.305 ms min=0.034 ms max=0.414 ms
