Carregando dataset preparado...
Amostras: 11000000, Features: 28
Treino: 8803090, Teste: 2196910
Batch size: 32768
Batches treino: 269, teste: 68
Topologia: [28, 256, 128, 1]

Treinando 100 epochs com lr=0.01...
Epoch 100/100 concluida

--- Resultados finais ---
Acuracia (treino) : 62.77%
Acuracia (teste)  : 62.75%
Precisao : 0.6284
Recall   : 0.7261
F1-Score : 0.6737
Matriz:
  Real 0: TN=533469  FP=499651
  Real 1: FN=318782  TP=845008
Tempo treino: 654.475s

--- Tempos internos do backpropagation ---
Preparacao do dataset: count=1 total=2.892 ms avg=2.892 ms min=2.892 ms max=2.892 ms
Materializacao dos batches: count=1 total=1.378 ms avg=1.378 ms min=1.378 ms max=1.378 ms
Inicializacao do modelo: count=1 total=331.696 ms avg=331.696 ms min=331.696 ms max=331.696 ms
Leitura de batch de treino: count=26900 total=44912.596 ms avg=1.67 ms min=0.845 ms max=6.66 ms
Treino por epoca: count=100 total=654474.347 ms avg=6544.743 ms min=6523.583 ms max=6640.929 ms
Treino por batch: count=26900 total=652759.12 ms avg=24.266 ms min=15.318 ms max=27.422 ms
Transferencia CPU/GPU no treino: count=26900 total=21772.197 ms avg=0.809 ms min=0.497 ms max=2.36 ms
Processamento GPU no treino: count=26900 total=629045.663 ms avg=23.385 ms min=14.695 ms max=24.914 ms
Leitura de batch de predicao: count=337 total=3139.628 ms avg=9.316 ms min=0.516 ms max=15.844 ms
Predicao por batch: count=337 total=2202.485 ms avg=6.536 ms min=0.417 ms max=17.268 ms
Transferencia CPU/GPU na predicao: count=337 total=291.781 ms avg=0.866 ms min=0.071 ms max=1.347 ms
Processamento GPU na predicao: count=337 total=1104.194 ms avg=3.277 ms min=0.198 ms max=3.415 ms
Transferencia GPU/CPU na predicao: count=337 total=107.049 ms avg=0.318 ms min=0.017 ms max=0.475 ms
