Carregando dataset preparado...
Amostras: 11000000, Features: 28
Treino: 8803090, Teste: 2196910
Batch size: 32768
Batches treino: 269, teste: 68
Topologia: [28, 256, 128, 1]

Treinando 100 epochs com lr=0.01...
Epoch 100/100 concluida

--- Resultados finais ---
Acuracia (treino) : 62.77%
Acuracia (teste)  : 62.75%
Precisao : 0.6284
Recall   : 0.7261
F1-Score : 0.6737
Matriz:
  Real 0: TN=533480  FP=499640
  Real 1: FN=318777  TP=845013
Tempo treino: 651.917s

--- Tempos internos do backpropagation ---
Preparacao do dataset: count=1 total=3.301 ms avg=3.301 ms min=3.301 ms max=3.301 ms
Materializacao dos batches: count=1 total=1.533 ms avg=1.533 ms min=1.533 ms max=1.533 ms
Inicializacao do modelo: count=1 total=322.785 ms avg=322.785 ms min=322.785 ms max=322.785 ms
Leitura de batch de treino: count=26900 total=35692.085 ms avg=1.327 ms min=0.625 ms max=6.545 ms
Treino por epoca: count=100 total=651916.318 ms avg=6519.163 ms min=6494.247 ms max=6562.502 ms
Treino por batch: count=26900 total=650478.705 ms avg=24.181 ms min=15.485 ms max=26.738 ms
Transferencia CPU/GPU no treino: count=26900 total=21316.488 ms avg=0.792 ms min=0.495 ms max=3.19 ms
Processamento GPU no treino: count=26900 total=627296.861 ms avg=23.32 ms min=14.926 ms max=24.718 ms
Leitura de batch de predicao: count=337 total=2923.044 ms avg=8.674 ms min=0.658 ms max=16.042 ms
Predicao por batch: count=337 total=2104.929 ms avg=6.246 ms min=0.399 ms max=14.75 ms
Transferencia CPU/GPU na predicao: count=337 total=243.062 ms avg=0.721 ms min=0.059 ms max=3.203 ms
Processamento GPU na predicao: count=337 total=1115.314 ms avg=3.31 ms min=0.187 ms max=3.461 ms
Transferencia GPU/CPU na predicao: count=337 total=72.434 ms avg=0.215 ms min=0.019 ms max=0.375 ms
