Carregando dataset preparado...
Amostras: 11000000, Features: 28
Treino: 8803090, Teste: 2196910
Batch size: 32768
Batches treino: 269, teste: 68
Topologia: [28, 256, 128, 1]

Treinando 100 epochs com lr=0.01...
Epoch 100/100 concluida

--- Resultados finais ---
Acuracia (treino) : 62.77%
Acuracia (teste)  : 62.75%
Precisao : 0.6284
Recall   : 0.7261
F1-Score : 0.6737
Matriz:
  Real 0: TN=533471  FP=499649
  Real 1: FN=318769  TP=845021
Tempo treino: 652.487s

--- Tempos internos do backpropagation ---
Preparacao do dataset: count=1 total=3.186 ms avg=3.186 ms min=3.186 ms max=3.186 ms
Materializacao dos batches: count=1 total=1.405 ms avg=1.405 ms min=1.405 ms max=1.405 ms
Inicializacao do modelo: count=1 total=323.721 ms avg=323.721 ms min=323.721 ms max=323.721 ms
Leitura de batch de treino: count=26900 total=46052.028 ms avg=1.712 ms min=0.93 ms max=11.883 ms
Treino por epoca: count=100 total=652485.909 ms avg=6524.859 ms min=6507.788 ms max=6576.725 ms
Treino por batch: count=26900 total=650572.843 ms avg=24.185 ms min=15.491 ms max=27.957 ms
Transferencia CPU/GPU no treino: count=26900 total=21103.844 ms avg=0.785 ms min=0.498 ms max=2.402 ms
Processamento GPU no treino: count=26900 total=627253.554 ms avg=23.318 ms min=14.937 ms max=24.73 ms
Leitura de batch de predicao: count=337 total=3278.301 ms avg=9.728 ms min=0.83 ms max=19.363 ms
Predicao por batch: count=337 total=2433.881 ms avg=7.222 ms min=0.423 ms max=20.953 ms
Transferencia CPU/GPU na predicao: count=337 total=462.462 ms avg=1.372 ms min=0.074 ms max=7.26 ms
Processamento GPU na predicao: count=337 total=1104.015 ms avg=3.276 ms min=0.185 ms max=3.554 ms
Transferencia GPU/CPU na predicao: count=337 total=106.359 ms avg=0.316 ms min=0.022 ms max=0.494 ms
