Carregando dataset preparado...
Amostras: 11000000, Features: 28
Treino: 8803090, Teste: 2196910
Batch size: 32768
Batches treino: 269, teste: 68
Topologia: [28, 256, 128, 1]

Treinando 100 epochs com lr=0.01...
Epoch 100/100 concluida

--- Resultados finais ---
Acuracia (treino) : 62.77%
Acuracia (teste)  : 62.75%
Precisao : 0.6284
Recall   : 0.7261
F1-Score : 0.6737
Matriz:
  Real 0: TN=533475  FP=499645
  Real 1: FN=318783  TP=845007
Tempo treino: 652.816s

--- Tempos internos do backpropagation ---
Preparacao do dataset: count=1 total=3.058 ms avg=3.058 ms min=3.058 ms max=3.058 ms
Materializacao dos batches: count=1 total=1.285 ms avg=1.285 ms min=1.285 ms max=1.285 ms
Inicializacao do modelo: count=1 total=349.049 ms avg=349.049 ms min=349.049 ms max=349.049 ms
Leitura de batch de treino: count=26900 total=39277.033 ms avg=1.46 ms min=0.714 ms max=6.247 ms
Treino por epoca: count=100 total=652814.625 ms avg=6528.146 ms min=6509.211 ms max=6540.235 ms
Treino por batch: count=26900 total=651363.428 ms avg=24.214 ms min=15.474 ms max=27.125 ms
Transferencia CPU/GPU no treino: count=26900 total=20078.444 ms avg=0.746 ms min=0.491 ms max=1.927 ms
Processamento GPU no treino: count=26900 total=629134.168 ms avg=23.388 ms min=14.842 ms max=24.619 ms
Leitura de batch de predicao: count=337 total=2984.628 ms avg=8.856 ms min=0.532 ms max=18.848 ms
Predicao por batch: count=337 total=2120.182 ms avg=6.291 ms min=0.371 ms max=15.003 ms
Transferencia CPU/GPU na predicao: count=337 total=261.942 ms avg=0.777 ms min=0.051 ms max=3.485 ms
Processamento GPU na predicao: count=337 total=1109.237 ms avg=3.292 ms min=0.187 ms max=3.431 ms
Transferencia GPU/CPU na predicao: count=337 total=75.577 ms avg=0.224 ms min=0.017 ms max=0.319 ms
