Carregando dataset preparado...
Amostras: 11000000, Features: 28
Treino: 8803090, Teste: 2196910
Batch size: 32768
Batches treino: 269, teste: 68
Topologia: [28, 256, 128, 1]

Treinando 100 epochs com lr=0.01...
Epoch 100/100 concluida

--- Resultados finais ---
Acuracia (treino) : 62.77%
Acuracia (teste)  : 62.75%
Precisao : 0.6284
Recall   : 0.7261
F1-Score : 0.6737
Matriz:
  Real 0: TN=533478  FP=499642
  Real 1: FN=318782  TP=845008
Tempo treino: 660.322s

--- Tempos internos do backpropagation ---
Preparacao do dataset: count=1 total=2.857 ms avg=2.857 ms min=2.857 ms max=2.857 ms
Materializacao dos batches: count=1 total=1.407 ms avg=1.407 ms min=1.407 ms max=1.407 ms
Inicializacao do modelo: count=1 total=317.852 ms avg=317.852 ms min=317.852 ms max=317.852 ms
Leitura de batch de treino: count=26900 total=44078.292 ms avg=1.639 ms min=0.734 ms max=10.597 ms
Treino por epoca: count=100 total=660320.334 ms avg=6603.203 ms min=6562.413 ms max=6753.087 ms
Treino por batch: count=26900 total=658819.798 ms avg=24.491 ms min=15.413 ms max=31.002 ms
Transferencia CPU/GPU no treino: count=26900 total=30990.072 ms avg=1.152 ms min=0.673 ms max=8.22 ms
Processamento GPU no treino: count=26900 total=625889.645 ms avg=23.267 ms min=14.606 ms max=24.604 ms
Leitura de batch de predicao: count=337 total=3307.697 ms avg=9.815 ms min=0.75 ms max=17.079 ms
Predicao por batch: count=337 total=2376.265 ms avg=7.051 ms min=0.425 ms max=19.485 ms
Transferencia CPU/GPU na predicao: count=337 total=365.252 ms avg=1.084 ms min=0.087 ms max=3.961 ms
Processamento GPU na predicao: count=337 total=1125.038 ms avg=3.338 ms min=0.187 ms max=5.841 ms
Transferencia GPU/CPU na predicao: count=337 total=77.421 ms avg=0.23 ms min=0.029 ms max=0.347 ms
