Carregando dataset preparado...
Amostras: 11000000, Features: 28
Treino: 8803090, Teste: 2196910
Batch size: 32768
Batches treino: 269, teste: 68
Topologia: [28, 256, 128, 1]

Treinando 100 epochs com lr=0.01...
Epoch 100/100 concluida

--- Resultados finais ---
Acuracia (treino) : 62.77%
Acuracia (teste)  : 62.75%
Precisao : 0.6284
Recall   : 0.7261
F1-Score : 0.6737
Matriz:
  Real 0: TN=533471  FP=499649
  Real 1: FN=318773  TP=845017
Tempo treino: 654.042s

--- Tempos internos do backpropagation ---
Preparacao do dataset: count=1 total=2.948 ms avg=2.948 ms min=2.948 ms max=2.948 ms
Materializacao dos batches: count=1 total=1.479 ms avg=1.479 ms min=1.479 ms max=1.479 ms
Inicializacao do modelo: count=1 total=320.31 ms avg=320.31 ms min=320.31 ms max=320.31 ms
Leitura de batch de treino: count=26900 total=40684.816 ms avg=1.512 ms min=0.731 ms max=8.836 ms
Treino por epoca: count=100 total=654040.637 ms avg=6540.406 ms min=6504.239 ms max=6809.336 ms
Treino por batch: count=26900 total=652575.854 ms avg=24.259 ms min=15.495 ms max=30.179 ms
Transferencia CPU/GPU no treino: count=26900 total=22260.349 ms avg=0.828 ms min=0.49 ms max=6.76 ms
Processamento GPU no treino: count=26900 total=628528.214 ms avg=23.365 ms min=14.714 ms max=24.967 ms
Leitura de batch de predicao: count=337 total=3033.286 ms avg=9.001 ms min=0.989 ms max=16.179 ms
Predicao por batch: count=337 total=2103.908 ms avg=6.243 ms min=0.406 ms max=15.281 ms
Transferencia CPU/GPU na predicao: count=337 total=255.578 ms avg=0.758 ms min=0.069 ms max=3.192 ms
Processamento GPU na predicao: count=337 total=1110.066 ms avg=3.294 ms min=0.181 ms max=3.446 ms
Transferencia GPU/CPU na predicao: count=337 total=72.165 ms avg=0.214 ms min=0.02 ms max=0.276 ms
