Carregando dataset preparado...
Amostras: 11000000, Features: 28
Treino: 8803090, Teste: 2196910
Batch size: 32768
Batches treino: 269, teste: 68
Topologia: [28, 256, 128, 1]

Treinando 100 epochs com lr=0.01...
Epoch 100/100 concluida

--- Resultados finais ---
Acuracia (treino) : 62.77%
Acuracia (teste)  : 62.75%
Precisao : 0.6284
Recall   : 0.7261
F1-Score : 0.6737
Matriz:
  Real 0: TN=533472  FP=499648
  Real 1: FN=318782  TP=845008
Tempo treino: 657.308s

--- Tempos internos do backpropagation ---
Preparacao do dataset: count=1 total=3.151 ms avg=3.151 ms min=3.151 ms max=3.151 ms
Materializacao dos batches: count=1 total=1.466 ms avg=1.466 ms min=1.466 ms max=1.466 ms
Inicializacao do modelo: count=1 total=321.752 ms avg=321.752 ms min=321.752 ms max=321.752 ms
Leitura de batch de treino: count=26900 total=53754.955 ms avg=1.998 ms min=1.046 ms max=10.403 ms
Treino por epoca: count=100 total=657306.906 ms avg=6573.069 ms min=6553.725 ms max=6649.612 ms
Treino por batch: count=26900 total=655453.191 ms avg=24.366 ms min=15.509 ms max=29.888 ms
Transferencia CPU/GPU no treino: count=26900 total=25295.214 ms avg=0.94 ms min=0.636 ms max=6.652 ms
Processamento GPU no treino: count=26900 total=627908.699 ms avg=23.342 ms min=14.766 ms max=24.979 ms
Leitura de batch de predicao: count=337 total=3158.874 ms avg=9.374 ms min=0.734 ms max=24.896 ms
Predicao por batch: count=337 total=2260.256 ms avg=6.707 ms min=0.419 ms max=17.867 ms
Transferencia CPU/GPU na predicao: count=337 total=391.307 ms avg=1.161 ms min=0.066 ms max=11.785 ms
Processamento GPU na predicao: count=337 total=1104.406 ms avg=3.277 ms min=0.183 ms max=3.452 ms
Transferencia GPU/CPU na predicao: count=337 total=75.52 ms avg=0.224 ms min=0.02 ms max=0.341 ms
