Carregando dataset preparado...
Amostras: 11000000, Features: 28
Treino: 8803090, Teste: 2196910
Batch size: 32768
Batches treino: 269, teste: 68
Topologia: [28, 256, 128, 1]

Treinando 100 epochs com lr=0.01...
Epoch 100/100 concluida

--- Resultados finais ---
Acuracia (treino) : 62.77%
Acuracia (teste)  : 62.75%
Precisao : 0.6284
Recall   : 0.7261
F1-Score : 0.6737
Matriz:
  Real 0: TN=533474  FP=499646
  Real 1: FN=318782  TP=845008
Tempo treino: 653.856s

--- Tempos internos do backpropagation ---
Preparacao do dataset: count=1 total=2.779 ms avg=2.779 ms min=2.779 ms max=2.779 ms
Materializacao dos batches: count=1 total=1.406 ms avg=1.406 ms min=1.406 ms max=1.406 ms
Inicializacao do modelo: count=1 total=416.054 ms avg=416.054 ms min=416.054 ms max=416.054 ms
Leitura de batch de treino: count=26900 total=36892.285 ms avg=1.371 ms min=0.646 ms max=8.366 ms
Treino por epoca: count=100 total=653854.836 ms avg=6538.548 ms min=6508.478 ms max=6624.143 ms
Treino por batch: count=26900 total=652331.87 ms avg=24.25 ms min=15.433 ms max=30.622 ms
Transferencia CPU/GPU no treino: count=26900 total=21332.704 ms avg=0.793 ms min=0.49 ms max=7.253 ms
Processamento GPU no treino: count=26900 total=629001.572 ms avg=23.383 ms min=14.859 ms max=24.907 ms
Leitura de batch de predicao: count=337 total=2922.059 ms avg=8.671 ms min=0.993 ms max=15.913 ms
Predicao por batch: count=337 total=2033.741 ms avg=6.035 ms min=0.374 ms max=16.471 ms
Transferencia CPU/GPU na predicao: count=337 total=237.771 ms avg=0.706 ms min=0.057 ms max=3.21 ms
Processamento GPU na predicao: count=337 total=1112.275 ms avg=3.301 ms min=0.187 ms max=3.469 ms
Transferencia GPU/CPU na predicao: count=337 total=69.812 ms avg=0.207 ms min=0.018 ms max=0.399 ms
