Carregando dataset preparado...
Amostras: 11000000, Features: 28
Treino: 8803090, Teste: 2196910
Batch size: 32768
Batches treino: 269, teste: 68
Topologia: [28, 256, 128, 1]

Treinando 100 epochs com lr=0.01...
Epoch 100/100 concluida

--- Resultados finais ---
Acuracia (treino) : 62.77%
Acuracia (teste)  : 62.75%
Precisao : 0.6284
Recall   : 0.7261
F1-Score : 0.6737
Matriz:
  Real 0: TN=533477  FP=499643
  Real 1: FN=318776  TP=845014
Tempo treino: 656.512s

--- Tempos internos do backpropagation ---
Preparacao do dataset: count=1 total=3.148 ms avg=3.148 ms min=3.148 ms max=3.148 ms
Materializacao dos batches: count=1 total=1.657 ms avg=1.657 ms min=1.657 ms max=1.657 ms
Inicializacao do modelo: count=1 total=333.491 ms avg=333.491 ms min=333.491 ms max=333.491 ms
Leitura de batch de treino: count=26900 total=52144.912 ms avg=1.938 ms min=0.721 ms max=9.217 ms
Treino por epoca: count=100 total=656511.093 ms avg=6565.111 ms min=6511.095 ms max=6656.675 ms
Treino por batch: count=26900 total=654678.523 ms avg=24.337 ms min=15.579 ms max=29.973 ms
Transferencia CPU/GPU no treino: count=26900 total=25639.031 ms avg=0.953 ms min=0.49 ms max=6.532 ms
Processamento GPU no treino: count=26900 total=626765.413 ms avg=23.3 ms min=14.852 ms max=24.937 ms
Leitura de batch de predicao: count=337 total=2979.387 ms avg=8.841 ms min=0.833 ms max=16.299 ms
Predicao por batch: count=337 total=2080.107 ms avg=6.172 ms min=0.412 ms max=18.309 ms
Transferencia CPU/GPU na predicao: count=337 total=280.584 ms avg=0.833 ms min=0.067 ms max=1.268 ms
Processamento GPU na predicao: count=337 total=1105.309 ms avg=3.28 ms min=0.183 ms max=3.436 ms
Transferencia GPU/CPU na predicao: count=337 total=76.45 ms avg=0.227 ms min=0.02 ms max=0.472 ms
