Carregando dataset preparado...
Amostras: 11000000, Features: 28
Treino: 8803090, Teste: 2196910
Batch size: 32768
Batches treino: 269, teste: 68
Topologia: [28, 256, 128, 1]

Treinando 100 epochs com lr=0.01...
Epoch 100/100 concluida

--- Resultados finais ---
Acuracia (treino) : 62.77%
Acuracia (teste)  : 62.75%
Precisao : 0.6284
Recall   : 0.7261
F1-Score : 0.6737
Matriz:
  Real 0: TN=533470  FP=499650
  Real 1: FN=318776  TP=845014
Tempo treino: 652.269s

--- Tempos internos do backpropagation ---
Preparacao do dataset: count=1 total=2.991 ms avg=2.991 ms min=2.991 ms max=2.991 ms
Materializacao dos batches: count=1 total=1.582 ms avg=1.582 ms min=1.582 ms max=1.582 ms
Inicializacao do modelo: count=1 total=318.356 ms avg=318.356 ms min=318.356 ms max=318.356 ms
Leitura de batch de treino: count=26900 total=40063.818 ms avg=1.489 ms min=0.67 ms max=10.211 ms
Treino por epoca: count=100 total=652267.433 ms avg=6522.674 ms min=6498.458 ms max=6784.064 ms
Treino por batch: count=26900 total=650826.691 ms avg=24.194 ms min=15.457 ms max=29.706 ms
Transferencia CPU/GPU no treino: count=26900 total=20841.369 ms avg=0.775 ms min=0.49 ms max=6.54 ms
Processamento GPU no treino: count=26900 total=628217.234 ms avg=23.354 ms min=14.559 ms max=24.84 ms
Leitura de batch de predicao: count=337 total=3158.967 ms avg=9.374 ms min=0.755 ms max=17.176 ms
Predicao por batch: count=337 total=2150.313 ms avg=6.381 ms min=0.501 ms max=15.92 ms
Transferencia CPU/GPU na predicao: count=337 total=270.394 ms avg=0.802 ms min=0.093 ms max=3.38 ms
Processamento GPU na predicao: count=337 total=1113.411 ms avg=3.304 ms min=0.18 ms max=3.461 ms
Transferencia GPU/CPU na predicao: count=337 total=72.075 ms avg=0.214 ms min=0.019 ms max=0.394 ms
