Carregando dataset preparado...
Amostras: 11000000, Features: 28
Treino: 8803090, Teste: 2196910
Batch size: 32768
Batches treino: 269, teste: 68
Topologia: [28, 256, 128, 1]

Treinando 100 epochs com lr=0.01...
Epoch 100/100 concluida

--- Resultados finais ---
Acuracia (treino) : 62.77%
Acuracia (teste)  : 62.75%
Precisao : 0.6284
Recall   : 0.7261
F1-Score : 0.6737
Matriz:
  Real 0: TN=533475  FP=499645
  Real 1: FN=318781  TP=845009
Tempo treino: 651.049s

--- Tempos internos do backpropagation ---
Preparacao do dataset: count=1 total=2.843 ms avg=2.843 ms min=2.843 ms max=2.843 ms
Materializacao dos batches: count=1 total=1.564 ms avg=1.564 ms min=1.564 ms max=1.564 ms
Inicializacao do modelo: count=1 total=316.182 ms avg=316.182 ms min=316.182 ms max=316.182 ms
Leitura de batch de treino: count=26900 total=37323.276 ms avg=1.387 ms min=0.657 ms max=6.244 ms
Treino por epoca: count=100 total=651047.862 ms avg=6510.479 ms min=6492.876 ms max=6600.778 ms
Treino por batch: count=26900 total=649574.45 ms avg=24.148 ms min=15.415 ms max=28.498 ms
Transferencia CPU/GPU no treino: count=26900 total=20133.546 ms avg=0.748 ms min=0.49 ms max=5.303 ms
Processamento GPU no treino: count=26900 total=627579.419 ms avg=23.33 ms min=14.731 ms max=25.287 ms
Leitura de batch de predicao: count=337 total=2826.589 ms avg=8.388 ms min=0.938 ms max=16.102 ms
Predicao por batch: count=337 total=2054.3 ms avg=6.096 ms min=0.37 ms max=22.7 ms
Transferencia CPU/GPU na predicao: count=337 total=232.35 ms avg=0.689 ms min=0.035 ms max=3.114 ms
Processamento GPU na predicao: count=337 total=1107.636 ms avg=3.287 ms min=0.182 ms max=3.441 ms
Transferencia GPU/CPU na predicao: count=337 total=69.104 ms avg=0.205 ms min=0.019 ms max=0.314 ms
