Carregando dataset preparado...
Amostras: 11000000, Features: 28
Treino: 8803090, Teste: 2196910
Batch size: 32768
Batches treino: 269, teste: 68
Topologia: [28, 256, 128, 1]

Treinando 100 epochs com lr=0.01...
Epoch 100/100 concluida

--- Resultados finais ---
Acuracia (treino) : 62.77%
Acuracia (teste)  : 62.75%
Precisao : 0.6284
Recall   : 0.7261
F1-Score : 0.6737
Matriz:
  Real 0: TN=533476  FP=499644
  Real 1: FN=318771  TP=845019
Tempo treino: 650.699s

--- Tempos internos do backpropagation ---
Preparacao do dataset: count=1 total=2.858 ms avg=2.858 ms min=2.858 ms max=2.858 ms
Materializacao dos batches: count=1 total=1.448 ms avg=1.448 ms min=1.448 ms max=1.448 ms
Inicializacao do modelo: count=1 total=310.871 ms avg=310.871 ms min=310.871 ms max=310.871 ms
Leitura de batch de treino: count=26900 total=36144.333 ms avg=1.344 ms min=0.638 ms max=6.235 ms
Treino por epoca: count=100 total=650697.77 ms avg=6506.978 ms min=6490.474 ms max=6543.167 ms
Treino por batch: count=26900 total=649489.604 ms avg=24.145 ms min=15.456 ms max=27.885 ms
Transferencia CPU/GPU no treino: count=26900 total=20316.272 ms avg=0.755 ms min=0.489 ms max=2.468 ms
Processamento GPU no treino: count=26900 total=627764.641 ms avg=23.337 ms min=14.941 ms max=25.095 ms
Leitura de batch de predicao: count=337 total=2871.631 ms avg=8.521 ms min=0.858 ms max=18.175 ms
Predicao por batch: count=337 total=2202.45 ms avg=6.535 ms min=0.408 ms max=22.81 ms
Transferencia CPU/GPU na predicao: count=337 total=251.935 ms avg=0.748 ms min=0.061 ms max=3.933 ms
Processamento GPU na predicao: count=337 total=1106.904 ms avg=3.285 ms min=0.188 ms max=3.474 ms
Transferencia GPU/CPU na predicao: count=337 total=69.32 ms avg=0.206 ms min=0.019 ms max=0.32 ms
