Carregando dataset preparado...
Amostras: 11000000, Features: 28
Treino: 8803090, Teste: 2196910
Batch size: 32768
Batches treino: 269, teste: 68
Topologia: [28, 256, 128, 1]

Treinando 100 epochs com lr=0.01...
Epoch 100/100 concluida

--- Resultados finais ---
Acuracia (treino) : 62.77%
Acuracia (teste)  : 62.75%
Precisao : 0.6284
Recall   : 0.7261
F1-Score : 0.6737
Matriz:
  Real 0: TN=533477  FP=499643
  Real 1: FN=318779  TP=845011
Tempo treino: 653.441s

--- Tempos internos do backpropagation ---
Preparacao do dataset: count=1 total=3.015 ms avg=3.015 ms min=3.015 ms max=3.015 ms
Materializacao dos batches: count=1 total=1.184 ms avg=1.184 ms min=1.184 ms max=1.184 ms
Inicializacao do modelo: count=1 total=315.952 ms avg=315.952 ms min=315.952 ms max=315.952 ms
Leitura de batch de treino: count=26900 total=37480.241 ms avg=1.393 ms min=0.648 ms max=7.978 ms
Treino por epoca: count=100 total=653440.211 ms avg=6534.402 ms min=6505.855 ms max=6674.291 ms
Treino por batch: count=26900 total=651968.019 ms avg=24.237 ms min=15.41 ms max=28.202 ms
Transferencia CPU/GPU no treino: count=26900 total=20392.604 ms avg=0.758 ms min=0.49 ms max=3.087 ms
Processamento GPU no treino: count=26900 total=629615.07 ms avg=23.406 ms min=14.849 ms max=25.003 ms
Leitura de batch de predicao: count=337 total=2956.028 ms avg=8.772 ms min=0.777 ms max=18.708 ms
Predicao por batch: count=337 total=2069.682 ms avg=6.141 ms min=0.413 ms max=22.719 ms
Transferencia CPU/GPU na predicao: count=337 total=243.855 ms avg=0.724 ms min=0.058 ms max=3.925 ms
Processamento GPU na predicao: count=337 total=1110.24 ms avg=3.294 ms min=0.186 ms max=3.44 ms
Transferencia GPU/CPU na predicao: count=337 total=72.382 ms avg=0.215 ms min=0.018 ms max=0.462 ms
