Carregando dataset preparado...
Amostras: 11000000, Features: 28
Treino: 8803090, Teste: 2196910
Batch size: 32768
Batches treino: 269, teste: 68
Topologia: [28, 256, 128, 1]

Treinando 100 epochs com lr=0.01...
Epoch 100/100 concluida

--- Resultados finais ---
Acuracia (treino) : 62.77%
Acuracia (teste)  : 62.75%
Precisao : 0.6284
Recall   : 0.7261
F1-Score : 0.6737
Matriz:
  Real 0: TN=533472  FP=499648
  Real 1: FN=318776  TP=845014
Tempo treino: 656.260s

--- Tempos internos do backpropagation ---
Preparacao do dataset: count=1 total=2.946 ms avg=2.946 ms min=2.946 ms max=2.946 ms
Materializacao dos batches: count=1 total=1.377 ms avg=1.377 ms min=1.377 ms max=1.377 ms
Inicializacao do modelo: count=1 total=321.267 ms avg=321.267 ms min=321.267 ms max=321.267 ms
Leitura de batch de treino: count=26900 total=54550.116 ms avg=2.028 ms min=1.01 ms max=10.526 ms
Treino por epoca: count=100 total=656259.32 ms avg=6562.593 ms min=6543.415 ms max=6714.146 ms
Treino por batch: count=26900 total=654395.252 ms avg=24.327 ms min=15.277 ms max=30.068 ms
Transferencia CPU/GPU no treino: count=26900 total=25381.157 ms avg=0.944 ms min=0.636 ms max=6.288 ms
Processamento GPU no treino: count=26900 total=626710.216 ms avg=23.298 ms min=14.557 ms max=24.864 ms
Leitura de batch de predicao: count=337 total=3091.216 ms avg=9.173 ms min=0.784 ms max=17.037 ms
Predicao por batch: count=337 total=2164.105 ms avg=6.422 ms min=0.636 ms max=17.915 ms
Transferencia CPU/GPU na predicao: count=337 total=319.775 ms avg=0.949 ms min=0.073 ms max=5.659 ms
Processamento GPU na predicao: count=337 total=1104.636 ms avg=3.278 ms min=0.191 ms max=3.425 ms
Transferencia GPU/CPU na predicao: count=337 total=76.81 ms avg=0.228 ms min=0.02 ms max=0.364 ms
