Carregando dataset preparado...
Amostras: 11000000, Features: 28
Treino: 8803090, Teste: 2196910
Batch size: 32768
Batches treino: 269, teste: 68
Topologia: [28, 256, 128, 1]

Treinando 100 epochs com lr=0.01...
Epoch 100/100 concluida

--- Resultados finais ---
Acuracia (treino) : 62.77%
Acuracia (teste)  : 62.75%
Precisao : 0.6284
Recall   : 0.7261
F1-Score : 0.6737
Matriz:
  Real 0: TN=533472  FP=499648
  Real 1: FN=318771  TP=845019
Tempo treino: 653.001s

--- Tempos internos do backpropagation ---
Preparacao do dataset: count=1 total=3.203 ms avg=3.203 ms min=3.203 ms max=3.203 ms
Materializacao dos batches: count=1 total=1.645 ms avg=1.645 ms min=1.645 ms max=1.645 ms
Inicializacao do modelo: count=1 total=327.297 ms avg=327.297 ms min=327.297 ms max=327.297 ms
Leitura de batch de treino: count=26900 total=46228.901 ms avg=1.719 ms min=0.895 ms max=6.798 ms
Treino por epoca: count=100 total=653000.307 ms avg=6530.003 ms min=6512.914 ms max=6646.113 ms
Treino por batch: count=26900 total=651161.872 ms avg=24.207 ms min=15.511 ms max=28.525 ms
Transferencia CPU/GPU no treino: count=26900 total=21141.916 ms avg=0.786 ms min=0.502 ms max=2.976 ms
Processamento GPU no treino: count=26900 total=627754.704 ms avg=23.337 ms min=14.938 ms max=24.786 ms
Leitura de batch de predicao: count=337 total=3119.28 ms avg=9.256 ms min=0.857 ms max=15.775 ms
Predicao por batch: count=337 total=2141.595 ms avg=6.355 ms min=0.442 ms max=23.246 ms
Transferencia CPU/GPU na predicao: count=337 total=299.721 ms avg=0.889 ms min=0.065 ms max=3.194 ms
Processamento GPU na predicao: count=337 total=1103.307 ms avg=3.274 ms min=0.185 ms max=3.43 ms
Transferencia GPU/CPU na predicao: count=337 total=105.421 ms avg=0.313 ms min=0.033 ms max=0.409 ms
