Carregando dataset preparado...
Amostras: 11000000, Features: 28
Treino: 8803090, Teste: 2196910
Batch size: 32768
Batches treino: 269, teste: 68
Topologia: [28, 256, 128, 1]

Treinando 100 epochs com lr=0.01...
Epoch 100/100 concluida

--- Resultados finais ---
Acuracia (treino) : 62.77%
Acuracia (teste)  : 62.75%
Precisao : 0.6284
Recall   : 0.7261
F1-Score : 0.6737
Matriz:
  Real 0: TN=533470  FP=499650
  Real 1: FN=318777  TP=845013
Tempo treino: 657.999s

--- Tempos internos do backpropagation ---
Preparacao do dataset: count=1 total=3.055 ms avg=3.055 ms min=3.055 ms max=3.055 ms
Materializacao dos batches: count=1 total=1.442 ms avg=1.442 ms min=1.442 ms max=1.442 ms
Inicializacao do modelo: count=1 total=326.513 ms avg=326.513 ms min=326.513 ms max=326.513 ms
Leitura de batch de treino: count=26900 total=39716.743 ms avg=1.476 ms min=0.73 ms max=8.345 ms
Treino por epoca: count=100 total=657998.254 ms avg=6579.983 ms min=6558.134 ms max=6769.752 ms
Treino por batch: count=26900 total=656659.134 ms avg=24.411 ms min=15.436 ms max=31.629 ms
Transferencia CPU/GPU no treino: count=26900 total=28956.226 ms avg=1.076 ms min=0.707 ms max=8.749 ms
Processamento GPU no treino: count=26900 total=626027.93 ms avg=23.272 ms min=14.611 ms max=26.516 ms
Leitura de batch de predicao: count=337 total=3041.264 ms avg=9.025 ms min=0.721 ms max=16.726 ms
Predicao por batch: count=337 total=2174.996 ms avg=6.454 ms min=0.346 ms max=17.172 ms
Transferencia CPU/GPU na predicao: count=337 total=290.985 ms avg=0.863 ms min=0.063 ms max=5.798 ms
Processamento GPU na predicao: count=337 total=1136.841 ms avg=3.373 ms min=0.187 ms max=3.88 ms
Transferencia GPU/CPU na predicao: count=337 total=70.55 ms avg=0.209 ms min=0.019 ms max=0.342 ms
