Carregando dataset preparado...
Amostras: 11000000, Features: 28
Treino: 8803090, Teste: 2196910
Batch size: 32768
Batches treino: 269, teste: 68
Topologia: [28, 256, 128, 1]

Treinando 100 epochs com lr=0.01...
Epoch 100/100 concluida

--- Resultados finais ---
Acuracia (treino) : 62.77%
Acuracia (teste)  : 62.75%
Precisao : 0.6284
Recall   : 0.7261
F1-Score : 0.6737
Matriz:
  Real 0: TN=533470  FP=499650
  Real 1: FN=318775  TP=845015
Tempo treino: 652.635s

--- Tempos internos do backpropagation ---
Preparacao do dataset: count=1 total=4.031 ms avg=4.031 ms min=4.031 ms max=4.031 ms
Materializacao dos batches: count=1 total=1.562 ms avg=1.562 ms min=1.562 ms max=1.562 ms
Inicializacao do modelo: count=1 total=350.368 ms avg=350.368 ms min=350.368 ms max=350.368 ms
Leitura de batch de treino: count=26900 total=45720.855 ms avg=1.7 ms min=0.91 ms max=7.136 ms
Treino por epoca: count=100 total=652633.132 ms avg=6526.331 ms min=6505.956 ms max=6589.529 ms
Treino por batch: count=26900 total=650702.105 ms avg=24.19 ms min=15.361 ms max=27.93 ms
Transferencia CPU/GPU no treino: count=26900 total=21172.393 ms avg=0.787 ms min=0.501 ms max=2.521 ms
Processamento GPU no treino: count=26900 total=627246.508 ms avg=23.318 ms min=14.774 ms max=26.932 ms
Leitura de batch de predicao: count=337 total=3069.43 ms avg=9.108 ms min=0.765 ms max=16.39 ms
Predicao por batch: count=337 total=2163.418 ms avg=6.42 ms min=0.436 ms max=15.729 ms
Transferencia CPU/GPU na predicao: count=337 total=288.4 ms avg=0.856 ms min=0.07 ms max=3.199 ms
Processamento GPU na predicao: count=337 total=1104.884 ms avg=3.279 ms min=0.187 ms max=3.409 ms
Transferencia GPU/CPU na predicao: count=337 total=102.06 ms avg=0.303 ms min=0.033 ms max=0.416 ms
