Carregando dataset preparado...
Amostras: 11000000, Features: 28
Treino: 8803090, Teste: 2196910
Batch size: 32768
Batches treino: 269, teste: 68
Topologia: [28, 256, 128, 1]

Treinando 100 epochs com lr=0.01...
Epoch 100/100 concluida

--- Resultados finais ---
Acuracia (treino) : 62.77%
Acuracia (teste)  : 62.75%
Precisao : 0.6284
Recall   : 0.7261
F1-Score : 0.6737
Matriz:
  Real 0: TN=533471  FP=499649
  Real 1: FN=318772  TP=845018
Tempo treino: 657.196s

--- Tempos internos do backpropagation ---
Preparacao do dataset: count=1 total=3.107 ms avg=3.107 ms min=3.107 ms max=3.107 ms
Materializacao dos batches: count=1 total=1.391 ms avg=1.391 ms min=1.391 ms max=1.391 ms
Inicializacao do modelo: count=1 total=320.23 ms avg=320.23 ms min=320.23 ms max=320.23 ms
Leitura de batch de treino: count=26900 total=53862.374 ms avg=2.002 ms min=1.184 ms max=8.702 ms
Treino por epoca: count=100 total=657195.314 ms avg=6571.953 ms min=6550.56 ms max=6681.823 ms
Treino por batch: count=26900 total=655358.014 ms avg=24.363 ms min=15.431 ms max=29.921 ms
Transferencia CPU/GPU no treino: count=26900 total=25273.441 ms avg=0.94 ms min=0.635 ms max=5.798 ms
Processamento GPU no treino: count=26900 total=627868.397 ms avg=23.341 ms min=14.715 ms max=24.903 ms
Leitura de batch de predicao: count=337 total=3116.882 ms avg=9.249 ms min=0.767 ms max=22.051 ms
Predicao por batch: count=337 total=2132.784 ms avg=6.329 ms min=0.346 ms max=22.842 ms
Transferencia CPU/GPU na predicao: count=337 total=296.195 ms avg=0.879 ms min=0.065 ms max=3.597 ms
Processamento GPU na predicao: count=337 total=1105.678 ms avg=3.281 ms min=0.186 ms max=3.518 ms
Transferencia GPU/CPU na predicao: count=337 total=75.043 ms avg=0.223 ms min=0.02 ms max=0.371 ms
