Carregando dataset preparado...
Amostras: 11000000, Features: 28
Treino: 8803090, Teste: 2196910
Batch size: 32768
Batches treino: 269, teste: 68
Topologia: [28, 256, 128, 1]

Treinando 100 epochs com lr=0.01...
Epoch 100/100 concluida

--- Resultados finais ---
Acuracia (treino) : 62.77%
Acuracia (teste)  : 62.75%
Precisao : 0.6284
Recall   : 0.7261
F1-Score : 0.6737
Matriz:
  Real 0: TN=533468  FP=499652
  Real 1: FN=318775  TP=845015
Tempo treino: 651.939s

--- Tempos internos do backpropagation ---
Preparacao do dataset: count=1 total=2.922 ms avg=2.922 ms min=2.922 ms max=2.922 ms
Materializacao dos batches: count=1 total=1.351 ms avg=1.351 ms min=1.351 ms max=1.351 ms
Inicializacao do modelo: count=1 total=356.439 ms avg=356.439 ms min=356.439 ms max=356.439 ms
Leitura de batch de treino: count=26900 total=37733.674 ms avg=1.403 ms min=0.64 ms max=12.638 ms
Treino por epoca: count=100 total=651937.757 ms avg=6519.378 ms min=6493.844 ms max=6728.807 ms
Treino por batch: count=26900 total=650437.922 ms avg=24.18 ms min=15.481 ms max=31.99 ms
Transferencia CPU/GPU no treino: count=26900 total=20904.703 ms avg=0.777 ms min=0.49 ms max=8.052 ms
Processamento GPU no treino: count=26900 total=627562.073 ms avg=23.329 ms min=14.684 ms max=24.8 ms
Leitura de batch de predicao: count=337 total=2931.855 ms avg=8.7 ms min=0.83 ms max=15.81 ms
Predicao por batch: count=337 total=2071.16 ms avg=6.146 ms min=0.361 ms max=20.813 ms
Transferencia CPU/GPU na predicao: count=337 total=240.417 ms avg=0.713 ms min=0.047 ms max=3.251 ms
Processamento GPU na predicao: count=337 total=1111.217 ms avg=3.297 ms min=0.192 ms max=3.463 ms
Transferencia GPU/CPU na predicao: count=337 total=70.936 ms avg=0.21 ms min=0.013 ms max=0.352 ms
