Carregando dataset preparado...
Amostras: 11000000, Features: 28
Treino: 8803090, Teste: 2196910
Batch size: 32768
Batches treino: 269, teste: 68
Topologia: [28, 256, 128, 1]

Treinando 100 epochs com lr=0.01...
Epoch 100/100 concluida

--- Resultados finais ---
Acuracia (treino) : 62.77%
Acuracia (teste)  : 62.75%
Precisao : 0.6284
Recall   : 0.7261
F1-Score : 0.6737
Matriz:
  Real 0: TN=533475  FP=499645
  Real 1: FN=318768  TP=845022
Tempo treino: 663.447s

--- Tempos internos do backpropagation ---
Preparacao do dataset: count=1 total=3.469 ms avg=3.469 ms min=3.469 ms max=3.469 ms
Materializacao dos batches: count=1 total=1.806 ms avg=1.806 ms min=1.806 ms max=1.806 ms
Inicializacao do modelo: count=1 total=371.194 ms avg=371.194 ms min=371.194 ms max=371.194 ms
Leitura de batch de treino: count=26900 total=48359.993 ms avg=1.798 ms min=0.792 ms max=11.238 ms
Treino por epoca: count=100 total=663445.013 ms avg=6634.45 ms min=6538.446 ms max=6806.199 ms
Treino por batch: count=26900 total=661915.704 ms avg=24.607 ms min=15.309 ms max=30.996 ms
Transferencia CPU/GPU no treino: count=26900 total=34948.482 ms avg=1.299 ms min=0.503 ms max=7.739 ms
Processamento GPU no treino: count=26900 total=624843.699 ms avg=23.228 ms min=14.542 ms max=25.097 ms
Leitura de batch de predicao: count=337 total=3402.231 ms avg=10.096 ms min=1.178 ms max=20.701 ms
Predicao por batch: count=337 total=2804.623 ms avg=8.322 ms min=0.472 ms max=20.123 ms
Transferencia CPU/GPU na predicao: count=337 total=803.775 ms avg=2.385 ms min=0.105 ms max=6.141 ms
Processamento GPU na predicao: count=337 total=1102.445 ms avg=3.271 ms min=0.187 ms max=3.586 ms
Transferencia GPU/CPU na predicao: count=337 total=102.302 ms avg=0.304 ms min=0.022 ms max=0.432 ms
