Carregando dataset preparado...
Amostras: 11000000, Features: 28
Treino: 8803090, Teste: 2196910
Batch size: 32768
Batches treino: 269, teste: 68
Topologia: [28, 256, 128, 1]

Treinando 100 epochs com lr=0.01...
Epoch 100/100 concluida

--- Resultados finais ---
Acuracia (treino) : 62.77%
Acuracia (teste)  : 62.75%
Precisao : 0.6284
Recall   : 0.7261
F1-Score : 0.6737
Matriz:
  Real 0: TN=533470  FP=499650
  Real 1: FN=318771  TP=845019
Tempo treino: 654.116s

--- Tempos internos do backpropagation ---
Preparacao do dataset: count=1 total=3.501 ms avg=3.501 ms min=3.501 ms max=3.501 ms
Materializacao dos batches: count=1 total=1.438 ms avg=1.438 ms min=1.438 ms max=1.438 ms
Inicializacao do modelo: count=1 total=320.802 ms avg=320.802 ms min=320.802 ms max=320.802 ms
Leitura de batch de treino: count=26900 total=45073.359 ms avg=1.676 ms min=0.912 ms max=6.1 ms
Treino por epoca: count=100 total=654115.371 ms avg=6541.154 ms min=6521.262 ms max=6613.468 ms
Treino por batch: count=26900 total=652294.715 ms avg=24.249 ms min=15.443 ms max=26.903 ms
Transferencia CPU/GPU no treino: count=26900 total=21465.303 ms avg=0.798 ms min=0.496 ms max=3.298 ms
Processamento GPU no treino: count=26900 total=628609.138 ms avg=23.368 ms min=14.849 ms max=25.664 ms
Leitura de batch de predicao: count=337 total=3104.433 ms avg=9.212 ms min=0.781 ms max=15.86 ms
Predicao por batch: count=337 total=2219.545 ms avg=6.586 ms min=0.445 ms max=21.291 ms
Transferencia CPU/GPU na predicao: count=337 total=292.331 ms avg=0.867 ms min=0.061 ms max=3.26 ms
Processamento GPU na predicao: count=337 total=1104.794 ms avg=3.278 ms min=0.216 ms max=3.418 ms
Transferencia GPU/CPU na predicao: count=337 total=102.924 ms avg=0.305 ms min=0.031 ms max=0.395 ms
