Carregando dataset preparado...
Amostras: 11000000, Features: 28
Treino: 8803090, Teste: 2196910
Batch size: 32768
Batches treino: 269, teste: 68
Topologia: [28, 256, 128, 1]

Treinando 100 epochs com lr=0.01...
Epoch 100/100 concluida

--- Resultados finais ---
Acuracia (treino) : 62.77%
Acuracia (teste)  : 62.75%
Precisao : 0.6284
Recall   : 0.7261
F1-Score : 0.6737
Matriz:
  Real 0: TN=533474  FP=499646
  Real 1: FN=318776  TP=845014
Tempo treino: 652.980s

--- Tempos internos do backpropagation ---
Preparacao do dataset: count=1 total=3.555 ms avg=3.555 ms min=3.555 ms max=3.555 ms
Materializacao dos batches: count=1 total=1.653 ms avg=1.653 ms min=1.653 ms max=1.653 ms
Inicializacao do modelo: count=1 total=336.414 ms avg=336.414 ms min=336.414 ms max=336.414 ms
Leitura de batch de treino: count=26900 total=44455.522 ms avg=1.653 ms min=0.949 ms max=7.31 ms
Treino por epoca: count=100 total=652979.097 ms avg=6529.791 ms min=6516.691 ms max=6541.098 ms
Treino por batch: count=26900 total=651238.957 ms avg=24.21 ms min=15.358 ms max=27.018 ms
Transferencia CPU/GPU no treino: count=26900 total=20963.632 ms avg=0.779 ms min=0.498 ms max=2.416 ms
Processamento GPU no treino: count=26900 total=628135.44 ms avg=23.351 ms min=14.772 ms max=24.82 ms
Leitura de batch de predicao: count=337 total=3129.434 ms avg=9.286 ms min=0.779 ms max=16.196 ms
Predicao por batch: count=337 total=2240.249 ms avg=6.648 ms min=0.4 ms max=21.066 ms
Transferencia CPU/GPU na predicao: count=337 total=282.77 ms avg=0.839 ms min=0.061 ms max=3.558 ms
Processamento GPU na predicao: count=337 total=1106.154 ms avg=3.282 ms min=0.186 ms max=3.438 ms
Transferencia GPU/CPU na predicao: count=337 total=108.043 ms avg=0.321 ms min=0.02 ms max=0.506 ms
