Carregando dataset preparado...
Amostras: 11000000, Features: 28
Treino: 8803090, Teste: 2196910
Batch size: 32768
Batches treino: 269, teste: 68
Topologia: [28, 256, 128, 1]

Treinando 100 epochs com lr=0.01...
Epoch 100/100 concluida

--- Resultados finais ---
Acuracia (treino) : 62.77%
Acuracia (teste)  : 62.75%
Precisao : 0.6284
Recall   : 0.7261
F1-Score : 0.6737
Matriz:
  Real 0: TN=533475  FP=499645
  Real 1: FN=318777  TP=845013
Tempo treino: 656.857s

--- Tempos internos do backpropagation ---
Preparacao do dataset: count=1 total=3.022 ms avg=3.022 ms min=3.022 ms max=3.022 ms
Materializacao dos batches: count=1 total=1.218 ms avg=1.218 ms min=1.218 ms max=1.218 ms
Inicializacao do modelo: count=1 total=322.934 ms avg=322.934 ms min=322.934 ms max=322.934 ms
Leitura de batch de treino: count=26900 total=51901.182 ms avg=1.929 ms min=1.061 ms max=9.407 ms
Treino por epoca: count=100 total=656855.608 ms avg=6568.556 ms min=6545.67 ms max=6685.306 ms
Treino por batch: count=26900 total=654984.845 ms avg=24.349 ms min=15.526 ms max=29.742 ms
Transferencia CPU/GPU no treino: count=26900 total=25633.449 ms avg=0.953 ms min=0.581 ms max=6.398 ms
Processamento GPU no treino: count=26900 total=626690.332 ms avg=23.297 ms min=14.796 ms max=24.7 ms
Leitura de batch de predicao: count=337 total=3035.139 ms avg=9.006 ms min=1.354 ms max=16.815 ms
Predicao por batch: count=337 total=2112.326 ms avg=6.268 ms min=0.438 ms max=21.077 ms
Transferencia CPU/GPU na predicao: count=337 total=288.833 ms avg=0.857 ms min=0.064 ms max=3.625 ms
Processamento GPU na predicao: count=337 total=1107.349 ms avg=3.286 ms min=0.187 ms max=4.487 ms
Transferencia GPU/CPU na predicao: count=337 total=74.748 ms avg=0.222 ms min=0.019 ms max=0.346 ms
