Carregando dataset preparado...
Amostras: 11000000, Features: 28
Treino: 8803090, Teste: 2196910
Batch size: 32768
Batches treino: 269, teste: 68
Topologia: [28, 256, 128, 1]

Treinando 100 epochs com lr=0.01...
Epoch 100/100 concluida

--- Resultados finais ---
Acuracia (treino) : 62.77%
Acuracia (teste)  : 62.75%
Precisao : 0.6284
Recall   : 0.7261
F1-Score : 0.6737
Matriz:
  Real 0: TN=533474  FP=499646
  Real 1: FN=318774  TP=845016
Tempo treino: 652.507s

--- Tempos internos do backpropagation ---
Preparacao do dataset: count=1 total=3.44 ms avg=3.44 ms min=3.44 ms max=3.44 ms
Materializacao dos batches: count=1 total=1.66 ms avg=1.66 ms min=1.66 ms max=1.66 ms
Inicializacao do modelo: count=1 total=346.619 ms avg=346.619 ms min=346.619 ms max=346.619 ms
Leitura de batch de treino: count=26900 total=37842.689 ms avg=1.407 ms min=0.664 ms max=9.803 ms
Treino por epoca: count=100 total=652505.737 ms avg=6525.057 ms min=6500.789 ms max=6721.603 ms
Treino por batch: count=26900 total=651052.952 ms avg=24.203 ms min=15.503 ms max=29.984 ms
Transferencia CPU/GPU no treino: count=26900 total=20982.521 ms avg=0.78 ms min=0.489 ms max=6.798 ms
Processamento GPU no treino: count=26900 total=628184.9 ms avg=23.353 ms min=14.929 ms max=24.763 ms
Leitura de batch de predicao: count=337 total=2859.447 ms avg=8.485 ms min=0.674 ms max=14.208 ms
Predicao por batch: count=337 total=2049.186 ms avg=6.081 ms min=0.35 ms max=16.478 ms
Transferencia CPU/GPU na predicao: count=337 total=231.93 ms avg=0.688 ms min=0.039 ms max=3.205 ms
Processamento GPU na predicao: count=337 total=1105.781 ms avg=3.281 ms min=0.183 ms max=3.448 ms
Transferencia GPU/CPU na predicao: count=337 total=70.192 ms avg=0.208 ms min=0.013 ms max=0.287 ms
