Carregando dataset preparado...
Amostras: 11000000, Features: 28
Treino: 8803090, Teste: 2196910
Batch size: 32768
Batches treino: 269, teste: 68
Topologia: [28, 256, 128, 1]

Treinando 100 epochs com lr=0.01...
Epoch 100/100 concluida

--- Resultados finais ---
Acuracia (treino) : 62.77%
Acuracia (teste)  : 62.75%
Precisao : 0.6284
Recall   : 0.7261
F1-Score : 0.6737
Matriz:
  Real 0: TN=533477  FP=499643
  Real 1: FN=318777  TP=845013
Tempo treino: 657.026s

--- Tempos internos do backpropagation ---
Preparacao do dataset: count=1 total=3.06 ms avg=3.06 ms min=3.06 ms max=3.06 ms
Materializacao dos batches: count=1 total=1.426 ms avg=1.426 ms min=1.426 ms max=1.426 ms
Inicializacao do modelo: count=1 total=324.903 ms avg=324.903 ms min=324.903 ms max=324.903 ms
Leitura de batch de treino: count=26900 total=50431.919 ms avg=1.875 ms min=0.899 ms max=9.874 ms
Treino por epoca: count=100 total=657025.145 ms avg=6570.251 ms min=6522.663 ms max=6694.018 ms
Treino por batch: count=26900 total=655185.613 ms avg=24.356 ms min=15.367 ms max=32.198 ms
Transferencia CPU/GPU no treino: count=26900 total=25756.936 ms avg=0.958 ms min=0.491 ms max=8.525 ms
Processamento GPU no treino: count=26900 total=627174.65 ms avg=23.315 ms min=14.761 ms max=24.997 ms
Leitura de batch de predicao: count=337 total=3067.351 ms avg=9.102 ms min=0.904 ms max=15.843 ms
Predicao por batch: count=337 total=2126.485 ms avg=6.31 ms min=0.444 ms max=21.287 ms
Transferencia CPU/GPU na predicao: count=337 total=279.089 ms avg=0.828 ms min=0.084 ms max=3.426 ms
Processamento GPU na predicao: count=337 total=1106.639 ms avg=3.284 ms min=0.2 ms max=3.446 ms
Transferencia GPU/CPU na predicao: count=337 total=74.298 ms avg=0.22 ms min=0.021 ms max=0.291 ms
