Carregando dataset preparado...
Amostras: 11000000, Features: 28
Treino: 8803090, Teste: 2196910
Batch size: 32768
Batches treino: 269, teste: 68
Topologia: [28, 256, 128, 1]

Treinando 100 epochs com lr=0.01...
Epoch 100/100 concluida

--- Resultados finais ---
Acuracia (treino) : 62.77%
Acuracia (teste)  : 62.75%
Precisao : 0.6284
Recall   : 0.7261
F1-Score : 0.6737
Matriz:
  Real 0: TN=533471  FP=499649
  Real 1: FN=318763  TP=845027
Tempo treino: 654.277s

--- Tempos internos do backpropagation ---
Preparacao do dataset: count=1 total=3.027 ms avg=3.027 ms min=3.027 ms max=3.027 ms
Materializacao dos batches: count=1 total=1.414 ms avg=1.414 ms min=1.414 ms max=1.414 ms
Inicializacao do modelo: count=1 total=350.904 ms avg=350.904 ms min=350.904 ms max=350.904 ms
Leitura de batch de treino: count=26900 total=46255.45 ms avg=1.72 ms min=0.954 ms max=8.35 ms
Treino por epoca: count=100 total=654275.61 ms avg=6542.756 ms min=6518.209 ms max=6591.983 ms
Treino por batch: count=26900 total=652370.985 ms avg=24.252 ms min=15.298 ms max=28.637 ms
Transferencia CPU/GPU no treino: count=26900 total=21341.852 ms avg=0.793 ms min=0.502 ms max=5.887 ms
Processamento GPU no treino: count=26900 total=628802.141 ms avg=23.376 ms min=14.76 ms max=25.007 ms
Leitura de batch de predicao: count=337 total=3064.348 ms avg=9.093 ms min=0.723 ms max=17.675 ms
Predicao por batch: count=337 total=2164.799 ms avg=6.424 ms min=0.414 ms max=15.039 ms
Transferencia CPU/GPU na predicao: count=337 total=291.55 ms avg=0.865 ms min=0.071 ms max=3.343 ms
Processamento GPU na predicao: count=337 total=1104.987 ms avg=3.279 ms min=0.182 ms max=3.409 ms
Transferencia GPU/CPU na predicao: count=337 total=104.084 ms avg=0.309 ms min=0.021 ms max=0.404 ms
