Carregando dataset preparado...
Amostras: 11000000, Features: 28
Treino: 8803090, Teste: 2196910
Batch size: 32768
Batches treino: 269, teste: 68
Topologia: [28, 256, 128, 1]

Treinando 100 epochs com lr=0.01...
Epoch 100/100 concluida

--- Resultados finais ---
Acuracia (treino) : 62.77%
Acuracia (teste)  : 62.75%
Precisao : 0.6284
Recall   : 0.7261
F1-Score : 0.6737
Matriz:
  Real 0: TN=533470  FP=499650
  Real 1: FN=318779  TP=845011
Tempo treino: 657.734s

--- Tempos internos do backpropagation ---
Preparacao do dataset: count=1 total=3.21 ms avg=3.21 ms min=3.21 ms max=3.21 ms
Materializacao dos batches: count=1 total=1.494 ms avg=1.494 ms min=1.494 ms max=1.494 ms
Inicializacao do modelo: count=1 total=334.047 ms avg=334.047 ms min=334.047 ms max=334.047 ms
Leitura de batch de treino: count=26900 total=53232.52 ms avg=1.979 ms min=1.079 ms max=11.923 ms
Treino por epoca: count=100 total=657732.697 ms avg=6577.327 ms min=6546.891 ms max=6952.795 ms
Treino por batch: count=26900 total=655911.973 ms avg=24.383 ms min=15.446 ms max=30.084 ms
Transferencia CPU/GPU no treino: count=26900 total=26471.386 ms avg=0.984 ms min=0.636 ms max=6.462 ms
Processamento GPU no treino: count=26900 total=627246.928 ms avg=23.318 ms min=14.704 ms max=25.097 ms
Leitura de batch de predicao: count=337 total=3132.071 ms avg=9.294 ms min=0.817 ms max=16.653 ms
Predicao por batch: count=337 total=2140.212 ms avg=6.351 ms min=0.464 ms max=20.913 ms
Transferencia CPU/GPU na predicao: count=337 total=314.735 ms avg=0.934 ms min=0.078 ms max=1.851 ms
Processamento GPU na predicao: count=337 total=1102.643 ms avg=3.272 ms min=0.184 ms max=3.405 ms
Transferencia GPU/CPU na predicao: count=337 total=76.322 ms avg=0.226 ms min=0.019 ms max=0.289 ms
