Carregando dataset preparado...
Amostras: 11000000, Features: 28
Treino: 8803090, Teste: 2196910
Batch size: 32768
Batches treino: 269, teste: 68
Topologia: [28, 256, 128, 1]

Treinando 100 epochs com lr=0.01...
Epoch 100/100 concluida

--- Resultados finais ---
Acuracia (treino) : 62.77%
Acuracia (teste)  : 62.75%
Precisao : 0.6284
Recall   : 0.7261
F1-Score : 0.6737
Matriz:
  Real 0: TN=533469  FP=499651
  Real 1: FN=318782  TP=845008
Tempo treino: 660.930s

--- Tempos internos do backpropagation ---
Preparacao do dataset: count=1 total=3.179 ms avg=3.179 ms min=3.179 ms max=3.179 ms
Materializacao dos batches: count=1 total=1.938 ms avg=1.938 ms min=1.938 ms max=1.938 ms
Inicializacao do modelo: count=1 total=340.327 ms avg=340.327 ms min=340.327 ms max=340.327 ms
Leitura de batch de treino: count=26900 total=45706.295 ms avg=1.699 ms min=0.845 ms max=11.01 ms
Treino por epoca: count=100 total=660929.578 ms avg=6609.296 ms min=6541.184 ms max=6761.887 ms
Treino por batch: count=26900 total=659347.255 ms avg=24.511 ms min=15.436 ms max=30.088 ms
Transferencia CPU/GPU no treino: count=26900 total=30948.301 ms avg=1.15 ms min=0.523 ms max=6.159 ms
Processamento GPU no treino: count=26900 total=626136.691 ms avg=23.276 ms min=14.61 ms max=25.182 ms
Leitura de batch de predicao: count=337 total=3238.706 ms avg=9.61 ms min=0.572 ms max=15.253 ms
Predicao por batch: count=337 total=2688.372 ms avg=7.977 ms min=0.6 ms max=17.624 ms
Transferencia CPU/GPU na predicao: count=337 total=735.817 ms avg=2.183 ms min=0.196 ms max=7.513 ms
Processamento GPU na predicao: count=337 total=1102.46 ms avg=3.271 ms min=0.187 ms max=3.474 ms
Transferencia GPU/CPU na predicao: count=337 total=101.918 ms avg=0.302 ms min=0.021 ms max=0.426 ms
