Carregando dataset preparado...
Amostras: 11000000, Features: 28
Treino: 8803090, Teste: 2196910
Batch size: 32768
Batches treino: 269, teste: 68
Topologia: [28, 256, 128, 1]

Treinando 100 epochs com lr=0.01...
Epoch 100/100 concluida

--- Resultados finais ---
Acuracia (treino) : 62.77%
Acuracia (teste)  : 62.75%
Precisao : 0.6284
Recall   : 0.7261
F1-Score : 0.6737
Matriz:
  Real 0: TN=533468  FP=499652
  Real 1: FN=318773  TP=845017
Tempo treino: 654.280s

--- Tempos internos do backpropagation ---
Preparacao do dataset: count=1 total=3.611 ms avg=3.611 ms min=3.611 ms max=3.611 ms
Materializacao dos batches: count=1 total=1.552 ms avg=1.552 ms min=1.552 ms max=1.552 ms
Inicializacao do modelo: count=1 total=337.802 ms avg=337.802 ms min=337.802 ms max=337.802 ms
Leitura de batch de treino: count=26900 total=45396.991 ms avg=1.688 ms min=0.914 ms max=10.505 ms
Treino por epoca: count=100 total=654279.242 ms avg=6542.792 ms min=6505.11 ms max=6845.027 ms
Treino por batch: count=26900 total=652577.632 ms avg=24.259 ms min=15.456 ms max=28.976 ms
Transferencia CPU/GPU no treino: count=26900 total=23092.052 ms avg=0.858 ms min=0.496 ms max=6.078 ms
Processamento GPU no treino: count=26900 total=627387.022 ms avg=23.323 ms min=14.751 ms max=25.039 ms
Leitura de batch de predicao: count=337 total=3142.126 ms avg=9.324 ms min=1.007 ms max=19.676 ms
Predicao por batch: count=337 total=2212.342 ms avg=6.565 ms min=0.433 ms max=16.803 ms
Transferencia CPU/GPU na predicao: count=337 total=326.976 ms avg=0.97 ms min=0.069 ms max=3.418 ms
Processamento GPU na predicao: count=337 total=1106.155 ms avg=3.282 ms min=0.186 ms max=3.483 ms
Transferencia GPU/CPU na predicao: count=337 total=98.734 ms avg=0.293 ms min=0.021 ms max=0.409 ms
