Carregando dataset preparado...
Amostras: 11000000, Features: 28
Treino: 8803090, Teste: 2196910
Batch size: 32768
Batches treino: 269, teste: 68
Topologia: [28, 256, 128, 1]

Treinando 100 epochs com lr=0.01...
Epoch 100/100 concluida

--- Resultados finais ---
Acuracia (treino) : 62.77%
Acuracia (teste)  : 62.75%
Precisao : 0.6284
Recall   : 0.7261
F1-Score : 0.6737
Matriz:
  Real 0: TN=533472  FP=499648
  Real 1: FN=318773  TP=845017
Tempo treino: 653.569s

--- Tempos internos do backpropagation ---
Preparacao do dataset: count=1 total=3.128 ms avg=3.128 ms min=3.128 ms max=3.128 ms
Materializacao dos batches: count=1 total=1.686 ms avg=1.686 ms min=1.686 ms max=1.686 ms
Inicializacao do modelo: count=1 total=332.549 ms avg=332.549 ms min=332.549 ms max=332.549 ms
Leitura de batch de treino: count=26900 total=44451.161 ms avg=1.652 ms min=0.817 ms max=6.602 ms
Treino por epoca: count=100 total=653567.861 ms avg=6535.679 ms min=6516.959 ms max=6715.516 ms
Treino por batch: count=26900 total=651826.767 ms avg=24.231 ms min=15.518 ms max=29.593 ms
Transferencia CPU/GPU no treino: count=26900 total=21114.549 ms avg=0.785 ms min=0.495 ms max=5.051 ms
Processamento GPU no treino: count=26900 total=628533.115 ms avg=23.366 ms min=14.941 ms max=24.869 ms
Leitura de batch de predicao: count=337 total=3096.702 ms avg=9.189 ms min=0.868 ms max=16.93 ms
Predicao por batch: count=337 total=2205.082 ms avg=6.543 ms min=0.418 ms max=21.98 ms
Transferencia CPU/GPU na predicao: count=337 total=293.999 ms avg=0.872 ms min=0.064 ms max=3.503 ms
Processamento GPU na predicao: count=337 total=1106.701 ms avg=3.284 ms min=0.188 ms max=3.44 ms
Transferencia GPU/CPU na predicao: count=337 total=104.287 ms avg=0.309 ms min=0.02 ms max=0.486 ms
