Carregando dataset preparado...
Amostras: 11000000, Features: 28
Treino: 8803090, Teste: 2196910
Batch size: 32768
Batches treino: 269, teste: 68
Topologia: [28, 256, 128, 1]

Treinando 100 epochs com lr=0.01...
Epoch 100/100 concluida

--- Resultados finais ---
Acuracia (treino) : 62.77%
Acuracia (teste)  : 62.75%
Precisao : 0.6284
Recall   : 0.7261
F1-Score : 0.6737
Matriz:
  Real 0: TN=533466  FP=499654
  Real 1: FN=318774  TP=845016
Tempo treino: 654.456s

--- Tempos internos do backpropagation ---
Preparacao do dataset: count=1 total=3.433 ms avg=3.433 ms min=3.433 ms max=3.433 ms
Materializacao dos batches: count=1 total=1.665 ms avg=1.665 ms min=1.665 ms max=1.665 ms
Inicializacao do modelo: count=1 total=355.157 ms avg=355.157 ms min=355.157 ms max=355.157 ms
Leitura de batch de treino: count=26900 total=45012.556 ms avg=1.673 ms min=0.862 ms max=9.588 ms
Treino por epoca: count=100 total=654454.388 ms avg=6544.544 ms min=6520.811 ms max=6707.342 ms
Treino por batch: count=26900 total=652617.991 ms avg=24.261 ms min=15.151 ms max=29.394 ms
Transferencia CPU/GPU no treino: count=26900 total=21965.087 ms avg=0.817 ms min=0.495 ms max=6.151 ms
Processamento GPU no treino: count=26900 total=628417.856 ms avg=23.361 ms min=14.49 ms max=24.745 ms
Leitura de batch de predicao: count=337 total=3127.19 ms avg=9.279 ms min=1.422 ms max=26.55 ms
Predicao por batch: count=337 total=2219.385 ms avg=6.586 ms min=0.474 ms max=19.292 ms
Transferencia CPU/GPU na predicao: count=337 total=316.485 ms avg=0.939 ms min=0.118 ms max=6.48 ms
Processamento GPU na predicao: count=337 total=1106.265 ms avg=3.283 ms min=0.182 ms max=3.452 ms
Transferencia GPU/CPU na predicao: count=337 total=101.634 ms avg=0.302 ms min=0.028 ms max=0.737 ms
