Carregando dataset preparado...
Amostras: 11000000, Features: 28
Treino: 8803090, Teste: 2196910
Batch size: 32768
Batches treino: 269, teste: 68
Topologia: [28, 256, 128, 1]

Treinando 100 epochs com lr=0.01...
Epoch 100/100 concluida

--- Resultados finais ---
Acuracia (treino) : 62.77%
Acuracia (teste)  : 62.75%
Precisao : 0.6284
Recall   : 0.7261
F1-Score : 0.6737
Matriz:
  Real 0: TN=533478  FP=499642
  Real 1: FN=318777  TP=845013
Tempo treino: 658.164s

--- Tempos internos do backpropagation ---
Preparacao do dataset: count=1 total=3.044 ms avg=3.044 ms min=3.044 ms max=3.044 ms
Materializacao dos batches: count=1 total=1.476 ms avg=1.476 ms min=1.476 ms max=1.476 ms
Inicializacao do modelo: count=1 total=300.478 ms avg=300.478 ms min=300.478 ms max=300.478 ms
Leitura de batch de treino: count=26900 total=41357.917 ms avg=1.537 ms min=0.778 ms max=11.97 ms
Treino por epoca: count=100 total=658162.706 ms avg=6581.627 ms min=6560.017 ms max=6780.052 ms
Treino por batch: count=26900 total=656817.575 ms avg=24.417 ms min=15.353 ms max=29.869 ms
Transferencia CPU/GPU no treino: count=26900 total=28775.271 ms avg=1.07 ms min=0.718 ms max=6.285 ms
Processamento GPU no treino: count=26900 total=626435.841 ms avg=23.288 ms min=14.546 ms max=25.718 ms
Leitura de batch de predicao: count=337 total=2980.119 ms avg=8.843 ms min=0.573 ms max=17.108 ms
Predicao por batch: count=337 total=2143.018 ms avg=6.359 ms min=0.356 ms max=16.415 ms
Transferencia CPU/GPU na predicao: count=337 total=271.21 ms avg=0.805 ms min=0.07 ms max=1.319 ms
Processamento GPU na predicao: count=337 total=1116.929 ms avg=3.314 ms min=0.19 ms max=3.512 ms
Transferencia GPU/CPU na predicao: count=337 total=72.222 ms avg=0.214 ms min=0.021 ms max=0.265 ms
