Carregando dataset preparado...
Amostras: 11000000, Features: 28
Treino: 8803090, Teste: 2196910
Batch size: 32768
Batches treino: 269, teste: 68
Topologia: [28, 256, 128, 1]

Treinando 100 epochs com lr=0.01...
Epoch 100/100 concluida

--- Resultados finais ---
Acuracia (treino) : 62.77%
Acuracia (teste)  : 62.75%
Precisao : 0.6284
Recall   : 0.7261
F1-Score : 0.6737
Matriz:
  Real 0: TN=533477  FP=499643
  Real 1: FN=318777  TP=845013
Tempo treino: 655.695s

--- Tempos internos do backpropagation ---
Preparacao do dataset: count=1 total=2.884 ms avg=2.884 ms min=2.884 ms max=2.884 ms
Materializacao dos batches: count=1 total=1.478 ms avg=1.478 ms min=1.478 ms max=1.478 ms
Inicializacao do modelo: count=1 total=323.172 ms avg=323.172 ms min=323.172 ms max=323.172 ms
Leitura de batch de treino: count=26900 total=46331.435 ms avg=1.722 ms min=0.859 ms max=10.075 ms
Treino por epoca: count=100 total=655693.69 ms avg=6556.937 ms min=6527.201 ms max=6844.489 ms
Treino por batch: count=26900 total=653827.852 ms avg=24.306 ms min=15.389 ms max=29.931 ms
Transferencia CPU/GPU no treino: count=26900 total=22346.275 ms avg=0.831 ms min=0.504 ms max=6.315 ms
Processamento GPU no treino: count=26900 total=628862.813 ms avg=23.378 ms min=14.766 ms max=24.781 ms
Leitura de batch de predicao: count=337 total=3096.324 ms avg=9.188 ms min=0.961 ms max=15.55 ms
Predicao por batch: count=337 total=2187.377 ms avg=6.491 ms min=0.412 ms max=21.302 ms
Transferencia CPU/GPU na predicao: count=337 total=286.138 ms avg=0.849 ms min=0.069 ms max=1.157 ms
Processamento GPU na predicao: count=337 total=1103.5 ms avg=3.274 ms min=0.186 ms max=3.441 ms
Transferencia GPU/CPU na predicao: count=337 total=104.312 ms avg=0.31 ms min=0.021 ms max=0.484 ms
