Carregando dataset preparado...
Amostras: 11000000, Features: 28
Treino: 8803090, Teste: 2196910
Batch size: 32768
Batches treino: 269, teste: 68
Topologia: [28, 256, 128, 1]

Treinando 100 epochs com lr=0.01...
Epoch 100/100 concluida

--- Resultados finais ---
Acuracia (treino) : 62.77%
Acuracia (teste)  : 62.75%
Precisao : 0.6284
Recall   : 0.7261
F1-Score : 0.6737
Matriz:
  Real 0: TN=533475  FP=499645
  Real 1: FN=318775  TP=845015
Tempo treino: 652.869s

--- Tempos internos do backpropagation ---
Preparacao do dataset: count=1 total=3.282 ms avg=3.282 ms min=3.282 ms max=3.282 ms
Materializacao dos batches: count=1 total=1.654 ms avg=1.654 ms min=1.654 ms max=1.654 ms
Inicializacao do modelo: count=1 total=323.075 ms avg=323.075 ms min=323.075 ms max=323.075 ms
Leitura de batch de treino: count=26900 total=37404.302 ms avg=1.39 ms min=0.67 ms max=5.634 ms
Treino por epoca: count=100 total=652868.574 ms avg=6528.686 ms min=6510.522 ms max=6558.032 ms
Treino por batch: count=26900 total=651347.882 ms avg=24.214 ms min=15.362 ms max=27.353 ms
Transferencia CPU/GPU no treino: count=26900 total=19985.061 ms avg=0.743 ms min=0.491 ms max=2.444 ms
Processamento GPU no treino: count=26900 total=629278.095 ms avg=23.393 ms min=14.788 ms max=24.653 ms
Leitura de batch de predicao: count=337 total=2932.351 ms avg=8.701 ms min=0.665 ms max=17.911 ms
Predicao por batch: count=337 total=2169.254 ms avg=6.437 ms min=0.411 ms max=15.332 ms
Transferencia CPU/GPU na predicao: count=337 total=243.78 ms avg=0.723 ms min=0.059 ms max=3.231 ms
Processamento GPU na predicao: count=337 total=1111.473 ms avg=3.298 ms min=0.187 ms max=3.469 ms
Transferencia GPU/CPU na predicao: count=337 total=71.152 ms avg=0.211 ms min=0.018 ms max=0.339 ms
