Carregando dataset preparado...
Amostras: 11000000, Features: 28
Treino: 8803090, Teste: 2196910
Batch size: 32768
Batches treino: 269, teste: 68
Topologia: [28, 256, 128, 1]

Treinando 100 epochs com lr=0.01...
Epoch 100/100 concluida

--- Resultados finais ---
Acuracia (treino) : 62.77%
Acuracia (teste)  : 62.75%
Precisao : 0.6284
Recall   : 0.7261
F1-Score : 0.6737
Matriz:
  Real 0: TN=533468  FP=499652
  Real 1: FN=318771  TP=845019
Tempo treino: 653.153s

--- Tempos internos do backpropagation ---
Preparacao do dataset: count=1 total=3.242 ms avg=3.242 ms min=3.242 ms max=3.242 ms
Materializacao dos batches: count=1 total=1.504 ms avg=1.504 ms min=1.504 ms max=1.504 ms
Inicializacao do modelo: count=1 total=314.075 ms avg=314.075 ms min=314.075 ms max=314.075 ms
Leitura de batch de treino: count=26900 total=37605.477 ms avg=1.398 ms min=0.705 ms max=9.466 ms
Treino por epoca: count=100 total=653152.184 ms avg=6531.522 ms min=6504.792 ms max=6713.656 ms
Treino por batch: count=26900 total=651746.662 ms avg=24.229 ms min=15.42 ms max=29.351 ms
Transferencia CPU/GPU no treino: count=26900 total=20773.424 ms avg=0.772 ms min=0.49 ms max=6.702 ms
Processamento GPU no treino: count=26900 total=629117.922 ms avg=23.387 ms min=14.846 ms max=24.928 ms
Leitura de batch de predicao: count=337 total=2902.011 ms avg=8.611 ms min=1.273 ms max=16.045 ms
Predicao por batch: count=337 total=2067.994 ms avg=6.136 ms min=0.387 ms max=20.937 ms
Transferencia CPU/GPU na predicao: count=337 total=239.014 ms avg=0.709 ms min=0.061 ms max=3.126 ms
Processamento GPU na predicao: count=337 total=1112.279 ms avg=3.301 ms min=0.186 ms max=3.461 ms
Transferencia GPU/CPU na predicao: count=337 total=71.505 ms avg=0.212 ms min=0.019 ms max=0.255 ms
