==> poly_hok
     warning: the following pattern will never match:

         ref =
           case type do
             {:f, 32} ->
               create_gpu_array_nx_nif(array, l, c, List.Chars.to_charlist("float"))
         
             {:f, 64} ->
               create_gpu_array_nx_nif(array, l, c, List.Chars.to_charlist("double"))
         
             {:s, 32} ->
               create_gpu_array_nx_nif(array, l, c, List.Chars.to_charlist("int"))
         
             x ->
               raise RuntimeError.exception(
                       <<"new_gnx: type ", String.Chars.to_string(x)::binary, " not suported">>
                     )
           end

     because the right-hand side has type:

         none()

     where "array" was given the type:

         # type: dynamic()
         # from: lib/poly_hok.ex:266:36
         %Nx.BinaryBackend{state: array} = data

     where "c" was given the type:

         # type: dynamic()
         # from: lib/poly_hok.ex:269:9
         {l, c} =
           case shape do
             {c} -> {1, c}
             {l, c} -> {l, c}
             {l1, l2, c} -> {l1 * l2, c}
           end

     where "l" was given the type:

         # type: dynamic()
         # from: lib/poly_hok.ex:269:9
         {l, c} =
           case shape do
             {c} -> {1, c}
             {l, c} -> {l, c}
             {l1, l2, c} -> {l1 * l2, c}
           end

     where "type" was given the type:

         # type: dynamic()
         # from: lib/poly_hok.ex:265:13
         %Nx.Tensor{data: data, type: type, shape: shape, names: name}

     where "x" was given the type:

         # type: dynamic()
         # from: lib/poly_hok.ex:278:6
         x

     typing violation found at:
     │
 274 │   ref  = case type do
     │        ~
     │
     └─ (poly_hok 0.1.0) lib/poly_hok.ex:274:8: PolyHok.new_gnx/1

     warning: the following pattern will never match:

         ref = create_gpu_array_nx_nif(z, l, c, List.Chars.to_charlist("float"))

     because the right-hand side has type:

         none()

     where "c" was given the type:

         # type: integer()
         # from: lib/poly_hok.ex:284:38
         <<..., c::integer-little-unsigned-size(32), ...>>

     where "l" was given the type:

         # type: integer()
         # from: lib/poly_hok.ex:284:8
         <<l::integer-little-unsigned-size(32), ...>>

     where "z" was given the type:

         # type: binary()
         # from: lib/poly_hok.ex:284:68
         <<..., z::binary>>

     typing violation found at:
     │
 285 │     ref = create_gpu_array_nx_nif(z,l,c,Kernel.to_charlist("float"))
     │         ~
     │
     └─ (poly_hok 0.1.0) lib/poly_hok.ex:285:9: PolyHok.new_gnx/1

     warning: the following pattern will never match:

         ref =
           case type do
             {:f, 32} ->
               new_gpu_array_nif(l, c, List.Chars.to_charlist("float"))
         
             {:f, 64} ->
               new_gpu_array_nif(l, c, List.Chars.to_charlist("double"))
         
             {:s, 32} ->
               new_gpu_array_nif(l, c, List.Chars.to_charlist("int"))
         
             x ->
               raise RuntimeError.exception(
                       <<"new_gnx: type ", String.Chars.to_string(x)::binary, " not suported">>
                     )
           end

     because the right-hand side has type:

         none()

     where "c" was given the type:

         # type: dynamic()
         # from: lib/poly_hok.ex:288:15
         c

     where "l" was given the type:

         # type: dynamic()
         # from: lib/poly_hok.ex:288:13
         l

     where "type" was given the type:

         # type: dynamic()
         # from: lib/poly_hok.ex:288:17
         type

     where "x" was given the type:

         # type: dynamic()
         # from: lib/poly_hok.ex:294:5
         x

     typing violation found at:
     │
 290 │   ref = case type do
     │       ~
     │
     └─ (poly_hok 0.1.0) lib/poly_hok.ex:290:7: PolyHok.new_gnx/3

     warning: the following pattern will never match:

         ref =
           case type do
             {:f, 32} ->
               new_gpu_array_nif(l, c, List.Chars.to_charlist("float"))
         
             {:f, 64} ->
               new_gpu_array_nif(l, c, List.Chars.to_charlist("double"))
         
             {:s, 32} ->
               new_gpu_array_nif(l, c, List.Chars.to_charlist("int"))
         
             x ->
               raise RuntimeError.exception(
                       <<"new_gnx: type ", String.Chars.to_string(x)::binary, " not suported">>
                     )
           end

     because the right-hand side has type:

         none()

     where "c" was given the type:

         # type: dynamic()
         # from: lib/poly_hok.ex:299:13
         {c}

     where "l" was given the type:

         # type: integer()
         # from: lib/poly_hok.ex:300:5
         l = 1

     where "type" was given the type:

         # type: dynamic()
         # from: lib/poly_hok.ex:299:17
         type

     where "x" was given the type:

         # type: dynamic()
         # from: lib/poly_hok.ex:306:6
         x

     typing violation found at:
     │
 302 │    ref = case type do
     │        ~
     │
     └─ (poly_hok 0.1.0) lib/poly_hok.ex:302:8: PolyHok.new_gnx/2

     warning: the following pattern will never match:

         ref =
           case type do
             {:f, 32} ->
               new_gpu_array_nif(l, c, List.Chars.to_charlist("float"))
         
             {:f, 64} ->
               new_gpu_array_nif(l, c, List.Chars.to_charlist("double"))
         
             {:s, 32} ->
               new_gpu_array_nif(l, c, List.Chars.to_charlist("int"))
         
             x ->
               raise RuntimeError.exception(
                       <<"new_gnx: type ", String.Chars.to_string(x)::binary, " not suported">>
                     )
           end

     because the right-hand side has type:

         none()

     where "c" was given the type:

         # type: dynamic()
         # from: lib/poly_hok.ex
         {l, c}

     where "l" was given the type:

         # type: dynamic()
         # from: lib/poly_hok.ex
         {l, c}

     where "type" was given the type:

         # type: dynamic()
         # from: lib/poly_hok.ex:311:19
         type

     where "x" was given the type:

         # type: dynamic()
         # from: lib/poly_hok.ex:317:6
         x

     typing violation found at:
     │
 313 │    ref = case type do
     │        ~
     │
     └─ (poly_hok 0.1.0) lib/poly_hok.ex:313:8: PolyHok.new_gnx/2

     warning: the following pattern will never match:

         ref =
           case type do
             {:f, 32} ->
               new_gpu_array_nif(l, c, List.Chars.to_charlist("float"))
         
             {:f, 64} ->
               new_gpu_array_nif(l, c, List.Chars.to_charlist("double"))
         
             {:s, 32} ->
               new_gpu_array_nif(l, c, List.Chars.to_charlist("int"))
         
             x ->
               raise RuntimeError.exception(
                       <<"new_gnx: type ", String.Chars.to_string(x)::binary, " not suported">>
                     )
           end

     because the right-hand side has type:

         none()

     where "c" was given the type:

         # type: dynamic()
         # from: lib/poly_hok.ex:323:9
         {l, c} = {d1 * d2, d3}

     where "l" was given the type:

         # type: dynamic(float() or integer())
         # from: lib/poly_hok.ex:323:9
         {l, c} = {d1 * d2, d3}

     where "type" was given the type:

         # type: dynamic()
         # from: lib/poly_hok.ex:322:25
         type

     where "x" was given the type:

         # type: dynamic()
         # from: lib/poly_hok.ex:328:5
         x

     typing violation found at:
     │
 324 │   ref = case type do
     │       ~
     │
     └─ (poly_hok 0.1.0) lib/poly_hok.ex:324:7: PolyHok.new_gnx/2

     warning: the following pattern will never match:

         bin = get_gpu_array_nif(ref, rows, columns, List.Chars.to_charlist("float"))

     because the right-hand side has type:

         none()

     where "columns" was given the type:

         # type: dynamic()
         # from: lib/poly_hok.ex:334:13
         {:matrex, ref, {rows, columns}}

     where "ref" was given the type:

         # type: dynamic()
         # from: lib/poly_hok.ex:334:13
         {:matrex, ref, {rows, columns}}

     where "rows" was given the type:

         # type: dynamic()
         # from: lib/poly_hok.ex:334:13
         {:matrex, ref, {rows, columns}}

     typing violation found at:
     │
 335 │   bin = get_gpu_array_nif(ref,rows,columns,Kernel.to_charlist("float"))
     │       ~
     │
     └─ (poly_hok 0.1.0) lib/poly_hok.ex:335:7: PolyHok.get_gnx/1

     warning: the following pattern will never match:

         ref =
           case type do
             {:f, 32} ->
               get_gpu_array_nif(ref, l, c, List.Chars.to_charlist("float"))
         
             {:f, 64} ->
               get_gpu_array_nif(ref, l, c, List.Chars.to_charlist("double"))
         
             {:s, 32} ->
               get_gpu_array_nif(ref, l, c, List.Chars.to_charlist("int"))
         
             x ->
               raise RuntimeError.exception(
                       <<"new_gnx: type ", String.Chars.to_string(x)::binary, " not suported">>
                     )
           end

     because the right-hand side has type:

         none()

     where "c" was given the type:

         # type: dynamic()
         # from: lib/poly_hok.ex:341:9
         {l, c} =
           case shape do
             {c} -> {1, c}
             {l, c} -> {l, c}
             {d1, d2, d3} -> {d1 * d2, d3}
           end

     where "l" was given the type:

         # type: dynamic()
         # from: lib/poly_hok.ex:341:9
         {l, c} =
           case shape do
             {c} -> {1, c}
             {l, c} -> {l, c}
             {d1, d2, d3} -> {d1 * d2, d3}
           end

     where "ref" was given the type:

         # type: dynamic()
         # from: lib/poly_hok.ex:339:13
         {:nx, type, shape, name, ref}

     where "type" was given the type:

         # type: dynamic()
         # from: lib/poly_hok.ex:339:13
         {:nx, type, shape, name, ref}

     where "x" was given the type:

         # type: dynamic()
         # from: lib/poly_hok.ex:350:5
         x

     typing violation found at:
     │
 346 │   ref = case type do
     │       ~
     │
     └─ (poly_hok 0.1.0) lib/poly_hok.ex:346:7: PolyHok.get_gnx/1

     warning: the following pattern will never match:

         ref =
           case type do
             {:f, 32} ->
               create_nx_ref_nif(array, l, c, List.Chars.to_charlist("float"))
         
             {:f, 64} ->
               create_nx_ref_nif(array, l, c, List.Chars.to_charlist("double"))
         
             {:s, 32} ->
               create_nx_ref_nif(array, l, c, List.Chars.to_charlist("int"))
         
             x ->
               raise RuntimeError.exception(
                       <<"new_gmatrex: type ", String.Chars.to_string(x)::binary, " not suported">>
                     )
           end

     because the right-hand side has type:

         none()

     where "array" was given the type:

         # type: dynamic()
         # from: lib/poly_hok.ex:485:36
         %Nx.BinaryBackend{state: array} = data

     where "c" was given the type:

         # type: dynamic()
         # from: lib/poly_hok.ex:488:9
         {l, c} =
           case shape do
             {c} -> {1, c}
             {l, c} -> {l, c}
           end

     where "l" was given the type:

         # type: dynamic()
         # from: lib/poly_hok.ex:488:9
         {l, c} =
           case shape do
             {c} -> {1, c}
             {l, c} -> {l, c}
           end

     where "type" was given the type:

         # type: dynamic()
         # from: lib/poly_hok.ex:484:15
         %Nx.Tensor{data: data, type: type, shape: shape, names: name}

     where "x" was given the type:

         # type: dynamic()
         # from: lib/poly_hok.ex:496:6
         x

     typing violation found at:
     │
 492 │   ref = case type do
     │       ~
     │
     └─ (poly_hok 0.1.0) lib/poly_hok.ex:492:7: PolyHok.new_gnx_/1

     warning: the following pattern will never match:

         ref =
           case type do
             {:f, 32} ->
               new_gpu_nx_nif(l, c, List.Chars.to_charlist("float"))
         
             {:f, 64} ->
               new_gpu_nx_nif(l, c, List.Chars.to_charlist("double"))
         
             {:s, 32} ->
               new_gpu_nx_nif(l, c, List.Chars.to_charlist("int"))
         
             x ->
               raise RuntimeError.exception(
                       <<"new_gmatrex: type ", String.Chars.to_string(x)::binary, " not suported">>
                     )
           end

     because the right-hand side has type:

         none()

     where "c" was given the type:

         # type: dynamic()
         # from: lib/poly_hok.ex:500:16
         c

     where "l" was given the type:

         # type: dynamic()
         # from: lib/poly_hok.ex:500:14
         l

     where "type" was given the type:

         # type: dynamic()
         # from: lib/poly_hok.ex:500:18
         type

     where "x" was given the type:

         # type: dynamic()
         # from: lib/poly_hok.ex:506:5
         x

     typing violation found at:
     │
 502 │   ref = case type do
     │       ~
     │
     └─ (poly_hok 0.1.0) lib/poly_hok.ex:502:7: PolyHok.new_gnx_/3

     warning: the following pattern will never match:

         ref =
           case type do
             {:f, 32} ->
               get_nx_nif(ref, l, c, List.Chars.to_charlist("float"))
         
             {:f, 64} ->
               get_nx_nif(ref, l, c, List.Chars.to_charlist("double"))
         
             {:s, 32} ->
               get_nx_nif(ref, l, c, List.Chars.to_charlist("int"))
         
             x ->
               raise RuntimeError.exception(
                       <<"new_gnx: type ", String.Chars.to_string(x)::binary, " not suported">>
                     )
           end

     because the right-hand side has type:

         none()

     where "c" was given the type:

         # type: dynamic()
         # from: lib/poly_hok.ex:513:9
         {l, c} = shape

     where "l" was given the type:

         # type: dynamic()
         # from: lib/poly_hok.ex:513:9
         {l, c} = shape

     where "ref" was given the type:

         # type: dynamic()
         # from: lib/poly_hok.ex:512:14
         {:nx, type, shape, name, ref}

     where "type" was given the type:

         # type: dynamic()
         # from: lib/poly_hok.ex:512:14
         {:nx, type, shape, name, ref}

     where "x" was given the type:

         # type: dynamic()
         # from: lib/poly_hok.ex:518:5
         x

     typing violation found at:
     │
 514 │   ref = case type do
     │       ~
     │
     └─ (poly_hok 0.1.0) lib/poly_hok.ex:514:7: PolyHok.get_gnx_/1

     warning: the following pattern will never match:

         ref = create_ref_nif(matrix)

     because the right-hand side has type:

         none()

     where "matrix" was given the type:

         # type: dynamic()
         # from: lib/poly_hok.ex:554:39
         %Matrex{data: matrix} = a

     typing violation found at:
     │
 555 │   ref=create_ref_nif(matrix)
     │      ~
     │
     └─ (poly_hok 0.1.0) lib/poly_hok.ex:555:6: PolyHok.new_gmatrex/1

     warning: the following pattern will never match:

         ref =
           case type do
             {:f, 32} ->
               create_nx_ref_nif(array, l, c, List.Chars.to_charlist("float"))
         
             {:f, 64} ->
               create_nx_ref_nif(array, l, c, List.Chars.to_charlist("double"))
         
             {:s, 32} ->
               create_nx_ref_nif(array, l, c, List.Chars.to_charlist("int"))
         
             x ->
               raise RuntimeError.exception(
                       <<"new_gmatrex: type ", String.Chars.to_string(x)::binary, " not suported">>
                     )
           end

     because the right-hand side has type:

         none()

     where "array" was given the type:

         # type: dynamic()
         # from: lib/poly_hok.ex:560:36
         %Nx.BinaryBackend{state: array} = data

     where "c" was given the type:

         # type: dynamic()
         # from: lib/poly_hok.ex:561:9
         {l, c} = shape

     where "l" was given the type:

         # type: dynamic()
         # from: lib/poly_hok.ex:561:9
         {l, c} = shape

     where "type" was given the type:

         # type: dynamic()
         # from: lib/poly_hok.ex:559:18
         %Nx.Tensor{data: data, type: type, shape: shape, names: name}

     where "x" was given the type:

         # type: dynamic()
         # from: lib/poly_hok.ex:566:6
         x

     typing violation found at:
     │
 562 │   ref = case type do
     │       ~
     │
     └─ (poly_hok 0.1.0) lib/poly_hok.ex:562:7: PolyHok.new_gmatrex/1

     warning: the following pattern will never match:

         ref = new_gmatrex_pinned_nif(array)

     because the right-hand side has type:

         none()

     where "array" was given the type:

         # type: dynamic()
         # from: lib/poly_hok.ex
         {array, {l, c}}

     typing violation found at:
     │
 571 │   ref=new_gmatrex_pinned_nif(array)
     │      ~
     │
     └─ (poly_hok 0.1.0) lib/poly_hok.ex:571:6: PolyHok.new_gmatrex/1

     warning: the following pattern will never match:

         ref = new_ref_nif(c)

     because the right-hand side has type:

         none()

     where "c" was given the type:

         # type: dynamic()
         # from: lib/poly_hok.ex:575:19
         c

     typing violation found at:
     │
 576 │   ref=new_ref_nif(c)
     │      ~
     │
     └─ (poly_hok 0.1.0) lib/poly_hok.ex:576:6: PolyHok.new_gmatrex/2

     warning: the following pattern will never match:

         ref = new_ref_nif(size)

     because the right-hand side has type:

         none()

     where "size" was given the type:

         # type: dynamic()
         # from: lib/poly_hok.ex:591:13
         size

     typing violation found at:
     │
 592 │ ref=new_ref_nif(size)
     │    ~
     │
     └─ (poly_hok 0.1.0) lib/poly_hok.ex:592:4: PolyHok.new_ref/1

     warning: the following pattern will never match:

         pk = load(k)

     because the right-hand side has type:

         none()

     where "k" was given the type:

         # type: dynamic()
         # from: lib/poly_hok.ex:923:14
         {:func, k, type}

     typing violation found at:
     │
 939 │     pk=load(k)
     │       ~
     │
     └─ (poly_hok 0.1.0) lib/poly_hok.ex:939:7: PolyHok.spawn_st/4

     warning: the following pattern will never match:

         pk = load(k)

     because the right-hand side has type:

         none()

     where "k" was given the type:

         # type: dynamic()
         # from: lib/poly_hok.ex:944:14
         k

     typing violation found at:
     │
 959 │     pk=load(k)
     │       ~
     │
     └─ (poly_hok 0.1.0) lib/poly_hok.ex:959:7: PolyHok.spawn_st/4

     warning: the following pattern will never match:

         r =
           PolyHok.load_kernel_nif(
             List.Chars.to_charlist("Elixir.App"),
             List.Chars.to_charlist(<<String.Chars.to_string(fname)::binary>>)
           )

     because the right-hand side has type:

         none()

     where "fname" was given the type:

         # type: binary()
         # from: lib/poly_hok/JIT.ex:534:9
         fname = <<"ker_", PolyHok.CudaBackend.gen_lambda_name()::binary>>

     typing violation found at:
     │
 558 │     r = PolyHok.load_kernel_nif(to_charlist("Elixir.App"),to_charlist("#{fname}"))
     │       ~
     │
     └─ (poly_hok 0.1.0) lib/poly_hok/JIT.ex:558:7: JIT.gen_jit_kernel_load/3

Carregando dataset preparado...
Amostras: 11000000, Features: 28
Treino: 8803090, Teste: 2196910
Batch size: 32768
Batches treino: 269, teste: 68
Topologia: [28, 256, 128, 1]

Treinando 100 epochs com lr=0.01...
Epoch 100/100 concluida

--- Resultados finais ---
Acuracia (treino) : 62.77%
Acuracia (teste)  : 62.75%
Precisao : 0.6284
Recall   : 0.7261
F1-Score : 0.6737
Matriz:
  Real 0: TN=533469  FP=499651
  Real 1: FN=318775  TP=845015
Tempo treino: 706.014s

--- Tempos internos do backpropagation ---
Preparacao do dataset: count=1 total=3.892 ms avg=3.892 ms min=3.892 ms max=3.892 ms
Materializacao dos batches: count=1 total=2.267 ms avg=2.267 ms min=2.267 ms max=2.267 ms
Inicializacao do modelo: count=1 total=459.077 ms avg=459.077 ms min=459.077 ms max=459.077 ms
Leitura de batch de treino: count=26900 total=73854.517 ms avg=2.746 ms min=1.327 ms max=48.524 ms
Treino por epoca: count=100 total=706013.57 ms avg=7060.136 ms min=6984.329 ms max=7259.819 ms
Treino por batch: count=26900 total=704763.454 ms avg=26.199 ms min=14.988 ms max=222.455 ms
Transferencia CPU/GPU no treino: count=26900 total=28724.443 ms avg=1.068 ms min=0.668 ms max=46.778 ms
Processamento GPU no treino: count=26900 total=675730.268 ms avg=25.12 ms min=14.279 ms max=221.444 ms
Leitura de batch de predicao: count=337 total=4113.625 ms avg=12.207 ms min=0.679 ms max=31.763 ms
Predicao por batch: count=337 total=6020.309 ms avg=17.864 ms min=8.363 ms max=34.214 ms
Transferencia CPU/GPU na predicao: count=337 total=443.768 ms avg=1.317 ms min=0.167 ms max=16.738 ms
Processamento GPU na predicao: count=337 total=1750.457 ms avg=5.194 ms min=0.438 ms max=12.875 ms
Transferencia GPU/CPU na predicao: count=337 total=3820.488 ms avg=11.337 ms min=4.525 ms max=28.572 ms
